[     963ms] [INFO] %cDownload the React DevTools for a better development experience: https://react.dev/link/react-devtools font-weight:bold @ http://localhost:3142/_next/static/chunks/0bl2_next_dist_126uayc._.js:2477
[    1020ms] [LOG] [HMR] connected @ http://localhost:3142/_next/static/chunks/0bl2_next_dist_126uayc._.js:2477
[    2662ms] [LOG] [Chart] data effect {candles: 0, series: true, volume: true, markers: 20} @ http://localhost:3142/_next/static/chunks/0bl2_next_dist_126uayc._.js:2477
[    2672ms] [LOG] [Chart] data effect {candles: 0, series: true, volume: true, markers: 20} @ http://localhost:3142/_next/static/chunks/0bl2_next_dist_126uayc._.js:2477
[    3009ms] [LOG] [Chart] data effect {candles: 500, series: true, volume: true, markers: 20} @ http://localhost:3142/_next/static/chunks/0bl2_next_dist_126uayc._.js:2477
[    4700ms] [LOG] [Chart] data effect {candles: 501, series: true, volume: true, markers: 20} @ http://localhost:3142/_next/static/chunks/0bl2_next_dist_126uayc._.js:2477
[    6684ms] [LOG] [Chart] data effect {candles: 501, series: true, volume: true, markers: 20} @ http://localhost:3142/_next/static/chunks/0bl2_next_dist_126uayc._.js:2477
[    8742ms] [LOG] [Chart] data effect {candles: 501, series: true, volume: true, markers: 20} @ http://localhost:3142/_next/static/chunks/0bl2_next_dist_126uayc._.js:2477
[   10704ms] [LOG] [Chart] data effect {candles: 502, series: true, volume: true, markers: 20} @ http://localhost:3142/_next/static/chunks/0bl2_next_dist_126uayc._.js:2477
[   12666ms] [LOG] [Chart] data effect {candles: 502, series: true, volume: true, markers: 20} @ http://localhost:3142/_next/static/chunks/0bl2_next_dist_126uayc._.js:2477
[   14690ms] [LOG] [Chart] data effect {candles: 502, series: true, volume: true, markers: 20} @ http://localhost:3142/_next/static/chunks/0bl2_next_dist_126uayc._.js:2477
[   16689ms] [LOG] [Chart] data effect {candles: 502, series: true, volume: true, markers: 20} @ http://localhost:3142/_next/static/chunks/0bl2_next_dist_126uayc._.js:2477
[   18670ms] [LOG] [Chart] data effect {candles: 502, series: true, volume: true, markers: 20} @ http://localhost:3142/_next/static/chunks/0bl2_next_dist_126uayc._.js:2477
[   20688ms] [LOG] [Chart] data effect {candles: 502, series: true, volume: true, markers: 20} @ http://localhost:3142/_next/static/chunks/0bl2_next_dist_126uayc._.js:2477
[   22683ms] [LOG] [Chart] data effect {candles: 502, series: true, volume: true, markers: 20} @ http://localhost:3142/_next/static/chunks/0bl2_next_dist_126uayc._.js:2477
[   24792ms] [LOG] [Chart] data effect {candles: 502, series: true, volume: true, markers: 20} @ http://localhost:3142/_next/static/chunks/0bl2_next_dist_126uayc._.js:2477
[   26735ms] [LOG] [Chart] data effect {candles: 502, series: true, volume: true, markers: 20} @ http://localhost:3142/_next/static/chunks/0bl2_next_dist_126uayc._.js:2477
[   28672ms] [LOG] [Chart] data effect {candles: 502, series: true, volume: true, markers: 20} @ http://localhost:3142/_next/static/chunks/0bl2_next_dist_126uayc._.js:2477
[   30750ms] [LOG] [Chart] data effect {candles: 502, series: true, volume: true, markers: 20} @ http://localhost:3142/_next/static/chunks/0bl2_next_dist_126uayc._.js:2477
[   32690ms] [LOG] [Chart] data effect {candles: 502, series: true, volume: true, markers: 20} @ http://localhost:3142/_next/static/chunks/0bl2_next_dist_126uayc._.js:2477
[   34747ms] [LOG] [Chart] data effect {candles: 502, series: true, volume: true, markers: 20} @ http://localhost:3142/_next/static/chunks/0bl2_next_dist_126uayc._.js:2477
[   36860ms] [LOG] [Chart] data effect {candles: 502, series: true, volume: true, markers: 20} @ http://localhost:3142/_next/static/chunks/0bl2_next_dist_126uayc._.js:2477
[   38669ms] [LOG] [Chart] data effect {candles: 502, series: true, volume: true, markers: 20} @ http://localhost:3142/_next/static/chunks/0bl2_next_dist_126uayc._.js:2477
[   40836ms] [LOG] [Chart] data effect {candles: 502, series: true, volume: true, markers: 20} @ http://localhost:3142/_next/static/chunks/0bl2_next_dist_126uayc._.js:2477
[   42768ms] [LOG] [Chart] data effect {candles: 502, series: true, volume: true, markers: 20} @ http://localhost:3142/_next/static/chunks/0bl2_next_dist_126uayc._.js:2477
[   44848ms] [LOG] [Chart] data effect {candles: 502, series: true, volume: true, markers: 20} @ http://localhost:3142/_next/static/chunks/0bl2_next_dist_126uayc._.js:2477
[   46660ms] [LOG] [Chart] data effect {candles: 502, series: true, volume: true, markers: 20} @ http://localhost:3142/_next/static/chunks/0bl2_next_dist_126uayc._.js:2477
[   48668ms] [LOG] [Chart] data effect {candles: 502, series: true, volume: true, markers: 20} @ http://localhost:3142/_next/static/chunks/0bl2_next_dist_126uayc._.js:2477
[   50672ms] [LOG] [Chart] data effect {candles: 502, series: true, volume: true, markers: 20} @ http://localhost:3142/_next/static/chunks/0bl2_next_dist_126uayc._.js:2477
[   52686ms] [LOG] [Chart] data effect {candles: 502, series: true, volume: true, markers: 20} @ http://localhost:3142/_next/static/chunks/0bl2_next_dist_126uayc._.js:2477
[   54662ms] [LOG] [Chart] data effect {candles: 502, series: true, volume: true, markers: 20} @ http://localhost:3142/_next/static/chunks/0bl2_next_dist_126uayc._.js:2477
[   56069ms] A listener indicated an asynchronous response by returning true, but the message channel closed before a response was received
[   56069ms] A listener indicated an asynchronous response by returning true, but the message channel closed before a response was received
[   56069ms] A listener indicated an asynchronous response by returning true, but the message channel closed before a response was received
[   56069ms] A listener indicated an asynchronous response by returning true, but the message channel closed before a response was received
[   56690ms] [LOG] [Chart] data effect {candles: 502, series: true, volume: true, markers: 20} @ http://localhost:3142/_next/static/chunks/0bl2_next_dist_126uayc._.js:2477
[   58680ms] [LOG] [Chart] data effect {candles: 502, series: true, volume: true, markers: 20} @ http://localhost:3142/_next/static/chunks/0bl2_next_dist_126uayc._.js:2477
[   60717ms] [LOG] [Chart] data effect {candles: 502, series: true, volume: true, markers: 20} @ http://localhost:3142/_next/static/chunks/0bl2_next_dist_126uayc._.js:2477
[   62694ms] [LOG] [Chart] data effect {candles: 502, series: true, volume: true, markers: 20} @ http://localhost:3142/_next/static/chunks/0bl2_next_dist_126uayc._.js:2477
[   64701ms] [LOG] [Chart] data effect {candles: 502, series: true, volume: true, markers: 20} @ http://localhost:3142/_next/static/chunks/0bl2_next_dist_126uayc._.js:2477
[   66676ms] [LOG] [Chart] data effect {candles: 502, series: true, volume: true, markers: 20} @ http://localhost:3142/_next/static/chunks/0bl2_next_dist_126uayc._.js:2477
[   68759ms] [LOG] [Chart] data effect {candles: 502, series: true, volume: true, markers: 20} @ http://localhost:3142/_next/static/chunks/0bl2_next_dist_126uayc._.js:2477
[   70704ms] [LOG] [Chart] data effect {candles: 503, series: true, volume: true, markers: 20} @ http://localhost:3142/_next/static/chunks/0bl2_next_dist_126uayc._.js:2477
[   72687ms] [LOG] [Chart] data effect {candles: 503, series: true, volume: true, markers: 20} @ http://localhost:3142/_next/static/chunks/0bl2_next_dist_126uayc._.js:2477
[   74663ms] [LOG] [Chart] data effect {candles: 503, series: true, volume: true, markers: 20} @ http://localhost:3142/_next/static/chunks/0bl2_next_dist_126uayc._.js:2477
