[    1362ms] [INFO] %cDownload the React DevTools for a better development experience: https://react.dev/link/react-devtools font-weight:bold @ http://localhost:3142/_next/static/chunks/0bl2_next_dist_126uayc._.js:2477
[    1585ms] [LOG] [HMR] connected @ http://localhost:3142/_next/static/chunks/0bl2_next_dist_126uayc._.js:2477
[   22693ms] A listener indicated an asynchronous response by returning true, but the message channel closed before a response was received
[   22695ms] A listener indicated an asynchronous response by returning true, but the message channel closed before a response was received
[   22695ms] A listener indicated an asynchronous response by returning true, but the message channel closed before a response was received
[   22695ms] A listener indicated an asynchronous response by returning true, but the message channel closed before a response was received
[   75363ms] [WARNING] Canvas2D: Multiple readback operations using getImageData are faster with the willReadFrequently attribute set to true. See: https://html.spec.whatwg.org/multipage/canvas.html#concept-canvas-will-read-frequently @ :13
[   75380ms] [WARNING] Canvas2D: Multiple readback operations using getImageData are faster with the willReadFrequently attribute set to true. See: https://html.spec.whatwg.org/multipage/canvas.html#concept-canvas-will-read-frequently @ :13
[   75397ms] [WARNING] Canvas2D: Multiple readback operations using getImageData are faster with the willReadFrequently attribute set to true. See: https://html.spec.whatwg.org/multipage/canvas.html#concept-canvas-will-read-frequently @ :13
[   75417ms] [WARNING] Canvas2D: Multiple readback operations using getImageData are faster with the willReadFrequently attribute set to true. See: https://html.spec.whatwg.org/multipage/canvas.html#concept-canvas-will-read-frequently @ :13
[   75436ms] [WARNING] Canvas2D: Multiple readback operations using getImageData are faster with the willReadFrequently attribute set to true. See: https://html.spec.whatwg.org/multipage/canvas.html#concept-canvas-will-read-frequently @ :13
[   75440ms] [WARNING] Canvas2D: Multiple readback operations using getImageData are faster with the willReadFrequently attribute set to true. See: https://html.spec.whatwg.org/multipage/canvas.html#concept-canvas-will-read-frequently @ :13
[   75444ms] [WARNING] Canvas2D: Multiple readback operations using getImageData are faster with the willReadFrequently attribute set to true. See: https://html.spec.whatwg.org/multipage/canvas.html#concept-canvas-will-read-frequently @ :13
[  467564ms] [LOG] [Fast Refresh] rebuilding @ http://localhost:3142/_next/static/chunks/0bl2_next_dist_126uayc._.js:2477
[  473890ms] [LOG] [Fast Refresh] done in 6434ms @ http://localhost:3142/_next/static/chunks/0bl2_next_dist_126uayc._.js:2477
[  473999ms] [LOG] [Fast Refresh] rebuilding @ http://localhost:3142/_next/static/chunks/0bl2_next_dist_126uayc._.js:2477
[  487708ms] [LOG] [Fast Refresh] done in 13815ms @ http://localhost:3142/_next/static/chunks/0bl2_next_dist_126uayc._.js:2477
[  487814ms] [LOG] [Fast Refresh] rebuilding @ http://localhost:3142/_next/static/chunks/0bl2_next_dist_126uayc._.js:2477
[  497179ms] [LOG] [Fast Refresh] done in 9466ms @ http://localhost:3142/_next/static/chunks/0bl2_next_dist_126uayc._.js:2477
[  497283ms] [LOG] [Fast Refresh] rebuilding @ http://localhost:3142/_next/static/chunks/0bl2_next_dist_126uayc._.js:2477
[  501246ms] [LOG] [Fast Refresh] done in 4064ms @ http://localhost:3142/_next/static/chunks/0bl2_next_dist_126uayc._.js:2477
[  501354ms] [LOG] [Fast Refresh] rebuilding @ http://localhost:3142/_next/static/chunks/0bl2_next_dist_126uayc._.js:2477
[  504070ms] [LOG] [Fast Refresh] done in 2822ms @ http://localhost:3142/_next/static/chunks/0bl2_next_dist_126uayc._.js:2477
[  504187ms] [LOG] [Fast Refresh] rebuilding @ http://localhost:3142/_next/static/chunks/0bl2_next_dist_126uayc._.js:2477
