[    2023ms] [INFO] %cDownload the React DevTools for a better development experience: https://react.dev/link/react-devtools font-weight:bold @ http://localhost:3142/_next/static/chunks/0bl2_next_dist_126uayc._.js:2477
[    2282ms] [LOG] [HMR] connected @ http://localhost:3142/_next/static/chunks/0bl2_next_dist_126uayc._.js:2477
[   26635ms] A listener indicated an asynchronous response by returning true, but the message channel closed before a response was received
[   26635ms] A listener indicated an asynchronous response by returning true, but the message channel closed before a response was received
[   26636ms] A listener indicated an asynchronous response by returning true, but the message channel closed before a response was received
[   26637ms] A listener indicated an asynchronous response by returning true, but the message channel closed before a response was received
[   26637ms] A listener indicated an asynchronous response by returning true, but the message channel closed before a response was received
[   26638ms] A listener indicated an asynchronous response by returning true, but the message channel closed before a response was received
[   67627ms] A listener indicated an asynchronous response by returning true, but the message channel closed before a response was received
[  450471ms] [ERROR] Failed to load resource: net::ERR_CONNECTION_RESET @ http://localhost:3142/api/manager/users/73a0e592-45df-40be-8088-304011f976a3/bots/strat-94a8d62b2c45cd28:0
[  450645ms] [ERROR] Failed to load resource: net::ERR_CONNECTION_RESET @ http://localhost:3142/api/manager/users/73a0e592-45df-40be-8088-304011f976a3/logs?mode=paper&tail=100:0
[  450647ms] [ERROR] Failed to load resource: net::ERR_CONNECTION_RESET @ http://localhost:3142/api/manager/users/73a0e592-45df-40be-8088-304011f976a3/bbgo/sessions?mode=paper:0
[  450649ms] [ERROR] Failed to load resource: net::ERR_CONNECTION_RESET @ http://localhost:3142/api/manager/users/73a0e592-45df-40be-8088-304011f976a3/bbgo/session/binance/open-orders?mode=paper:0
[  456082ms] [LOG] [HMR] connected @ http://localhost:3142/_next/static/chunks/0bl2_next_dist_126uayc._.js:2477
[  461912ms] [INFO] %cDownload the React DevTools for a better development experience: https://react.dev/link/react-devtools font-weight:bold @ http://localhost:3142/_next/static/chunks/0bl2_next_dist_126uayc._.js:2477
[  462073ms] [LOG] [HMR] connected @ http://localhost:3142/_next/static/chunks/0bl2_next_dist_126uayc._.js:2477
[  467699ms] A listener indicated an asynchronous response by returning true, but the message channel closed before a response was received
[  467700ms] A listener indicated an asynchronous response by returning true, but the message channel closed before a response was received
[  467700ms] A listener indicated an asynchronous response by returning true, but the message channel closed before a response was received
[  467700ms] A listener indicated an asynchronous response by returning true, but the message channel closed before a response was received
[ 1371182ms] [ERROR] Failed to load resource: the server responded with a status of 401 (Unauthorized) @ http://localhost:3142/api/manager/users/73a0e592-45df-40be-8088-304011f976a3/bbgo/session/binance/open-orders?mode=paper:0
[ 1376017ms] [ERROR] Failed to load resource: the server responded with a status of 401 (Unauthorized) @ http://localhost:3142/api/manager/users/73a0e592-45df-40be-8088-304011f976a3/bbgo/sessions?mode=paper:0
[ 1376047ms] [ERROR] Failed to load resource: the server responded with a status of 401 (Unauthorized) @ http://localhost:3142/api/manager/users/73a0e592-45df-40be-8088-304011f976a3/bbgo/trades?mode=paper&symbol=BTCUSDT:0
[ 1376071ms] [ERROR] Failed to load resource: the server responded with a status of 401 (Unauthorized) @ http://localhost:3142/api/manager/users/73a0e592-45df-40be-8088-304011f976a3/bots/strat-94a8d62b2c45cd28:0
[ 1376093ms] [ERROR] Failed to load resource: the server responded with a status of 401 (Unauthorized) @ http://localhost:3142/api/manager/users/73a0e592-45df-40be-8088-304011f976a3/logs?mode=paper&tail=100:0
[ 1386731ms] [ERROR] Failed to load resource: the server responded with a status of 401 (Unauthorized) @ http://localhost:3142/api/manager/users/73a0e592-45df-40be-8088-304011f976a3/bbgo/session/binance/balances?mode=paper:0
[ 1386755ms] [ERROR] Failed to load resource: the server responded with a status of 401 (Unauthorized) @ http://localhost:3142/api/manager/users/73a0e592-45df-40be-8088-304011f976a3/bbgo/ping?mode=paper:0
[ 1386792ms] [ERROR] Failed to load resource: the server responded with a status of 401 (Unauthorized) @ http://localhost:3142/api/manager/users/73a0e592-45df-40be-8088-304011f976a3/bbgo/strategies?mode=paper:0
[ 1387230ms] [ERROR] Failed to load resource: the server responded with a status of 401 (Unauthorized) @ http://localhost:3142/api/manager/users/73a0e592-45df-40be-8088-304011f976a3/bbgo/pnl?mode=paper&symbol=BTCUSDT:0
[ 1390325ms] [ERROR] Failed to load resource: the server responded with a status of 404 (Not Found) @ http://localhost:3142/user/login:0
[ 1390768ms] [INFO] %cDownload the React DevTools for a better development experience: https://react.dev/link/react-devtools font-weight:bold @ http://localhost:3142/_next/static/chunks/0bl2_next_dist_126uayc._.js:2477
[ 1390921ms] [LOG] [HMR] connected @ http://localhost:3142/_next/static/chunks/0bl2_next_dist_126uayc._.js:2477
[ 1405641ms] A listener indicated an asynchronous response by returning true, but the message channel closed before a response was received
[ 1405641ms] A listener indicated an asynchronous response by returning true, but the message channel closed before a response was received
[ 1405643ms] A listener indicated an asynchronous response by returning true, but the message channel closed before a response was received
[ 1405643ms] A listener indicated an asynchronous response by returning true, but the message channel closed before a response was received
[ 1405644ms] A listener indicated an asynchronous response by returning true, but the message channel closed before a response was received
