[    1037ms] [INFO] %cDownload the React DevTools for a better development experience: https://react.dev/link/react-devtools font-weight:bold @ http://localhost:3142/_next/static/chunks/0bl2_next_dist_126uayc._.js:2477
[    1081ms] [LOG] [HMR] connected @ http://localhost:3142/_next/static/chunks/0bl2_next_dist_126uayc._.js:2477
[    4866ms] [LOG] [Chart] data effect {candles: 500, series: true, volume: true, markers: 20} @ http://localhost:3142/_next/static/chunks/0bl2_next_dist_126uayc._.js:2477
[    4885ms] [LOG] [Chart] data effect {candles: 500, series: true, volume: true, markers: 20} @ http://localhost:3142/_next/static/chunks/0bl2_next_dist_126uayc._.js:2477
[    5186ms] [LOG] [Chart] data effect {candles: 501, series: true, volume: true, markers: 20} @ http://localhost:3142/_next/static/chunks/0bl2_next_dist_126uayc._.js:2477
[    5678ms] [LOG] [Chart] data effect {candles: 1001, series: true, volume: true, markers: 20} @ http://localhost:3142/_next/static/chunks/0bl2_next_dist_126uayc._.js:2477
[    7063ms] [LOG] [Chart] data effect {candles: 1001, series: true, volume: true, markers: 20} @ http://localhost:3142/_next/static/chunks/0bl2_next_dist_126uayc._.js:2477
[    9060ms] [LOG] [Chart] data effect {candles: 1001, series: true, volume: true, markers: 20} @ http://localhost:3142/_next/static/chunks/0bl2_next_dist_126uayc._.js:2477
[   11037ms] [LOG] [Chart] data effect {candles: 1001, series: true, volume: true, markers: 20} @ http://localhost:3142/_next/static/chunks/0bl2_next_dist_126uayc._.js:2477
[   13033ms] [LOG] [Chart] data effect {candles: 1001, series: true, volume: true, markers: 20} @ http://localhost:3142/_next/static/chunks/0bl2_next_dist_126uayc._.js:2477
[   15083ms] [LOG] [Chart] data effect {candles: 1001, series: true, volume: true, markers: 20} @ http://localhost:3142/_next/static/chunks/0bl2_next_dist_126uayc._.js:2477
[   17052ms] [LOG] [Chart] data effect {candles: 1001, series: true, volume: true, markers: 20} @ http://localhost:3142/_next/static/chunks/0bl2_next_dist_126uayc._.js:2477
[   19101ms] [LOG] [Chart] data effect {candles: 1001, series: true, volume: true, markers: 20} @ http://localhost:3142/_next/static/chunks/0bl2_next_dist_126uayc._.js:2477
[   21133ms] [LOG] [Chart] data effect {candles: 1001, series: true, volume: true, markers: 20} @ http://localhost:3142/_next/static/chunks/0bl2_next_dist_126uayc._.js:2477
[   23074ms] [LOG] [Chart] data effect {candles: 1001, series: true, volume: true, markers: 20} @ http://localhost:3142/_next/static/chunks/0bl2_next_dist_126uayc._.js:2477
[   25053ms] [LOG] [Chart] data effect {candles: 1001, series: true, volume: true, markers: 20} @ http://localhost:3142/_next/static/chunks/0bl2_next_dist_126uayc._.js:2477
[   26364ms] A listener indicated an asynchronous response by returning true, but the message channel closed before a response was received
[   26364ms] A listener indicated an asynchronous response by returning true, but the message channel closed before a response was received
[   26365ms] A listener indicated an asynchronous response by returning true, but the message channel closed before a response was received
[   26365ms] A listener indicated an asynchronous response by returning true, but the message channel closed before a response was received
[   27062ms] [LOG] [Chart] data effect {candles: 1001, series: true, volume: true, markers: 20} @ http://localhost:3142/_next/static/chunks/0bl2_next_dist_126uayc._.js:2477
[   29067ms] [LOG] [Chart] data effect {candles: 1001, series: true, volume: true, markers: 20} @ http://localhost:3142/_next/static/chunks/0bl2_next_dist_126uayc._.js:2477
[   31047ms] [LOG] [Chart] data effect {candles: 1001, series: true, volume: true, markers: 20} @ http://localhost:3142/_next/static/chunks/0bl2_next_dist_126uayc._.js:2477
[   33070ms] [LOG] [Chart] data effect {candles: 1001, series: true, volume: true, markers: 20} @ http://localhost:3142/_next/static/chunks/0bl2_next_dist_126uayc._.js:2477
[   35072ms] [LOG] [Chart] data effect {candles: 1001, series: true, volume: true, markers: 20} @ http://localhost:3142/_next/static/chunks/0bl2_next_dist_126uayc._.js:2477
[   37073ms] [LOG] [Chart] data effect {candles: 1001, series: true, volume: true, markers: 20} @ http://localhost:3142/_next/static/chunks/0bl2_next_dist_126uayc._.js:2477
[   41092ms] [LOG] [Chart] data effect {candles: 1001, series: true, volume: true, markers: 20} @ http://localhost:3142/_next/static/chunks/0bl2_next_dist_126uayc._.js:2477
[   43041ms] [LOG] [Chart] data effect {candles: 1001, series: true, volume: true, markers: 20} @ http://localhost:3142/_next/static/chunks/0bl2_next_dist_126uayc._.js:2477
[   45034ms] [LOG] [Chart] data effect {candles: 1001, series: true, volume: true, markers: 20} @ http://localhost:3142/_next/static/chunks/0bl2_next_dist_126uayc._.js:2477
[   47075ms] [LOG] [Chart] data effect {candles: 1001, series: true, volume: true, markers: 20} @ http://localhost:3142/_next/static/chunks/0bl2_next_dist_126uayc._.js:2477
[   49051ms] [LOG] [Chart] data effect {candles: 1001, series: true, volume: true, markers: 20} @ http://localhost:3142/_next/static/chunks/0bl2_next_dist_126uayc._.js:2477
[   51082ms] [LOG] [Chart] data effect {candles: 1001, series: true, volume: true, markers: 20} @ http://localhost:3142/_next/static/chunks/0bl2_next_dist_126uayc._.js:2477
[   53046ms] [LOG] [Chart] data effect {candles: 1001, series: true, volume: true, markers: 20} @ http://localhost:3142/_next/static/chunks/0bl2_next_dist_126uayc._.js:2477
[   55084ms] [LOG] [Chart] data effect {candles: 1002, series: true, volume: true, markers: 20} @ http://localhost:3142/_next/static/chunks/0bl2_next_dist_126uayc._.js:2477
[   57070ms] [LOG] [Chart] data effect {candles: 1002, series: true, volume: true, markers: 20} @ http://localhost:3142/_next/static/chunks/0bl2_next_dist_126uayc._.js:2477
[   59040ms] [LOG] [Chart] data effect {candles: 1002, series: true, volume: true, markers: 20} @ http://localhost:3142/_next/static/chunks/0bl2_next_dist_126uayc._.js:2477
[   61071ms] [LOG] [Chart] data effect {candles: 1002, series: true, volume: true, markers: 20} @ http://localhost:3142/_next/static/chunks/0bl2_next_dist_126uayc._.js:2477
[   63034ms] [LOG] [Chart] data effect {candles: 1002, series: true, volume: true, markers: 20} @ http://localhost:3142/_next/static/chunks/0bl2_next_dist_126uayc._.js:2477
[   65057ms] [LOG] [Chart] data effect {candles: 1002, series: true, volume: true, markers: 20} @ http://localhost:3142/_next/static/chunks/0bl2_next_dist_126uayc._.js:2477
[   67030ms] [LOG] [Chart] data effect {candles: 1002, series: true, volume: true, markers: 20} @ http://localhost:3142/_next/static/chunks/0bl2_next_dist_126uayc._.js:2477
[   69035ms] [LOG] [Chart] data effect {candles: 1002, series: true, volume: true, markers: 20} @ http://localhost:3142/_next/static/chunks/0bl2_next_dist_126uayc._.js:2477
[   71060ms] [LOG] [Chart] data effect {candles: 1002, series: true, volume: true, markers: 20} @ http://localhost:3142/_next/static/chunks/0bl2_next_dist_126uayc._.js:2477
[   73066ms] [LOG] [Chart] data effect {candles: 1002, series: true, volume: true, markers: 20} @ http://localhost:3142/_next/static/chunks/0bl2_next_dist_126uayc._.js:2477
[   75063ms] [LOG] [Chart] data effect {candles: 1002, series: true, volume: true, markers: 20} @ http://localhost:3142/_next/static/chunks/0bl2_next_dist_126uayc._.js:2477
[   77040ms] [LOG] [Chart] data effect {candles: 1002, series: true, volume: true, markers: 20} @ http://localhost:3142/_next/static/chunks/0bl2_next_dist_126uayc._.js:2477
[   79050ms] [LOG] [Chart] data effect {candles: 1002, series: true, volume: true, markers: 20} @ http://localhost:3142/_next/static/chunks/0bl2_next_dist_126uayc._.js:2477
[   81067ms] [LOG] [Chart] data effect {candles: 1002, series: true, volume: true, markers: 20} @ http://localhost:3142/_next/static/chunks/0bl2_next_dist_126uayc._.js:2477
[   83034ms] [LOG] [Chart] data effect {candles: 1002, series: true, volume: true, markers: 20} @ http://localhost:3142/_next/static/chunks/0bl2_next_dist_126uayc._.js:2477
[   85114ms] [LOG] [Chart] data effect {candles: 1002, series: true, volume: true, markers: 20} @ http://localhost:3142/_next/static/chunks/0bl2_next_dist_126uayc._.js:2477
[   87081ms] [LOG] [Chart] data effect {candles: 1002, series: true, volume: true, markers: 20} @ http://localhost:3142/_next/static/chunks/0bl2_next_dist_126uayc._.js:2477
[   89075ms] [LOG] [Chart] data effect {candles: 1002, series: true, volume: true, markers: 20} @ http://localhost:3142/_next/static/chunks/0bl2_next_dist_126uayc._.js:2477
[   91097ms] [LOG] [Chart] data effect {candles: 1002, series: true, volume: true, markers: 20} @ http://localhost:3142/_next/static/chunks/0bl2_next_dist_126uayc._.js:2477
[   93047ms] [LOG] [Chart] data effect {candles: 1002, series: true, volume: true, markers: 20} @ http://localhost:3142/_next/static/chunks/0bl2_next_dist_126uayc._.js:2477
[   95079ms] [LOG] [Chart] data effect {candles: 1002, series: true, volume: true, markers: 20} @ http://localhost:3142/_next/static/chunks/0bl2_next_dist_126uayc._.js:2477
[   97077ms] [LOG] [Chart] data effect {candles: 1002, series: true, volume: true, markers: 20} @ http://localhost:3142/_next/static/chunks/0bl2_next_dist_126uayc._.js:2477
