[    1150ms] [INFO] %cDownload the React DevTools for a better development experience: https://react.dev/link/react-devtools font-weight:bold @ http://localhost:3142/_next/static/chunks/0bl2_next_dist_126uayc._.js:2477
[    1248ms] [LOG] [HMR] connected @ http://localhost:3142/_next/static/chunks/0bl2_next_dist_126uayc._.js:2477
[   16067ms] A listener indicated an asynchronous response by returning true, but the message channel closed before a response was received
[   16068ms] A listener indicated an asynchronous response by returning true, but the message channel closed before a response was received
[   16068ms] A listener indicated an asynchronous response by returning true, but the message channel closed before a response was received
[   16068ms] A listener indicated an asynchronous response by returning true, but the message channel closed before a response was received
[   16068ms] A listener indicated an asynchronous response by returning true, but the message channel closed before a response was received
[  235960ms] [INFO] %cDownload the React DevTools for a better development experience: https://react.dev/link/react-devtools font-weight:bold @ http://localhost:3142/_next/static/chunks/0bl2_next_dist_126uayc._.js:2477
[  236091ms] [LOG] [HMR] connected @ http://localhost:3142/_next/static/chunks/0bl2_next_dist_126uayc._.js:2477
[  255068ms] A listener indicated an asynchronous response by returning true, but the message channel closed before a response was received
[  255068ms] A listener indicated an asynchronous response by returning true, but the message channel closed before a response was received
[  255068ms] A listener indicated an asynchronous response by returning true, but the message channel closed before a response was received
[  255068ms] A listener indicated an asynchronous response by returning true, but the message channel closed before a response was received
[  255069ms] A listener indicated an asynchronous response by returning true, but the message channel closed before a response was received
[ 1651520ms] [ERROR] Failed to load resource: the server responded with a status of 500 (Internal Server Error) @ http://localhost:3142/user/bots?_rsc=U7Tnw43WJ0E4kgb7:0
[ 1651819ms] [ERROR] Failed to load resource: the server responded with a status of 500 (Internal Server Error) @ http://localhost:3142/user/bots?_rsc=U7Tnw43WJ0E4kgb7:0
[ 1652116ms] [ERROR] Failed to load resource: the server responded with a status of 500 (Internal Server Error) @ http://localhost:3142/user/bots:0
[ 1652888ms] Unexpected end of input
[ 1652890ms] Invalid or unexpected token
[ 1658875ms] [ERROR] Failed to load resource: net::ERR_CONTENT_LENGTH_MISMATCH @ http://localhost:3142/_next/static/chunks/pages__error_07xvfw~._.js:0
[ 1658925ms] [INFO] %cDownload the React DevTools for a better development experience: https://react.dev/link/react-devtools font-weight:bold @ http://localhost:3142/_next/static/chunks/0a8t_react-dom_07.400g._.js:15305
[ 1659055ms] [LOG] [HMR] connected @ http://localhost:3142/_next/static/chunks/0bl2_next_dist_13vkcrh._.js:1226
[ 1659193ms] [WARNING] [HMR] Invalid message: {"type":"isrManifest","data":{"/user/bots?_rsc=U7Tnw43WJ0E4kgb7":false,"/user/bots":false,"/user/bots/strat-94a8d62b2c45cd28":false,"/user":false,"/":true,"/login":true,"/favicon.svg":true,"/user/bots/73a0e592-45df-40be-8088-304011f976a3":true,"/favicon.ico":true,"/user/login":true,"/user/bots/page":true}}
TypeError: Cannot read properties of undefined (reading 'components')
    at handleStaticIndicator (http://localhost:3142/_next/static/chunks/0bl2_next_dist_client_010gaeq._.js:2792:46)
    at processMessage (http://localhost:3142/_next/static/chunks/0bl2_next_dist_client_010gaeq._.js:2806:17)
    at http://localhost:3142/_next/static/chunks/0bl2_next_dist_client_010gaeq._.js:2680:13
    at WebSocket.handleMessage (http://localhost:3142/_next/static/chunks/0bl2_next_dist_client_010gaeq._.js:2325:17) @ http://localhost:3142/_next/static/chunks/0bl2_next_dist_13vkcrh._.js:1226
[ 1659216ms] [ERROR] ./src/app/[locale]/user/bots/[id]/page.tsx:495:16
Unexpected token. Did you mean `{'}'}` or `&rbrace;`?
  493 |                   }}
  494 |                 />
> 495 |               )}
      |                ^
  496 |             </CardContent>
  497 |           </Card>
  498 |           </ErrorBoundary>

Parsing ecmascript source code failed

Import traces:
  Client Component Browser:
    ./src/app/[locale]/user/bots/[id]/page.tsx [Client Component Browser]
    ./src/app/[locale]/user/bots/[id]/page.tsx [Server Component]

  Client Component SSR:
    ./src/app/[locale]/user/bots/[id]/page.tsx [Client Component SSR]
    ./src/app/[locale]/user/bots/[id]/page.tsx [Server Component] @ http://localhost:3142/_next/static/chunks/0bl2_next_dist_13vkcrh._.js:1945
[ 1659268ms] [ERROR] Failed to load resource: the server responded with a status of 500 (Internal Server Error) @ http://localhost:3142/favicon.ico:0
[ 1665675ms] [WARNING] [HMR] Invalid message: {"type":"isrManifest","data":{"/user/bots?_rsc=U7Tnw43WJ0E4kgb7":false,"/user/bots/strat-94a8d62b2c45cd28":false,"/user":false,"/":true,"/login":true,"/favicon.svg":true,"/user/bots/73a0e592-45df-40be-8088-304011f976a3":true,"/favicon.ico":true,"/user/login":true,"/user/bots/page":true}}
TypeError: Cannot read properties of undefined (reading 'components')
    at handleStaticIndicator (http://localhost:3142/_next/static/chunks/0bl2_next_dist_client_010gaeq._.js:2792:46)
    at processMessage (http://localhost:3142/_next/static/chunks/0bl2_next_dist_client_010gaeq._.js:2806:17)
    at http://localhost:3142/_next/static/chunks/0bl2_next_dist_client_010gaeq._.js:2680:13
    at WebSocket.handleMessage (http://localhost:3142/_next/static/chunks/0bl2_next_dist_client_010gaeq._.js:2325:17) @ http://localhost:3142/_next/static/chunks/0bl2_next_dist_13vkcrh._.js:1226
[ 1666801ms] [WARNING] [HMR] Invalid message: {"type":"isrManifest","data":{"/user/bots?_rsc=U7Tnw43WJ0E4kgb7":false,"/user/bots/strat-94a8d62b2c45cd28":false,"/user":false,"/":true,"/login":true,"/favicon.svg":true,"/user/bots/73a0e592-45df-40be-8088-304011f976a3":true,"/favicon.ico":true,"/user/login":true,"/user/bots/page":true}}
TypeError: Cannot read properties of undefined (reading 'components')
    at handleStaticIndicator (http://localhost:3142/_next/static/chunks/0bl2_next_dist_client_010gaeq._.js:2792:46)
    at processMessage (http://localhost:3142/_next/static/chunks/0bl2_next_dist_client_010gaeq._.js:2806:17)
    at http://localhost:3142/_next/static/chunks/0bl2_next_dist_client_010gaeq._.js:2680:13
    at WebSocket.handleMessage (http://localhost:3142/_next/static/chunks/0bl2_next_dist_client_010gaeq._.js:2325:17) @ http://localhost:3142/_next/static/chunks/0bl2_next_dist_13vkcrh._.js:1226
[ 1667064ms] A listener indicated an asynchronous response by returning true, but the message channel closed before a response was received
[ 1667064ms] A listener indicated an asynchronous response by returning true, but the message channel closed before a response was received
[ 1667065ms] A listener indicated an asynchronous response by returning true, but the message channel closed before a response was received
[ 1667065ms] A listener indicated an asynchronous response by returning true, but the message channel closed before a response was received
[ 1667067ms] A listener indicated an asynchronous response by returning true, but the message channel closed before a response was received
[ 1667938ms] [INFO] %cDownload the React DevTools for a better development experience: https://react.dev/link/react-devtools font-weight:bold @ http://localhost:3142/_next/static/chunks/0bl2_next_dist_126uayc._.js:2477
[ 1668425ms] [LOG] [HMR] connected @ http://localhost:3142/_next/static/chunks/0bl2_next_dist_126uayc._.js:2477
[ 1701061ms] A listener indicated an asynchronous response by returning true, but the message channel closed before a response was received
[ 1701062ms] A listener indicated an asynchronous response by returning true, but the message channel closed before a response was received
[ 1701062ms] A listener indicated an asynchronous response by returning true, but the message channel closed before a response was received
[ 1701062ms] A listener indicated an asynchronous response by returning true, but the message channel closed before a response was received
