[    2506ms] [INFO] %cDownload the React DevTools for a better development experience: https://react.dev/link/react-devtools font-weight:bold @ http://localhost:3142/_next/static/chunks/0bl2_next_dist_126uayc._.js:2477
[    2682ms] [LOG] [HMR] connected @ http://localhost:3142/_next/static/chunks/0bl2_next_dist_126uayc._.js:2477
[   10552ms] A listener indicated an asynchronous response by returning true, but the message channel closed before a response was received
[   10552ms] A listener indicated an asynchronous response by returning true, but the message channel closed before a response was received
[   10552ms] A listener indicated an asynchronous response by returning true, but the message channel closed before a response was received
[   10552ms] A listener indicated an asynchronous response by returning true, but the message channel closed before a response was received
[   10552ms] A listener indicated an asynchronous response by returning true, but the message channel closed before a response was received
[   65570ms] [WARNING] Canvas2D: Multiple readback operations using getImageData are faster with the willReadFrequently attribute set to true. See: https://html.spec.whatwg.org/multipage/canvas.html#concept-canvas-will-read-frequently @ :2
[  620766ms] [ERROR] Failed to load resource: the server responded with a status of 401 (Unauthorized) @ http://localhost:3142/api/manager/users/73a0e592-45df-40be-8088-304011f976a3/bbgo/ping?mode=paper:0
[  623265ms] [ERROR] Failed to load resource: the server responded with a status of 404 (Not Found) @ http://localhost:3142/user/login:0
[  623564ms] A listener indicated an asynchronous response by returning true, but the message channel closed before a response was received
[  623964ms] [INFO] %cDownload the React DevTools for a better development experience: https://react.dev/link/react-devtools font-weight:bold @ http://localhost:3142/_next/static/chunks/0bl2_next_dist_126uayc._.js:2477
[  624177ms] [LOG] [HMR] connected @ http://localhost:3142/_next/static/chunks/0bl2_next_dist_126uayc._.js:2477
[  657393ms] [ERROR] Failed to load resource: the server responded with a status of 500 (Internal Server Error) @ http://localhost:3142/user/login?_rsc=hH39JckubxYt4lsY:0
[  657690ms] [ERROR] Failed to load resource: the server responded with a status of 500 (Internal Server Error) @ http://localhost:3142/user/login?_rsc=hH39JckubxYt4lsY:0
[  657904ms] [ERROR] Failed to load resource: the server responded with a status of 500 (Internal Server Error) @ http://localhost:3142/user/login:0
[  658632ms] Unexpected token '}'
[  658849ms] [INFO] %cDownload the React DevTools for a better development experience: https://react.dev/link/react-devtools font-weight:bold @ http://localhost:3142/_next/static/chunks/0a8t_react-dom_07.400g._.js:15305
[  658990ms] Error: Module [next]/entry/page-loader.ts { PAGE => "[project]/node_modules/.pnpm/next@16.2.6_@babel+core@7.2_254017c60be10ba7f4b780f8f1e06ef4/node_modules/next/dist/pages/_error.js [client] (ecmascript)" } [client] (ecmascript) was instantiated because it was required from module [hmr-entry]/hmr-entry.js { ENTRY => "[project]/pages/_error" }, but the module factory is not available.
This is often caused by a stale browser cache, misconfigured Cache-Control headers, or a service worker serving outdated responses.
To fix this, make sure your Cache-Control headers allow revalidation of chunks and review your service worker configuration. As an immediate workaround, try hard-reloading the page, clearing the browser cache, or unregistering any service workers.
    at instantiateModuleShared (http://localhost:3142/_next/static/chunks/turbopack-pages__app_0yjmo8o._.js:1272:15)
    at instantiateModule (http://localhost:3142/_next/static/chunks/turbopack-pages__app_0yjmo8o._.js:1621:12)
    at getOrInstantiateModuleFromParent (http://localhost:3142/_next/static/chunks/turbopack-pages__app_0yjmo8o._.js:1604:12)
    at DevContext.commonJsRequire [as r] (http://localhost:3142/_next/static/chunks/turbopack-pages__app_0yjmo8o._.js:299:12)
    at module evaluation (http://localhost:3142/_next/static/chunks/%5Broot-of-the-server%5D__01mw43t._.js:472:23)
    at http://localhost:3142/_next/static/chunks/turbopack-pages__app_0yjmo8o._.js:1307:27
    at runModuleExecutionHooks (http://localhost:3142/_next/static/chunks/turbopack-pages__app_0yjmo8o._.js:1636:13)
    at instantiateModuleShared (http://localhost:3142/_next/static/chunks/turbopack-pages__app_0yjmo8o._.js:1305:9)
    at instantiateModule (http://localhost:3142/_next/static/chunks/turbopack-pages__app_0yjmo8o._.js:1621:12)
    at getOrInstantiateRuntimeModule (http://localhost:3142/_next/static/chunks/turbopack-pages__app_0yjmo8o._.js:1582:12)
    at Object.registerChunk (http://localhost:3142/_next/static/chunks/turbopack-pages__app_0yjmo8o._.js:1988:21)
[  658999ms] [LOG] [HMR] connected @ http://localhost:3142/_next/static/chunks/0bl2_next_dist_13vkcrh._.js:1226
[  659047ms] [WARNING] [HMR] Invalid message: {"type":"isrManifest","data":{"/user/login":false,"/user":false,"/user/login?_rsc=hH39JckubxYt4lsY":false,"/user?_rsc=ywHMMKbq04OQYJY5":false,"/user/bots/strat-a1af38ffa23205c2":false,"/login":false,"/api/manager/users/73a0e592-45df-40be-8088-304011f976a3/bbgo/session/binance/open-orders?mode=paper":false,"/api/manager/users/73a0e592-45df-40be-8088-304011f976a3/bbgo/session/binance/balances?mode=paper":false,"/api/manager/users/73a0e592-45df-40be-8088-304011f976a3/logs?mode=paper&tail=100":false,"/api/manager/users/73a0e592-45df-40be-8088-304011f976a3/bots/strat-a1af38ffa23205c2":false,"/api/manager/users/73a0e592-45df-40be-8088-304011f976a3/bbgo/sessions?mode=paper":false,"/api/manager/users/73a0e592-45df-40be-8088-304011f976a3/bbgo/orders/closed?mode=paper":false,"/api/manager/users/73a0e592-45df-40be-8088-304011f976a3/bbgo/trades?mode=paper&symbol=BTCUSDT":false,"/api/manager/users/73a0e592-45df-40be-8088-304011f976a3/bbgo/pnl?mode=paper&symbol=BTCUSDT":false,"/api/manager/users/73a0e592-45df-40be-8088-304011f976a3/bbgo/strategies?mode=paper":false,"/api/manager/users/73a0e592-45df-40be-8088-304011f976a3/bbgo/ping?mode=paper":false,"/":true}}
TypeError: Cannot read properties of undefined (reading 'components')
    at handleStaticIndicator (http://localhost:3142/_next/static/chunks/0bl2_next_dist_client_010gaeq._.js:2792:46)
    at processMessage (http://localhost:3142/_next/static/chunks/0bl2_next_dist_client_010gaeq._.js:2806:17)
    at http://localhost:3142/_next/static/chunks/0bl2_next_dist_client_010gaeq._.js:2680:13
    at WebSocket.handleMessage (http://localhost:3142/_next/static/chunks/0bl2_next_dist_client_010gaeq._.js:2325:17) @ http://localhost:3142/_next/static/chunks/0bl2_next_dist_13vkcrh._.js:1226
[  659056ms] [ERROR] ./src/app/[locale]/user/bots/[id]/page.tsx:260:4
Expression expected
  258 |     })
  259 |   }, [trades])
> 260 |   })
      |    ^
  261 |
  262 |   const startUser = useStartUser()
  263 |   const stopUser = useStopUser()

Parsing ecmascript source code failed

Import traces:
  Client Component Browser:
    ./src/app/[locale]/user/bots/[id]/page.tsx [Client Component Browser]
    ./src/app/[locale]/user/bots/[id]/page.tsx [Server Component]

  Client Component SSR:
    ./src/app/[locale]/user/bots/[id]/page.tsx [Client Component SSR]
    ./src/app/[locale]/user/bots/[id]/page.tsx [Server Component] @ http://localhost:3142/_next/static/chunks/0bl2_next_dist_13vkcrh._.js:1945
[  659106ms] [ERROR] Failed to load resource: the server responded with a status of 500 (Internal Server Error) @ http://localhost:3142/favicon.ico:0
[  687558ms] A listener indicated an asynchronous response by returning true, but the message channel closed before a response was received
[  687558ms] A listener indicated an asynchronous response by returning true, but the message channel closed before a response was received
[  687558ms] A listener indicated an asynchronous response by returning true, but the message channel closed before a response was received
[  687558ms] A listener indicated an asynchronous response by returning true, but the message channel closed before a response was received
[  690708ms] [ERROR] ./src/app/[locale]/user/bots/[id]/page.tsx:260:4
Expression expected
  258 |     })
  259 |   }, [trades])
> 260 |   })
      |    ^
  261 |
  262 |   const startUser = useStartUser()
  263 |   const stopUser = useStopUser()

Parsing ecmascript source code failed

Import traces:
  Client Component Browser:
    ./src/app/[locale]/user/bots/[id]/page.tsx [Client Component Browser]
    ./src/app/[locale]/user/bots/[id]/page.tsx [Server Component]

  Client Component SSR:
    ./src/app/[locale]/user/bots/[id]/page.tsx [Client Component SSR]
    ./src/app/[locale]/user/bots/[id]/page.tsx [Server Component] @ http://localhost:3142/_next/static/chunks/0bl2_next_dist_13vkcrh._.js:1945
[  690810ms] [LOG] [Fast Refresh] rebuilding @ http://localhost:3142/_next/static/chunks/0bl2_next_dist_13vkcrh._.js:1226
[  718557ms] [WARNING] [HMR] Invalid message: {"type":"isrManifest","data":{"/user":false,"/user/login?_rsc=hH39JckubxYt4lsY":false,"/user?_rsc=ywHMMKbq04OQYJY5":false,"/user/bots/strat-a1af38ffa23205c2":false,"/login":false,"/api/manager/users/73a0e592-45df-40be-8088-304011f976a3/bbgo/session/binance/open-orders?mode=paper":false,"/api/manager/users/73a0e592-45df-40be-8088-304011f976a3/bbgo/session/binance/balances?mode=paper":false,"/api/manager/users/73a0e592-45df-40be-8088-304011f976a3/logs?mode=paper&tail=100":false,"/api/manager/users/73a0e592-45df-40be-8088-304011f976a3/bots/strat-a1af38ffa23205c2":false,"/api/manager/users/73a0e592-45df-40be-8088-304011f976a3/bbgo/sessions?mode=paper":false,"/api/manager/users/73a0e592-45df-40be-8088-304011f976a3/bbgo/orders/closed?mode=paper":false,"/api/manager/users/73a0e592-45df-40be-8088-304011f976a3/bbgo/trades?mode=paper&symbol=BTCUSDT":false,"/api/manager/users/73a0e592-45df-40be-8088-304011f976a3/bbgo/pnl?mode=paper&symbol=BTCUSDT":false,"/api/manager/users/73a0e592-45df-40be-8088-304011f976a3/bbgo/strategies?mode=paper":false,"/api/manager/users/73a0e592-45df-40be-8088-304011f976a3/bbgo/ping?mode=paper":false,"/":true}}
TypeError: Cannot read properties of undefined (reading 'components')
    at handleStaticIndicator (http://localhost:3142/_next/static/chunks/0bl2_next_dist_client_010gaeq._.js:2792:46)
    at processMessage (http://localhost:3142/_next/static/chunks/0bl2_next_dist_client_010gaeq._.js:2806:17)
    at http://localhost:3142/_next/static/chunks/0bl2_next_dist_client_010gaeq._.js:2680:13
    at WebSocket.handleMessage (http://localhost:3142/_next/static/chunks/0bl2_next_dist_client_010gaeq._.js:2325:17) @ http://localhost:3142/_next/static/chunks/0bl2_next_dist_13vkcrh._.js:1226
[  719406ms] [ERROR] Failed to load resource: the server responded with a status of 404 (Not Found) @ http://localhost:3142/user/login:0
[  719884ms] [INFO] %cDownload the React DevTools for a better development experience: https://react.dev/link/react-devtools font-weight:bold @ http://localhost:3142/_next/static/chunks/0bl2_next_dist_126uayc._.js:2477
[  719953ms] [LOG] [HMR] connected @ http://localhost:3142/_next/static/chunks/0bl2_next_dist_126uayc._.js:2477
[  733169ms] [LOG] [Fast Refresh] rebuilding @ http://localhost:3142/_next/static/chunks/0bl2_next_dist_126uayc._.js:2477
[  746567ms] A listener indicated an asynchronous response by returning true, but the message channel closed before a response was received
[  746567ms] A listener indicated an asynchronous response by returning true, but the message channel closed before a response was received
[  746567ms] A listener indicated an asynchronous response by returning true, but the message channel closed before a response was received
[  746568ms] A listener indicated an asynchronous response by returning true, but the message channel closed before a response was received
[  762030ms] [ERROR] Failed to load resource: the server responded with a status of 500 (Internal Server Error) @ http://localhost:3142/user/login?_rsc=hH39JckubxYt4lsY:0
[  762230ms] [ERROR] Failed to load resource: the server responded with a status of 500 (Internal Server Error) @ http://localhost:3142/user/login:0
[  762549ms] Invalid or unexpected token
[  762549ms] Invalid or unexpected token
[  762674ms] Unexpected end of input
[  762765ms] [ERROR] Failed to load resource: the server responded with a status of 500 (Internal Server Error) @ http://localhost:3142/favicon.ico:0
[  778552ms] A listener indicated an asynchronous response by returning true, but the message channel closed before a response was received
[  778553ms] A listener indicated an asynchronous response by returning true, but the message channel closed before a response was received
[  778553ms] A listener indicated an asynchronous response by returning true, but the message channel closed before a response was received
[  778553ms] A listener indicated an asynchronous response by returning true, but the message channel closed before a response was received
