[    2092ms] A listener indicated an asynchronous response by returning true, but the message channel closed before a response was received
[    2172ms] [INFO] %cDownload the React DevTools for a better development experience: https://react.dev/link/react-devtools font-weight:bold @ http://localhost:3142/_next/static/chunks/0bl2_next_dist_126uayc._.js:2477
[    2247ms] [LOG] [HMR] connected @ http://localhost:3142/_next/static/chunks/0bl2_next_dist_126uayc._.js:2477
[   45853ms] A listener indicated an asynchronous response by returning true, but the message channel closed before a response was received
[   45853ms] A listener indicated an asynchronous response by returning true, but the message channel closed before a response was received
[   45853ms] A listener indicated an asynchronous response by returning true, but the message channel closed before a response was received
[   45853ms] A listener indicated an asynchronous response by returning true, but the message channel closed before a response was received
[  824197ms] [ERROR] Failed to load resource: the server responded with a status of 503 (Service Unavailable) @ http://localhost:3142/api/manager/users/73a0e592-45df-40be-8088-304011f976a3/bbgo/session/binance/open-orders?mode=paper:0
[  825324ms] [ERROR] Failed to load resource: the server responded with a status of 503 (Service Unavailable) @ http://localhost:3142/api/manager/users/73a0e592-45df-40be-8088-304011f976a3/bbgo/session/binance/open-orders?mode=paper:0
[  826566ms] [ERROR] Failed to load resource: the server responded with a status of 503 (Service Unavailable) @ http://localhost:3142/api/manager/users/73a0e592-45df-40be-8088-304011f976a3/bbgo/orders/closed?mode=paper:0
[  827082ms] [ERROR] Failed to load resource: the server responded with a status of 503 (Service Unavailable) @ http://localhost:3142/api/manager/users/73a0e592-45df-40be-8088-304011f976a3/bbgo/trades?mode=paper&symbol=BTCUSDT:0
[  827633ms] [ERROR] Failed to load resource: the server responded with a status of 503 (Service Unavailable) @ http://localhost:3142/api/manager/users/73a0e592-45df-40be-8088-304011f976a3/bbgo/session/binance/balances?mode=paper:0
[  827701ms] [ERROR] Failed to load resource: the server responded with a status of 503 (Service Unavailable) @ http://localhost:3142/api/manager/users/73a0e592-45df-40be-8088-304011f976a3/bbgo/orders/closed?mode=paper:0
[  828209ms] [ERROR] Failed to load resource: the server responded with a status of 503 (Service Unavailable) @ http://localhost:3142/api/manager/users/73a0e592-45df-40be-8088-304011f976a3/bbgo/trades?mode=paper&symbol=BTCUSDT:0
[  828759ms] [ERROR] Failed to load resource: the server responded with a status of 503 (Service Unavailable) @ http://localhost:3142/api/manager/users/73a0e592-45df-40be-8088-304011f976a3/bbgo/session/binance/balances?mode=paper:0
[  834545ms] [ERROR] Failed to load resource: the server responded with a status of 503 (Service Unavailable) @ http://localhost:3142/api/manager/users/73a0e592-45df-40be-8088-304011f976a3/bbgo/strategies?mode=paper:0
[  834723ms] [ERROR] Failed to load resource: the server responded with a status of 503 (Service Unavailable) @ http://localhost:3142/api/manager/users/73a0e592-45df-40be-8088-304011f976a3/bbgo/ping?mode=paper:0
[  834846ms] [ERROR] Failed to load resource: the server responded with a status of 503 (Service Unavailable) @ http://localhost:3142/api/manager/users/73a0e592-45df-40be-8088-304011f976a3/bbgo/pnl?mode=paper&symbol=BTCUSDT:0
[  835461ms] [ERROR] Failed to load resource: the server responded with a status of 503 (Service Unavailable) @ http://localhost:3142/api/manager/users/73a0e592-45df-40be-8088-304011f976a3/bbgo/session/binance/open-orders?mode=paper:0
[  835677ms] [ERROR] Failed to load resource: the server responded with a status of 503 (Service Unavailable) @ http://localhost:3142/api/manager/users/73a0e592-45df-40be-8088-304011f976a3/bbgo/strategies?mode=paper:0
[  835889ms] [ERROR] Failed to load resource: the server responded with a status of 503 (Service Unavailable) @ http://localhost:3142/api/manager/users/73a0e592-45df-40be-8088-304011f976a3/bbgo/ping?mode=paper:0
[  836064ms] [ERROR] Failed to load resource: the server responded with a status of 503 (Service Unavailable) @ http://localhost:3142/api/manager/users/73a0e592-45df-40be-8088-304011f976a3/bbgo/pnl?mode=paper&symbol=BTCUSDT:0
[  940668ms] [ERROR] Failed to load resource: the server responded with a status of 500 (Internal Server Error) @ http://localhost:3142/api/manager/users/73a0e592-45df-40be-8088-304011f976a3/bbgo/session/binance/open-orders?mode=paper:0
[  962399ms] [ERROR] Failed to load resource: the server responded with a status of 503 (Service Unavailable) @ http://localhost:3142/api/manager/users/73a0e592-45df-40be-8088-304011f976a3/bbgo/session/binance/open-orders?mode=paper:0
[  963534ms] [ERROR] Failed to load resource: the server responded with a status of 503 (Service Unavailable) @ http://localhost:3142/api/manager/users/73a0e592-45df-40be-8088-304011f976a3/bbgo/session/binance/open-orders?mode=paper:0
[  966240ms] [ERROR] Failed to load resource: the server responded with a status of 503 (Service Unavailable) @ http://localhost:3142/api/manager/users/73a0e592-45df-40be-8088-304011f976a3/bbgo/trades?mode=paper&symbol=BTCUSDT:0
[  966399ms] [ERROR] Failed to load resource: the server responded with a status of 503 (Service Unavailable) @ http://localhost:3142/api/manager/users/73a0e592-45df-40be-8088-304011f976a3/bbgo/orders/closed?mode=paper:0
[  966739ms] [ERROR] Failed to load resource: the server responded with a status of 503 (Service Unavailable) @ http://localhost:3142/api/manager/users/73a0e592-45df-40be-8088-304011f976a3/bbgo/session/binance/balances?mode=paper:0
[  966773ms] [ERROR] IntlError: MISSING_MESSAGE: Could not resolve `Bots.status.starting` in messages for locale `en`.
    at getFallbackFromErrorAndNotify (http://localhost:3142/_next/static/chunks/node_modules__pnpm_0dc7kvp._.js:3595:23)
    at translateBaseFn (http://localhost:3142/_next/static/chunks/node_modules__pnpm_0dc7kvp._.js:3625:28)
    at translateFn (http://localhost:3142/_next/static/chunks/node_modules__pnpm_0dc7kvp._.js:3653:24)
    at BotDetailPage (http://localhost:3142/_next/static/chunks/src_0yd.93_._.js:2592:43)
    at Object.react_stack_bottom_frame (http://localhost:3142/_next/static/chunks/0bl2_next_dist_compiled_react-dom_01_2rz9._.js:15037:24)
    at renderWithHooks (http://localhost:3142/_next/static/chunks/0bl2_next_dist_compiled_react-dom_01_2rz9._.js:4620:24)
    at updateFunctionComponent (http://localhost:3142/_next/static/chunks/0bl2_next_dist_compiled_react-dom_01_2rz9._.js:6081:21)
    at beginWork (http://localhost:3142/_next/static/chunks/0bl2_next_dist_compiled_react-dom_01_2rz9._.js:6691:24)
    at runWithFiberInDEV (http://localhost:3142/_next/static/chunks/0bl2_next_dist_compiled_react-dom_01_2rz9._.js:965:74)
    at performUnitOfWork (http://localhost:3142/_next/static/chunks/0bl2_next_dist_compiled_react-dom_01_2rz9._.js:9555:97)
    at workLoopSync (http://localhost:3142/_next/static/chunks/0bl2_next_dist_compiled_react-dom_01_2rz9._.js:9449:40)
    at renderRootSync (http://localhost:3142/_next/static/chunks/0bl2_next_dist_compiled_react-dom_01_2rz9._.js:9433:13)
    at performWorkOnRoot (http://localhost:3142/_next/static/chunks/0bl2_next_dist_compiled_react-dom_01_2rz9._.js:9061:186)
    at performSyncWorkOnRoot (http://localhost:3142/_next/static/chunks/0bl2_next_dist_compiled_react-dom_01_2rz9._.js:10263:9)
    at flushSyncWorkAcrossRoots_impl (http://localhost:3142/_next/static/chunks/0bl2_next_dist_compiled_react-dom_01_2rz9._.js:10179:316)
    at processRootScheduleInMicrotask (http://localhost:3142/_next/static/chunks/0bl2_next_dist_compiled_react-dom_01_2rz9._.js:10200:106)
    at http://localhost:3142/_next/static/chunks/0bl2_next_dist_compiled_react-dom_01_2rz9._.js:10274:158 @ http://localhost:3142/_next/static/chunks/0bl2_next_dist_126uayc._.js:3318
[  966784ms] [ERROR] IntlError: MISSING_MESSAGE: Could not resolve `Bots.status.starting` in messages for locale `en`.
    at getFallbackFromErrorAndNotify (http://localhost:3142/_next/static/chunks/node_modules__pnpm_0dc7kvp._.js:3595:23)
    at translateBaseFn (http://localhost:3142/_next/static/chunks/node_modules__pnpm_0dc7kvp._.js:3625:28)
    at translateFn (http://localhost:3142/_next/static/chunks/node_modules__pnpm_0dc7kvp._.js:3653:24)
    at BotDetailPage (http://localhost:3142/_next/static/chunks/src_0yd.93_._.js:2592:43)
    at Object.react_stack_bottom_frame (http://localhost:3142/_next/static/chunks/0bl2_next_dist_compiled_react-dom_01_2rz9._.js:15037:24)
    at renderWithHooksAgain (http://localhost:3142/_next/static/chunks/0bl2_next_dist_compiled_react-dom_01_2rz9._.js:4675:24)
    at renderWithHooks (http://localhost:3142/_next/static/chunks/0bl2_next_dist_compiled_react-dom_01_2rz9._.js:4626:28)
    at updateFunctionComponent (http://localhost:3142/_next/static/chunks/0bl2_next_dist_compiled_react-dom_01_2rz9._.js:6081:21)
    at beginWork (http://localhost:3142/_next/static/chunks/0bl2_next_dist_compiled_react-dom_01_2rz9._.js:6691:24)
    at runWithFiberInDEV (http://localhost:3142/_next/static/chunks/0bl2_next_dist_compiled_react-dom_01_2rz9._.js:965:74)
    at performUnitOfWork (http://localhost:3142/_next/static/chunks/0bl2_next_dist_compiled_react-dom_01_2rz9._.js:9555:97)
    at workLoopSync (http://localhost:3142/_next/static/chunks/0bl2_next_dist_compiled_react-dom_01_2rz9._.js:9449:40)
    at renderRootSync (http://localhost:3142/_next/static/chunks/0bl2_next_dist_compiled_react-dom_01_2rz9._.js:9433:13)
    at performWorkOnRoot (http://localhost:3142/_next/static/chunks/0bl2_next_dist_compiled_react-dom_01_2rz9._.js:9061:186)
    at performSyncWorkOnRoot (http://localhost:3142/_next/static/chunks/0bl2_next_dist_compiled_react-dom_01_2rz9._.js:10263:9)
    at flushSyncWorkAcrossRoots_impl (http://localhost:3142/_next/static/chunks/0bl2_next_dist_compiled_react-dom_01_2rz9._.js:10179:316)
    at processRootScheduleInMicrotask (http://localhost:3142/_next/static/chunks/0bl2_next_dist_compiled_react-dom_01_2rz9._.js:10200:106)
    at http://localhost:3142/_next/static/chunks/0bl2_next_dist_compiled_react-dom_01_2rz9._.js:10274:158 @ http://localhost:3142/_next/static/chunks/0bl2_next_dist_126uayc._.js:3318
[  966832ms] [ERROR] IntlError: MISSING_MESSAGE: Could not resolve `Bots.status.starting` in messages for locale `en`.
    at getFallbackFromErrorAndNotify (http://localhost:3142/_next/static/chunks/node_modules__pnpm_0dc7kvp._.js:3595:23)
    at translateBaseFn (http://localhost:3142/_next/static/chunks/node_modules__pnpm_0dc7kvp._.js:3625:28)
    at translateFn (http://localhost:3142/_next/static/chunks/node_modules__pnpm_0dc7kvp._.js:3653:24)
    at BotDetailPage (http://localhost:3142/_next/static/chunks/src_0yd.93_._.js:2592:43)
    at Object.react_stack_bottom_frame (http://localhost:3142/_next/static/chunks/0bl2_next_dist_compiled_react-dom_01_2rz9._.js:15037:24)
    at renderWithHooks (http://localhost:3142/_next/static/chunks/0bl2_next_dist_compiled_react-dom_01_2rz9._.js:4620:24)
    at updateFunctionComponent (http://localhost:3142/_next/static/chunks/0bl2_next_dist_compiled_react-dom_01_2rz9._.js:6081:21)
    at beginWork (http://localhost:3142/_next/static/chunks/0bl2_next_dist_compiled_react-dom_01_2rz9._.js:6691:24)
    at runWithFiberInDEV (http://localhost:3142/_next/static/chunks/0bl2_next_dist_compiled_react-dom_01_2rz9._.js:965:74)
    at performUnitOfWork (http://localhost:3142/_next/static/chunks/0bl2_next_dist_compiled_react-dom_01_2rz9._.js:9555:97)
    at workLoopSync (http://localhost:3142/_next/static/chunks/0bl2_next_dist_compiled_react-dom_01_2rz9._.js:9449:40)
    at renderRootSync (http://localhost:3142/_next/static/chunks/0bl2_next_dist_compiled_react-dom_01_2rz9._.js:9433:13)
    at performWorkOnRoot (http://localhost:3142/_next/static/chunks/0bl2_next_dist_compiled_react-dom_01_2rz9._.js:9061:186)
    at performSyncWorkOnRoot (http://localhost:3142/_next/static/chunks/0bl2_next_dist_compiled_react-dom_01_2rz9._.js:10263:9)
    at flushSyncWorkAcrossRoots_impl (http://localhost:3142/_next/static/chunks/0bl2_next_dist_compiled_react-dom_01_2rz9._.js:10179:316)
    at processRootScheduleInMicrotask (http://localhost:3142/_next/static/chunks/0bl2_next_dist_compiled_react-dom_01_2rz9._.js:10200:106)
    at http://localhost:3142/_next/static/chunks/0bl2_next_dist_compiled_react-dom_01_2rz9._.js:10274:158 @ http://localhost:3142/_next/static/chunks/0bl2_next_dist_126uayc._.js:3318
[  966845ms] [ERROR] IntlError: MISSING_MESSAGE: Could not resolve `Bots.status.starting` in messages for locale `en`.
    at getFallbackFromErrorAndNotify (http://localhost:3142/_next/static/chunks/node_modules__pnpm_0dc7kvp._.js:3595:23)
    at translateBaseFn (http://localhost:3142/_next/static/chunks/node_modules__pnpm_0dc7kvp._.js:3625:28)
    at translateFn (http://localhost:3142/_next/static/chunks/node_modules__pnpm_0dc7kvp._.js:3653:24)
    at BotDetailPage (http://localhost:3142/_next/static/chunks/src_0yd.93_._.js:2592:43)
    at Object.react_stack_bottom_frame (http://localhost:3142/_next/static/chunks/0bl2_next_dist_compiled_react-dom_01_2rz9._.js:15037:24)
    at renderWithHooksAgain (http://localhost:3142/_next/static/chunks/0bl2_next_dist_compiled_react-dom_01_2rz9._.js:4675:24)
    at renderWithHooks (http://localhost:3142/_next/static/chunks/0bl2_next_dist_compiled_react-dom_01_2rz9._.js:4626:28)
    at updateFunctionComponent (http://localhost:3142/_next/static/chunks/0bl2_next_dist_compiled_react-dom_01_2rz9._.js:6081:21)
    at beginWork (http://localhost:3142/_next/static/chunks/0bl2_next_dist_compiled_react-dom_01_2rz9._.js:6691:24)
    at runWithFiberInDEV (http://localhost:3142/_next/static/chunks/0bl2_next_dist_compiled_react-dom_01_2rz9._.js:965:74)
    at performUnitOfWork (http://localhost:3142/_next/static/chunks/0bl2_next_dist_compiled_react-dom_01_2rz9._.js:9555:97)
    at workLoopSync (http://localhost:3142/_next/static/chunks/0bl2_next_dist_compiled_react-dom_01_2rz9._.js:9449:40)
    at renderRootSync (http://localhost:3142/_next/static/chunks/0bl2_next_dist_compiled_react-dom_01_2rz9._.js:9433:13)
    at performWorkOnRoot (http://localhost:3142/_next/static/chunks/0bl2_next_dist_compiled_react-dom_01_2rz9._.js:9061:186)
    at performSyncWorkOnRoot (http://localhost:3142/_next/static/chunks/0bl2_next_dist_compiled_react-dom_01_2rz9._.js:10263:9)
    at flushSyncWorkAcrossRoots_impl (http://localhost:3142/_next/static/chunks/0bl2_next_dist_compiled_react-dom_01_2rz9._.js:10179:316)
    at processRootScheduleInMicrotask (http://localhost:3142/_next/static/chunks/0bl2_next_dist_compiled_react-dom_01_2rz9._.js:10200:106)
    at http://localhost:3142/_next/static/chunks/0bl2_next_dist_compiled_react-dom_01_2rz9._.js:10274:158 @ http://localhost:3142/_next/static/chunks/0bl2_next_dist_126uayc._.js:3318
[  966952ms] [ERROR] IntlError: MISSING_MESSAGE: Could not resolve `Bots.status.starting` in messages for locale `en`.
    at getFallbackFromErrorAndNotify (http://localhost:3142/_next/static/chunks/node_modules__pnpm_0dc7kvp._.js:3595:23)
    at translateBaseFn (http://localhost:3142/_next/static/chunks/node_modules__pnpm_0dc7kvp._.js:3625:28)
    at translateFn (http://localhost:3142/_next/static/chunks/node_modules__pnpm_0dc7kvp._.js:3653:24)
    at BotDetailPage (http://localhost:3142/_next/static/chunks/src_0yd.93_._.js:2592:43)
    at Object.react_stack_bottom_frame (http://localhost:3142/_next/static/chunks/0bl2_next_dist_compiled_react-dom_01_2rz9._.js:15037:24)
    at renderWithHooks (http://localhost:3142/_next/static/chunks/0bl2_next_dist_compiled_react-dom_01_2rz9._.js:4620:24)
    at updateFunctionComponent (http://localhost:3142/_next/static/chunks/0bl2_next_dist_compiled_react-dom_01_2rz9._.js:6081:21)
    at beginWork (http://localhost:3142/_next/static/chunks/0bl2_next_dist_compiled_react-dom_01_2rz9._.js:6691:24)
    at runWithFiberInDEV (http://localhost:3142/_next/static/chunks/0bl2_next_dist_compiled_react-dom_01_2rz9._.js:965:74)
    at performUnitOfWork (http://localhost:3142/_next/static/chunks/0bl2_next_dist_compiled_react-dom_01_2rz9._.js:9555:97)
    at workLoopSync (http://localhost:3142/_next/static/chunks/0bl2_next_dist_compiled_react-dom_01_2rz9._.js:9449:40)
    at renderRootSync (http://localhost:3142/_next/static/chunks/0bl2_next_dist_compiled_react-dom_01_2rz9._.js:9433:13)
    at performWorkOnRoot (http://localhost:3142/_next/static/chunks/0bl2_next_dist_compiled_react-dom_01_2rz9._.js:9061:186)
    at performSyncWorkOnRoot (http://localhost:3142/_next/static/chunks/0bl2_next_dist_compiled_react-dom_01_2rz9._.js:10263:9)
    at flushSyncWorkAcrossRoots_impl (http://localhost:3142/_next/static/chunks/0bl2_next_dist_compiled_react-dom_01_2rz9._.js:10179:316)
    at processRootScheduleInMicrotask (http://localhost:3142/_next/static/chunks/0bl2_next_dist_compiled_react-dom_01_2rz9._.js:10200:106)
    at http://localhost:3142/_next/static/chunks/0bl2_next_dist_compiled_react-dom_01_2rz9._.js:10274:158 @ http://localhost:3142/_next/static/chunks/0bl2_next_dist_126uayc._.js:3318
[  966972ms] [ERROR] IntlError: MISSING_MESSAGE: Could not resolve `Bots.status.starting` in messages for locale `en`.
    at getFallbackFromErrorAndNotify (http://localhost:3142/_next/static/chunks/node_modules__pnpm_0dc7kvp._.js:3595:23)
    at translateBaseFn (http://localhost:3142/_next/static/chunks/node_modules__pnpm_0dc7kvp._.js:3625:28)
    at translateFn (http://localhost:3142/_next/static/chunks/node_modules__pnpm_0dc7kvp._.js:3653:24)
    at BotDetailPage (http://localhost:3142/_next/static/chunks/src_0yd.93_._.js:2592:43)
    at Object.react_stack_bottom_frame (http://localhost:3142/_next/static/chunks/0bl2_next_dist_compiled_react-dom_01_2rz9._.js:15037:24)
    at renderWithHooksAgain (http://localhost:3142/_next/static/chunks/0bl2_next_dist_compiled_react-dom_01_2rz9._.js:4675:24)
    at renderWithHooks (http://localhost:3142/_next/static/chunks/0bl2_next_dist_compiled_react-dom_01_2rz9._.js:4626:28)
    at updateFunctionComponent (http://localhost:3142/_next/static/chunks/0bl2_next_dist_compiled_react-dom_01_2rz9._.js:6081:21)
    at beginWork (http://localhost:3142/_next/static/chunks/0bl2_next_dist_compiled_react-dom_01_2rz9._.js:6691:24)
    at runWithFiberInDEV (http://localhost:3142/_next/static/chunks/0bl2_next_dist_compiled_react-dom_01_2rz9._.js:965:74)
    at performUnitOfWork (http://localhost:3142/_next/static/chunks/0bl2_next_dist_compiled_react-dom_01_2rz9._.js:9555:97)
    at workLoopSync (http://localhost:3142/_next/static/chunks/0bl2_next_dist_compiled_react-dom_01_2rz9._.js:9449:40)
    at renderRootSync (http://localhost:3142/_next/static/chunks/0bl2_next_dist_compiled_react-dom_01_2rz9._.js:9433:13)
    at performWorkOnRoot (http://localhost:3142/_next/static/chunks/0bl2_next_dist_compiled_react-dom_01_2rz9._.js:9061:186)
    at performSyncWorkOnRoot (http://localhost:3142/_next/static/chunks/0bl2_next_dist_compiled_react-dom_01_2rz9._.js:10263:9)
    at flushSyncWorkAcrossRoots_impl (http://localhost:3142/_next/static/chunks/0bl2_next_dist_compiled_react-dom_01_2rz9._.js:10179:316)
    at processRootScheduleInMicrotask (http://localhost:3142/_next/static/chunks/0bl2_next_dist_compiled_react-dom_01_2rz9._.js:10200:106)
    at http://localhost:3142/_next/static/chunks/0bl2_next_dist_compiled_react-dom_01_2rz9._.js:10274:158 @ http://localhost:3142/_next/static/chunks/0bl2_next_dist_126uayc._.js:3318
[  967412ms] [ERROR] Failed to load resource: the server responded with a status of 503 (Service Unavailable) @ http://localhost:3142/api/manager/users/73a0e592-45df-40be-8088-304011f976a3/bbgo/trades?mode=paper&symbol=BTCUSDT:0
[  967554ms] [ERROR] IntlError: MISSING_MESSAGE: Could not resolve `Bots.status.starting` in messages for locale `en`.
    at getFallbackFromErrorAndNotify (http://localhost:3142/_next/static/chunks/node_modules__pnpm_0dc7kvp._.js:3595:23)
    at translateBaseFn (http://localhost:3142/_next/static/chunks/node_modules__pnpm_0dc7kvp._.js:3625:28)
    at translateFn (http://localhost:3142/_next/static/chunks/node_modules__pnpm_0dc7kvp._.js:3653:24)
    at BotDetailPage (http://localhost:3142/_next/static/chunks/src_0yd.93_._.js:2592:43)
    at Object.react_stack_bottom_frame (http://localhost:3142/_next/static/chunks/0bl2_next_dist_compiled_react-dom_01_2rz9._.js:15037:24)
    at renderWithHooks (http://localhost:3142/_next/static/chunks/0bl2_next_dist_compiled_react-dom_01_2rz9._.js:4620:24)
    at updateFunctionComponent (http://localhost:3142/_next/static/chunks/0bl2_next_dist_compiled_react-dom_01_2rz9._.js:6081:21)
    at beginWork (http://localhost:3142/_next/static/chunks/0bl2_next_dist_compiled_react-dom_01_2rz9._.js:6691:24)
    at runWithFiberInDEV (http://localhost:3142/_next/static/chunks/0bl2_next_dist_compiled_react-dom_01_2rz9._.js:965:74)
    at performUnitOfWork (http://localhost:3142/_next/static/chunks/0bl2_next_dist_compiled_react-dom_01_2rz9._.js:9555:97)
    at workLoopSync (http://localhost:3142/_next/static/chunks/0bl2_next_dist_compiled_react-dom_01_2rz9._.js:9449:40)
    at renderRootSync (http://localhost:3142/_next/static/chunks/0bl2_next_dist_compiled_react-dom_01_2rz9._.js:9433:13)
    at performWorkOnRoot (http://localhost:3142/_next/static/chunks/0bl2_next_dist_compiled_react-dom_01_2rz9._.js:9061:186)
    at performSyncWorkOnRoot (http://localhost:3142/_next/static/chunks/0bl2_next_dist_compiled_react-dom_01_2rz9._.js:10263:9)
    at flushSyncWorkAcrossRoots_impl (http://localhost:3142/_next/static/chunks/0bl2_next_dist_compiled_react-dom_01_2rz9._.js:10179:316)
    at processRootScheduleInMicrotask (http://localhost:3142/_next/static/chunks/0bl2_next_dist_compiled_react-dom_01_2rz9._.js:10200:106)
    at http://localhost:3142/_next/static/chunks/0bl2_next_dist_compiled_react-dom_01_2rz9._.js:10274:158 @ http://localhost:3142/_next/static/chunks/0bl2_next_dist_126uayc._.js:3318
[  967579ms] [ERROR] IntlError: MISSING_MESSAGE: Could not resolve `Bots.status.starting` in messages for locale `en`.
    at getFallbackFromErrorAndNotify (http://localhost:3142/_next/static/chunks/node_modules__pnpm_0dc7kvp._.js:3595:23)
    at translateBaseFn (http://localhost:3142/_next/static/chunks/node_modules__pnpm_0dc7kvp._.js:3625:28)
    at translateFn (http://localhost:3142/_next/static/chunks/node_modules__pnpm_0dc7kvp._.js:3653:24)
    at BotDetailPage (http://localhost:3142/_next/static/chunks/src_0yd.93_._.js:2592:43)
    at Object.react_stack_bottom_frame (http://localhost:3142/_next/static/chunks/0bl2_next_dist_compiled_react-dom_01_2rz9._.js:15037:24)
    at renderWithHooksAgain (http://localhost:3142/_next/static/chunks/0bl2_next_dist_compiled_react-dom_01_2rz9._.js:4675:24)
    at renderWithHooks (http://localhost:3142/_next/static/chunks/0bl2_next_dist_compiled_react-dom_01_2rz9._.js:4626:28)
    at updateFunctionComponent (http://localhost:3142/_next/static/chunks/0bl2_next_dist_compiled_react-dom_01_2rz9._.js:6081:21)
    at beginWork (http://localhost:3142/_next/static/chunks/0bl2_next_dist_compiled_react-dom_01_2rz9._.js:6691:24)
    at runWithFiberInDEV (http://localhost:3142/_next/static/chunks/0bl2_next_dist_compiled_react-dom_01_2rz9._.js:965:74)
    at performUnitOfWork (http://localhost:3142/_next/static/chunks/0bl2_next_dist_compiled_react-dom_01_2rz9._.js:9555:97)
    at workLoopSync (http://localhost:3142/_next/static/chunks/0bl2_next_dist_compiled_react-dom_01_2rz9._.js:9449:40)
    at renderRootSync (http://localhost:3142/_next/static/chunks/0bl2_next_dist_compiled_react-dom_01_2rz9._.js:9433:13)
    at performWorkOnRoot (http://localhost:3142/_next/static/chunks/0bl2_next_dist_compiled_react-dom_01_2rz9._.js:9061:186)
    at performSyncWorkOnRoot (http://localhost:3142/_next/static/chunks/0bl2_next_dist_compiled_react-dom_01_2rz9._.js:10263:9)
    at flushSyncWorkAcrossRoots_impl (http://localhost:3142/_next/static/chunks/0bl2_next_dist_compiled_react-dom_01_2rz9._.js:10179:316)
    at processRootScheduleInMicrotask (http://localhost:3142/_next/static/chunks/0bl2_next_dist_compiled_react-dom_01_2rz9._.js:10200:106)
    at http://localhost:3142/_next/static/chunks/0bl2_next_dist_compiled_react-dom_01_2rz9._.js:10274:158 @ http://localhost:3142/_next/static/chunks/0bl2_next_dist_126uayc._.js:3318
[  967638ms] [ERROR] Failed to load resource: the server responded with a status of 503 (Service Unavailable) @ http://localhost:3142/api/manager/users/73a0e592-45df-40be-8088-304011f976a3/bbgo/orders/closed?mode=paper:0
[  967905ms] [ERROR] Failed to load resource: the server responded with a status of 503 (Service Unavailable) @ http://localhost:3142/api/manager/users/73a0e592-45df-40be-8088-304011f976a3/bbgo/session/binance/balances?mode=paper:0
[  974024ms] [ERROR] Failed to load resource: the server responded with a status of 503 (Service Unavailable) @ http://localhost:3142/api/manager/users/73a0e592-45df-40be-8088-304011f976a3/bbgo/session/binance/open-orders?mode=paper:0
[  975171ms] [ERROR] Failed to load resource: the server responded with a status of 503 (Service Unavailable) @ http://localhost:3142/api/manager/users/73a0e592-45df-40be-8088-304011f976a3/bbgo/session/binance/open-orders?mode=paper:0
[  975292ms] [ERROR] Failed to load resource: the server responded with a status of 503 (Service Unavailable) @ http://localhost:3142/api/manager/users/73a0e592-45df-40be-8088-304011f976a3/bbgo/sessions?mode=paper:0
[  976453ms] [ERROR] Failed to load resource: the server responded with a status of 503 (Service Unavailable) @ http://localhost:3142/api/manager/users/73a0e592-45df-40be-8088-304011f976a3/bbgo/sessions?mode=paper:0
[  982546ms] [ERROR] Failed to load resource: the server responded with a status of 503 (Service Unavailable) @ http://localhost:3142/api/manager/users/73a0e592-45df-40be-8088-304011f976a3/bbgo/trades?mode=paper&symbol=BTCUSDT:0
[  982947ms] [ERROR] IntlError: MISSING_MESSAGE: Could not resolve `Bots.status.starting` in messages for locale `en`.
    at getFallbackFromErrorAndNotify (http://localhost:3142/_next/static/chunks/node_modules__pnpm_0dc7kvp._.js:3595:23)
    at translateBaseFn (http://localhost:3142/_next/static/chunks/node_modules__pnpm_0dc7kvp._.js:3625:28)
    at translateFn (http://localhost:3142/_next/static/chunks/node_modules__pnpm_0dc7kvp._.js:3653:24)
    at BotDetailPage (http://localhost:3142/_next/static/chunks/src_0yd.93_._.js:2592:43)
    at Object.react_stack_bottom_frame (http://localhost:3142/_next/static/chunks/0bl2_next_dist_compiled_react-dom_01_2rz9._.js:15037:24)
    at renderWithHooks (http://localhost:3142/_next/static/chunks/0bl2_next_dist_compiled_react-dom_01_2rz9._.js:4620:24)
    at updateFunctionComponent (http://localhost:3142/_next/static/chunks/0bl2_next_dist_compiled_react-dom_01_2rz9._.js:6081:21)
    at beginWork (http://localhost:3142/_next/static/chunks/0bl2_next_dist_compiled_react-dom_01_2rz9._.js:6691:24)
    at runWithFiberInDEV (http://localhost:3142/_next/static/chunks/0bl2_next_dist_compiled_react-dom_01_2rz9._.js:965:74)
    at performUnitOfWork (http://localhost:3142/_next/static/chunks/0bl2_next_dist_compiled_react-dom_01_2rz9._.js:9555:97)
    at workLoopSync (http://localhost:3142/_next/static/chunks/0bl2_next_dist_compiled_react-dom_01_2rz9._.js:9449:40)
    at renderRootSync (http://localhost:3142/_next/static/chunks/0bl2_next_dist_compiled_react-dom_01_2rz9._.js:9433:13)
    at performWorkOnRoot (http://localhost:3142/_next/static/chunks/0bl2_next_dist_compiled_react-dom_01_2rz9._.js:9061:186)
    at performSyncWorkOnRoot (http://localhost:3142/_next/static/chunks/0bl2_next_dist_compiled_react-dom_01_2rz9._.js:10263:9)
    at flushSyncWorkAcrossRoots_impl (http://localhost:3142/_next/static/chunks/0bl2_next_dist_compiled_react-dom_01_2rz9._.js:10179:316)
    at processRootScheduleInMicrotask (http://localhost:3142/_next/static/chunks/0bl2_next_dist_compiled_react-dom_01_2rz9._.js:10200:106)
    at http://localhost:3142/_next/static/chunks/0bl2_next_dist_compiled_react-dom_01_2rz9._.js:10274:158 @ http://localhost:3142/_next/static/chunks/0bl2_next_dist_126uayc._.js:3318
[  982954ms] [ERROR] IntlError: MISSING_MESSAGE: Could not resolve `Bots.status.starting` in messages for locale `en`.
    at getFallbackFromErrorAndNotify (http://localhost:3142/_next/static/chunks/node_modules__pnpm_0dc7kvp._.js:3595:23)
    at translateBaseFn (http://localhost:3142/_next/static/chunks/node_modules__pnpm_0dc7kvp._.js:3625:28)
    at translateFn (http://localhost:3142/_next/static/chunks/node_modules__pnpm_0dc7kvp._.js:3653:24)
    at BotDetailPage (http://localhost:3142/_next/static/chunks/src_0yd.93_._.js:2592:43)
    at Object.react_stack_bottom_frame (http://localhost:3142/_next/static/chunks/0bl2_next_dist_compiled_react-dom_01_2rz9._.js:15037:24)
    at renderWithHooksAgain (http://localhost:3142/_next/static/chunks/0bl2_next_dist_compiled_react-dom_01_2rz9._.js:4675:24)
    at renderWithHooks (http://localhost:3142/_next/static/chunks/0bl2_next_dist_compiled_react-dom_01_2rz9._.js:4626:28)
    at updateFunctionComponent (http://localhost:3142/_next/static/chunks/0bl2_next_dist_compiled_react-dom_01_2rz9._.js:6081:21)
    at beginWork (http://localhost:3142/_next/static/chunks/0bl2_next_dist_compiled_react-dom_01_2rz9._.js:6691:24)
    at runWithFiberInDEV (http://localhost:3142/_next/static/chunks/0bl2_next_dist_compiled_react-dom_01_2rz9._.js:965:74)
    at performUnitOfWork (http://localhost:3142/_next/static/chunks/0bl2_next_dist_compiled_react-dom_01_2rz9._.js:9555:97)
    at workLoopSync (http://localhost:3142/_next/static/chunks/0bl2_next_dist_compiled_react-dom_01_2rz9._.js:9449:40)
    at renderRootSync (http://localhost:3142/_next/static/chunks/0bl2_next_dist_compiled_react-dom_01_2rz9._.js:9433:13)
    at performWorkOnRoot (http://localhost:3142/_next/static/chunks/0bl2_next_dist_compiled_react-dom_01_2rz9._.js:9061:186)
    at performSyncWorkOnRoot (http://localhost:3142/_next/static/chunks/0bl2_next_dist_compiled_react-dom_01_2rz9._.js:10263:9)
    at flushSyncWorkAcrossRoots_impl (http://localhost:3142/_next/static/chunks/0bl2_next_dist_compiled_react-dom_01_2rz9._.js:10179:316)
    at processRootScheduleInMicrotask (http://localhost:3142/_next/static/chunks/0bl2_next_dist_compiled_react-dom_01_2rz9._.js:10200:106)
    at http://localhost:3142/_next/static/chunks/0bl2_next_dist_compiled_react-dom_01_2rz9._.js:10274:158 @ http://localhost:3142/_next/static/chunks/0bl2_next_dist_126uayc._.js:3318
[  983030ms] [ERROR] Failed to load resource: the server responded with a status of 503 (Service Unavailable) @ http://localhost:3142/api/manager/users/73a0e592-45df-40be-8088-304011f976a3/bbgo/orders/closed?mode=paper:0
[  983041ms] [ERROR] Failed to load resource: the server responded with a status of 503 (Service Unavailable) @ http://localhost:3142/api/manager/users/73a0e592-45df-40be-8088-304011f976a3/bbgo/session/binance/balances?mode=paper:0
[  983696ms] [ERROR] Failed to load resource: the server responded with a status of 503 (Service Unavailable) @ http://localhost:3142/api/manager/users/73a0e592-45df-40be-8088-304011f976a3/bbgo/trades?mode=paper&symbol=BTCUSDT:0
[  984194ms] [ERROR] Failed to load resource: the server responded with a status of 503 (Service Unavailable) @ http://localhost:3142/api/manager/users/73a0e592-45df-40be-8088-304011f976a3/bbgo/orders/closed?mode=paper:0
[  984282ms] [ERROR] Failed to load resource: the server responded with a status of 503 (Service Unavailable) @ http://localhost:3142/api/manager/users/73a0e592-45df-40be-8088-304011f976a3/bbgo/session/binance/balances?mode=paper:0
[  985308ms] [ERROR] Failed to load resource: the server responded with a status of 503 (Service Unavailable) @ http://localhost:3142/api/manager/users/73a0e592-45df-40be-8088-304011f976a3/bbgo/session/binance/open-orders?mode=paper:0
[  986426ms] [ERROR] Failed to load resource: the server responded with a status of 503 (Service Unavailable) @ http://localhost:3142/api/manager/users/73a0e592-45df-40be-8088-304011f976a3/bbgo/session/binance/open-orders?mode=paper:0
[  988241ms] [ERROR] Failed to load resource: the server responded with a status of 503 (Service Unavailable) @ http://localhost:3142/api/manager/users/73a0e592-45df-40be-8088-304011f976a3/bbgo/strategies?mode=paper:0
[  988245ms] [ERROR] Failed to load resource: the server responded with a status of 503 (Service Unavailable) @ http://localhost:3142/api/manager/users/73a0e592-45df-40be-8088-304011f976a3/bbgo/ping?mode=paper:0
[  988559ms] [ERROR] Failed to load resource: the server responded with a status of 503 (Service Unavailable) @ http://localhost:3142/api/manager/users/73a0e592-45df-40be-8088-304011f976a3/bbgo/pnl?mode=paper&symbol=BTCUSDT:0
[  989342ms] [ERROR] Failed to load resource: the server responded with a status of 503 (Service Unavailable) @ http://localhost:3142/api/manager/users/73a0e592-45df-40be-8088-304011f976a3/bbgo/strategies?mode=paper:0
[  989366ms] [ERROR] Failed to load resource: the server responded with a status of 503 (Service Unavailable) @ http://localhost:3142/api/manager/users/73a0e592-45df-40be-8088-304011f976a3/bbgo/ping?mode=paper:0
[  989783ms] [ERROR] Failed to load resource: the server responded with a status of 503 (Service Unavailable) @ http://localhost:3142/api/manager/users/73a0e592-45df-40be-8088-304011f976a3/bbgo/pnl?mode=paper&symbol=BTCUSDT:0
[  991575ms] [ERROR] Failed to load resource: the server responded with a status of 503 (Service Unavailable) @ http://localhost:3142/api/manager/users/73a0e592-45df-40be-8088-304011f976a3/bbgo/sessions?mode=paper:0
[  992699ms] [ERROR] Failed to load resource: the server responded with a status of 503 (Service Unavailable) @ http://localhost:3142/api/manager/users/73a0e592-45df-40be-8088-304011f976a3/bbgo/sessions?mode=paper:0
[  996575ms] [ERROR] Failed to load resource: the server responded with a status of 503 (Service Unavailable) @ http://localhost:3142/api/manager/users/73a0e592-45df-40be-8088-304011f976a3/bbgo/session/binance/open-orders?mode=paper:0
[  997693ms] [ERROR] Failed to load resource: the server responded with a status of 503 (Service Unavailable) @ http://localhost:3142/api/manager/users/73a0e592-45df-40be-8088-304011f976a3/bbgo/session/binance/open-orders?mode=paper:0
[  998806ms] [ERROR] Failed to load resource: the server responded with a status of 503 (Service Unavailable) @ http://localhost:3142/api/manager/users/73a0e592-45df-40be-8088-304011f976a3/bbgo/trades?mode=paper&symbol=BTCUSDT:0
[  999333ms] [ERROR] Failed to load resource: the server responded with a status of 503 (Service Unavailable) @ http://localhost:3142/api/manager/users/73a0e592-45df-40be-8088-304011f976a3/bbgo/orders/closed?mode=paper:0
[  999406ms] [ERROR] Failed to load resource: the server responded with a status of 503 (Service Unavailable) @ http://localhost:3142/api/manager/users/73a0e592-45df-40be-8088-304011f976a3/bbgo/session/binance/balances?mode=paper:0
[  999933ms] [ERROR] Failed to load resource: the server responded with a status of 503 (Service Unavailable) @ http://localhost:3142/api/manager/users/73a0e592-45df-40be-8088-304011f976a3/bbgo/trades?mode=paper&symbol=BTCUSDT:0
[ 1000474ms] [ERROR] Failed to load resource: the server responded with a status of 503 (Service Unavailable) @ http://localhost:3142/api/manager/users/73a0e592-45df-40be-8088-304011f976a3/bbgo/orders/closed?mode=paper:0
[ 1000732ms] [ERROR] Failed to load resource: the server responded with a status of 503 (Service Unavailable) @ http://localhost:3142/api/manager/users/73a0e592-45df-40be-8088-304011f976a3/bbgo/session/binance/balances?mode=paper:0
[ 1008170ms] [ERROR] Failed to load resource: the server responded with a status of 503 (Service Unavailable) @ http://localhost:3142/api/manager/users/73a0e592-45df-40be-8088-304011f976a3/bbgo/sessions?mode=paper:0
[ 1008175ms] [ERROR] Failed to load resource: the server responded with a status of 503 (Service Unavailable) @ http://localhost:3142/api/manager/users/73a0e592-45df-40be-8088-304011f976a3/bbgo/session/binance/open-orders?mode=paper:0
[ 1009323ms] [ERROR] Failed to load resource: the server responded with a status of 503 (Service Unavailable) @ http://localhost:3142/api/manager/users/73a0e592-45df-40be-8088-304011f976a3/bbgo/session/binance/open-orders?mode=paper:0
[ 1009325ms] [ERROR] Failed to load resource: the server responded with a status of 503 (Service Unavailable) @ http://localhost:3142/api/manager/users/73a0e592-45df-40be-8088-304011f976a3/bbgo/sessions?mode=paper:0
[ 1015068ms] [ERROR] Failed to load resource: the server responded with a status of 503 (Service Unavailable) @ http://localhost:3142/api/manager/users/73a0e592-45df-40be-8088-304011f976a3/bbgo/trades?mode=paper&symbol=BTCUSDT:0
[ 1015640ms] [ERROR] Failed to load resource: the server responded with a status of 503 (Service Unavailable) @ http://localhost:3142/api/manager/users/73a0e592-45df-40be-8088-304011f976a3/bbgo/orders/closed?mode=paper:0
[ 1015856ms] [ERROR] Failed to load resource: the server responded with a status of 503 (Service Unavailable) @ http://localhost:3142/api/manager/users/73a0e592-45df-40be-8088-304011f976a3/bbgo/session/binance/balances?mode=paper:0
[ 1016178ms] [ERROR] Failed to load resource: the server responded with a status of 503 (Service Unavailable) @ http://localhost:3142/api/manager/users/73a0e592-45df-40be-8088-304011f976a3/bbgo/trades?mode=paper&symbol=BTCUSDT:0
[ 1016771ms] [ERROR] Failed to load resource: the server responded with a status of 503 (Service Unavailable) @ http://localhost:3142/api/manager/users/73a0e592-45df-40be-8088-304011f976a3/bbgo/orders/closed?mode=paper:0
[ 1016982ms] [ERROR] Failed to load resource: the server responded with a status of 503 (Service Unavailable) @ http://localhost:3142/api/manager/users/73a0e592-45df-40be-8088-304011f976a3/bbgo/session/binance/balances?mode=paper:0
[ 1019462ms] [ERROR] Failed to load resource: the server responded with a status of 503 (Service Unavailable) @ http://localhost:3142/api/manager/users/73a0e592-45df-40be-8088-304011f976a3/bbgo/session/binance/open-orders?mode=paper:0
[ 1019560ms] [ERROR] Failed to load resource: the server responded with a status of 503 (Service Unavailable) @ http://localhost:3142/api/manager/users/73a0e592-45df-40be-8088-304011f976a3/bbgo/ping?mode=paper:0
[ 1019635ms] [ERROR] Failed to load resource: the server responded with a status of 503 (Service Unavailable) @ http://localhost:3142/api/manager/users/73a0e592-45df-40be-8088-304011f976a3/bbgo/strategies?mode=paper:0
[ 1020012ms] [ERROR] Failed to load resource: the server responded with a status of 503 (Service Unavailable) @ http://localhost:3142/api/manager/users/73a0e592-45df-40be-8088-304011f976a3/bbgo/pnl?mode=paper&symbol=BTCUSDT:0
[ 1020588ms] [ERROR] Failed to load resource: the server responded with a status of 503 (Service Unavailable) @ http://localhost:3142/api/manager/users/73a0e592-45df-40be-8088-304011f976a3/bbgo/session/binance/open-orders?mode=paper:0
[ 1020719ms] [ERROR] Failed to load resource: the server responded with a status of 503 (Service Unavailable) @ http://localhost:3142/api/manager/users/73a0e592-45df-40be-8088-304011f976a3/bbgo/ping?mode=paper:0
[ 1020760ms] [ERROR] Failed to load resource: the server responded with a status of 503 (Service Unavailable) @ http://localhost:3142/api/manager/users/73a0e592-45df-40be-8088-304011f976a3/bbgo/strategies?mode=paper:0
[ 1021249ms] [ERROR] Failed to load resource: the server responded with a status of 503 (Service Unavailable) @ http://localhost:3142/api/manager/users/73a0e592-45df-40be-8088-304011f976a3/bbgo/pnl?mode=paper&symbol=BTCUSDT:0
[ 1024504ms] [ERROR] Failed to load resource: the server responded with a status of 503 (Service Unavailable) @ http://localhost:3142/api/manager/users/73a0e592-45df-40be-8088-304011f976a3/bbgo/sessions?mode=paper:0
[ 1025628ms] [ERROR] Failed to load resource: the server responded with a status of 503 (Service Unavailable) @ http://localhost:3142/api/manager/users/73a0e592-45df-40be-8088-304011f976a3/bbgo/sessions?mode=paper:0
[ 1030748ms] [ERROR] Failed to load resource: the server responded with a status of 503 (Service Unavailable) @ http://localhost:3142/api/manager/users/73a0e592-45df-40be-8088-304011f976a3/bbgo/session/binance/open-orders?mode=paper:0
[ 1031302ms] [ERROR] Failed to load resource: the server responded with a status of 503 (Service Unavailable) @ http://localhost:3142/api/manager/users/73a0e592-45df-40be-8088-304011f976a3/bbgo/trades?mode=paper&symbol=BTCUSDT:0
[ 1031885ms] [ERROR] Failed to load resource: the server responded with a status of 503 (Service Unavailable) @ http://localhost:3142/api/manager/users/73a0e592-45df-40be-8088-304011f976a3/bbgo/session/binance/open-orders?mode=paper:0
[ 1031985ms] [ERROR] Failed to load resource: the server responded with a status of 503 (Service Unavailable) @ http://localhost:3142/api/manager/users/73a0e592-45df-40be-8088-304011f976a3/bbgo/orders/closed?mode=paper:0
[ 1032098ms] [ERROR] Failed to load resource: the server responded with a status of 503 (Service Unavailable) @ http://localhost:3142/api/manager/users/73a0e592-45df-40be-8088-304011f976a3/bbgo/session/binance/balances?mode=paper:0
[ 1032435ms] [ERROR] Failed to load resource: the server responded with a status of 503 (Service Unavailable) @ http://localhost:3142/api/manager/users/73a0e592-45df-40be-8088-304011f976a3/bbgo/trades?mode=paper&symbol=BTCUSDT:0
[ 1033138ms] [ERROR] Failed to load resource: the server responded with a status of 503 (Service Unavailable) @ http://localhost:3142/api/manager/users/73a0e592-45df-40be-8088-304011f976a3/bbgo/orders/closed?mode=paper:0
[ 1033267ms] [ERROR] Failed to load resource: the server responded with a status of 503 (Service Unavailable) @ http://localhost:3142/api/manager/users/73a0e592-45df-40be-8088-304011f976a3/bbgo/session/binance/balances?mode=paper:0
[ 1041095ms] [ERROR] Failed to load resource: the server responded with a status of 503 (Service Unavailable) @ http://localhost:3142/api/manager/users/73a0e592-45df-40be-8088-304011f976a3/bbgo/sessions?mode=paper:0
[ 1041993ms] [ERROR] Failed to load resource: the server responded with a status of 503 (Service Unavailable) @ http://localhost:3142/api/manager/users/73a0e592-45df-40be-8088-304011f976a3/bbgo/session/binance/open-orders?mode=paper:0
[ 1042228ms] [ERROR] Failed to load resource: the server responded with a status of 503 (Service Unavailable) @ http://localhost:3142/api/manager/users/73a0e592-45df-40be-8088-304011f976a3/bbgo/sessions?mode=paper:0
[ 1043141ms] [ERROR] Failed to load resource: the server responded with a status of 503 (Service Unavailable) @ http://localhost:3142/api/manager/users/73a0e592-45df-40be-8088-304011f976a3/bbgo/session/binance/open-orders?mode=paper:0
[ 1047578ms] [ERROR] Failed to load resource: the server responded with a status of 503 (Service Unavailable) @ http://localhost:3142/api/manager/users/73a0e592-45df-40be-8088-304011f976a3/bbgo/trades?mode=paper&symbol=BTCUSDT:0
[ 1048265ms] [ERROR] Failed to load resource: the server responded with a status of 503 (Service Unavailable) @ http://localhost:3142/api/manager/users/73a0e592-45df-40be-8088-304011f976a3/bbgo/orders/closed?mode=paper:0
[ 1048378ms] [ERROR] Failed to load resource: the server responded with a status of 503 (Service Unavailable) @ http://localhost:3142/api/manager/users/73a0e592-45df-40be-8088-304011f976a3/bbgo/session/binance/balances?mode=paper:0
[ 1048719ms] [ERROR] Failed to load resource: the server responded with a status of 503 (Service Unavailable) @ http://localhost:3142/api/manager/users/73a0e592-45df-40be-8088-304011f976a3/bbgo/trades?mode=paper&symbol=BTCUSDT:0
[ 1049395ms] [ERROR] Failed to load resource: the server responded with a status of 503 (Service Unavailable) @ http://localhost:3142/api/manager/users/73a0e592-45df-40be-8088-304011f976a3/bbgo/orders/closed?mode=paper:0
[ 1049496ms] [ERROR] Failed to load resource: the server responded with a status of 503 (Service Unavailable) @ http://localhost:3142/api/manager/users/73a0e592-45df-40be-8088-304011f976a3/bbgo/session/binance/balances?mode=paper:0
[ 1050844ms] [ERROR] Failed to load resource: the server responded with a status of 503 (Service Unavailable) @ http://localhost:3142/api/manager/users/73a0e592-45df-40be-8088-304011f976a3/bbgo/ping?mode=paper:0
[ 1051484ms] [ERROR] Failed to load resource: the server responded with a status of 503 (Service Unavailable) @ http://localhost:3142/api/manager/users/73a0e592-45df-40be-8088-304011f976a3/bbgo/pnl?mode=paper&symbol=BTCUSDT:0
[ 1051979ms] [ERROR] Failed to load resource: the server responded with a status of 503 (Service Unavailable) @ http://localhost:3142/api/manager/users/73a0e592-45df-40be-8088-304011f976a3/bbgo/ping?mode=paper:0
[ 1052727ms] [ERROR] Failed to load resource: the server responded with a status of 503 (Service Unavailable) @ http://localhost:3142/api/manager/users/73a0e592-45df-40be-8088-304011f976a3/bbgo/pnl?mode=paper&symbol=BTCUSDT:0
[ 1053323ms] [ERROR] Failed to load resource: the server responded with a status of 503 (Service Unavailable) @ http://localhost:3142/api/manager/users/73a0e592-45df-40be-8088-304011f976a3/bbgo/session/binance/open-orders?mode=paper:0
[ 1053633ms] [ERROR] Failed to load resource: the server responded with a status of 503 (Service Unavailable) @ http://localhost:3142/api/manager/users/73a0e592-45df-40be-8088-304011f976a3/bbgo/strategies?mode=paper:0
[ 1054486ms] [ERROR] Failed to load resource: the server responded with a status of 503 (Service Unavailable) @ http://localhost:3142/api/manager/users/73a0e592-45df-40be-8088-304011f976a3/bbgo/session/binance/open-orders?mode=paper:0
[ 1054793ms] [ERROR] Failed to load resource: the server responded with a status of 503 (Service Unavailable) @ http://localhost:3142/api/manager/users/73a0e592-45df-40be-8088-304011f976a3/bbgo/strategies?mode=paper:0
[ 1057377ms] [ERROR] Failed to load resource: the server responded with a status of 503 (Service Unavailable) @ http://localhost:3142/api/manager/users/73a0e592-45df-40be-8088-304011f976a3/bbgo/sessions?mode=paper:0
[ 1058523ms] [ERROR] Failed to load resource: the server responded with a status of 503 (Service Unavailable) @ http://localhost:3142/api/manager/users/73a0e592-45df-40be-8088-304011f976a3/bbgo/sessions?mode=paper:0
[ 1064194ms] [ERROR] Failed to load resource: the server responded with a status of 503 (Service Unavailable) @ http://localhost:3142/api/manager/users/73a0e592-45df-40be-8088-304011f976a3/bbgo/trades?mode=paper&symbol=BTCUSDT:0
[ 1064539ms] [ERROR] Failed to load resource: the server responded with a status of 503 (Service Unavailable) @ http://localhost:3142/api/manager/users/73a0e592-45df-40be-8088-304011f976a3/bbgo/orders/closed?mode=paper:0
[ 1064672ms] [ERROR] Failed to load resource: the server responded with a status of 503 (Service Unavailable) @ http://localhost:3142/api/manager/users/73a0e592-45df-40be-8088-304011f976a3/bbgo/session/binance/open-orders?mode=paper:0
[ 1064775ms] [ERROR] Failed to load resource: the server responded with a status of 503 (Service Unavailable) @ http://localhost:3142/api/manager/users/73a0e592-45df-40be-8088-304011f976a3/bbgo/session/binance/balances?mode=paper:0
[ 1065326ms] [ERROR] Failed to load resource: the server responded with a status of 503 (Service Unavailable) @ http://localhost:3142/api/manager/users/73a0e592-45df-40be-8088-304011f976a3/bbgo/trades?mode=paper&symbol=BTCUSDT:0
[ 1065692ms] [ERROR] Failed to load resource: the server responded with a status of 503 (Service Unavailable) @ http://localhost:3142/api/manager/users/73a0e592-45df-40be-8088-304011f976a3/bbgo/orders/closed?mode=paper:0
[ 1065833ms] [ERROR] Failed to load resource: the server responded with a status of 503 (Service Unavailable) @ http://localhost:3142/api/manager/users/73a0e592-45df-40be-8088-304011f976a3/bbgo/session/binance/open-orders?mode=paper:0
[ 1065901ms] [ERROR] Failed to load resource: the server responded with a status of 503 (Service Unavailable) @ http://localhost:3142/api/manager/users/73a0e592-45df-40be-8088-304011f976a3/bbgo/session/binance/balances?mode=paper:0
[ 1073645ms] [ERROR] Failed to load resource: the server responded with a status of 503 (Service Unavailable) @ http://localhost:3142/api/manager/users/73a0e592-45df-40be-8088-304011f976a3/bbgo/sessions?mode=paper:0
[ 1074810ms] [ERROR] Failed to load resource: the server responded with a status of 503 (Service Unavailable) @ http://localhost:3142/api/manager/users/73a0e592-45df-40be-8088-304011f976a3/bbgo/sessions?mode=paper:0
[ 1075998ms] [ERROR] Failed to load resource: the server responded with a status of 503 (Service Unavailable) @ http://localhost:3142/api/manager/users/73a0e592-45df-40be-8088-304011f976a3/bbgo/session/binance/open-orders?mode=paper:0
[ 1077193ms] [ERROR] Failed to load resource: the server responded with a status of 503 (Service Unavailable) @ http://localhost:3142/api/manager/users/73a0e592-45df-40be-8088-304011f976a3/bbgo/session/binance/open-orders?mode=paper:0
[ 1080499ms] [ERROR] Failed to load resource: the server responded with a status of 503 (Service Unavailable) @ http://localhost:3142/api/manager/users/73a0e592-45df-40be-8088-304011f976a3/bbgo/trades?mode=paper&symbol=BTCUSDT:0
[ 1080893ms] [ERROR] Failed to load resource: the server responded with a status of 503 (Service Unavailable) @ http://localhost:3142/api/manager/users/73a0e592-45df-40be-8088-304011f976a3/bbgo/orders/closed?mode=paper:0
[ 1081041ms] [ERROR] Failed to load resource: the server responded with a status of 503 (Service Unavailable) @ http://localhost:3142/api/manager/users/73a0e592-45df-40be-8088-304011f976a3/bbgo/session/binance/balances?mode=paper:0
[ 1081644ms] [ERROR] Failed to load resource: the server responded with a status of 503 (Service Unavailable) @ http://localhost:3142/api/manager/users/73a0e592-45df-40be-8088-304011f976a3/bbgo/trades?mode=paper&symbol=BTCUSDT:0
[ 1082065ms] [ERROR] Failed to load resource: the server responded with a status of 503 (Service Unavailable) @ http://localhost:3142/api/manager/users/73a0e592-45df-40be-8088-304011f976a3/bbgo/orders/closed?mode=paper:0
[ 1082174ms] [ERROR] Failed to load resource: the server responded with a status of 503 (Service Unavailable) @ http://localhost:3142/api/manager/users/73a0e592-45df-40be-8088-304011f976a3/bbgo/session/binance/balances?mode=paper:0
[ 1082200ms] [ERROR] Failed to load resource: the server responded with a status of 503 (Service Unavailable) @ http://localhost:3142/api/manager/users/73a0e592-45df-40be-8088-304011f976a3/bbgo/ping?mode=paper:0
[ 1083036ms] [ERROR] Failed to load resource: the server responded with a status of 503 (Service Unavailable) @ http://localhost:3142/api/manager/users/73a0e592-45df-40be-8088-304011f976a3/bbgo/pnl?mode=paper&symbol=BTCUSDT:0
[ 1083411ms] [ERROR] Failed to load resource: the server responded with a status of 503 (Service Unavailable) @ http://localhost:3142/api/manager/users/73a0e592-45df-40be-8088-304011f976a3/bbgo/ping?mode=paper:0
[ 1084418ms] [ERROR] Failed to load resource: the server responded with a status of 503 (Service Unavailable) @ http://localhost:3142/api/manager/users/73a0e592-45df-40be-8088-304011f976a3/bbgo/pnl?mode=paper&symbol=BTCUSDT:0
[ 1084936ms] [ERROR] Failed to load resource: the server responded with a status of 503 (Service Unavailable) @ http://localhost:3142/api/manager/users/73a0e592-45df-40be-8088-304011f976a3/bbgo/strategies?mode=paper:0
[ 1086089ms] [ERROR] Failed to load resource: the server responded with a status of 503 (Service Unavailable) @ http://localhost:3142/api/manager/users/73a0e592-45df-40be-8088-304011f976a3/bbgo/strategies?mode=paper:0
[ 1087363ms] [ERROR] Failed to load resource: the server responded with a status of 503 (Service Unavailable) @ http://localhost:3142/api/manager/users/73a0e592-45df-40be-8088-304011f976a3/bbgo/session/binance/open-orders?mode=paper:0
[ 1088509ms] [ERROR] Failed to load resource: the server responded with a status of 503 (Service Unavailable) @ http://localhost:3142/api/manager/users/73a0e592-45df-40be-8088-304011f976a3/bbgo/session/binance/open-orders?mode=paper:0
[ 1091355ms] [ERROR] Failed to load resource: the server responded with a status of 503 (Service Unavailable) @ http://localhost:3142/api/manager/users/73a0e592-45df-40be-8088-304011f976a3/bbgo/sessions?mode=paper:0
[ 1092809ms] [ERROR] Failed to load resource: the server responded with a status of 503 (Service Unavailable) @ http://localhost:3142/api/manager/users/73a0e592-45df-40be-8088-304011f976a3/bbgo/sessions?mode=paper:0
[ 1103417ms] [ERROR] Failed to load resource: the server responded with a status of 503 (Service Unavailable) @ http://localhost:3142/api/manager/users/73a0e592-45df-40be-8088-304011f976a3/bbgo/session/binance/open-orders?mode=paper:0
[ 1103444ms] [ERROR] Failed to load resource: the server responded with a status of 503 (Service Unavailable) @ http://localhost:3142/api/manager/users/73a0e592-45df-40be-8088-304011f976a3/bbgo/orders/closed?mode=paper:0
[ 1103461ms] [ERROR] Failed to load resource: the server responded with a status of 503 (Service Unavailable) @ http://localhost:3142/api/manager/users/73a0e592-45df-40be-8088-304011f976a3/bbgo/trades?mode=paper&symbol=BTCUSDT:0
[ 1103471ms] [ERROR] Failed to load resource: the server responded with a status of 503 (Service Unavailable) @ http://localhost:3142/api/manager/users/73a0e592-45df-40be-8088-304011f976a3/bbgo/session/binance/balances?mode=paper:0
[ 1104651ms] [ERROR] Failed to load resource: the server responded with a status of 503 (Service Unavailable) @ http://localhost:3142/api/manager/users/73a0e592-45df-40be-8088-304011f976a3/bbgo/session/binance/open-orders?mode=paper:0
[ 1104672ms] [ERROR] Failed to load resource: the server responded with a status of 503 (Service Unavailable) @ http://localhost:3142/api/manager/users/73a0e592-45df-40be-8088-304011f976a3/bbgo/orders/closed?mode=paper:0
[ 1104690ms] [ERROR] Failed to load resource: the server responded with a status of 503 (Service Unavailable) @ http://localhost:3142/api/manager/users/73a0e592-45df-40be-8088-304011f976a3/bbgo/trades?mode=paper&symbol=BTCUSDT:0
[ 1104721ms] [ERROR] Failed to load resource: the server responded with a status of 503 (Service Unavailable) @ http://localhost:3142/api/manager/users/73a0e592-45df-40be-8088-304011f976a3/bbgo/session/binance/balances?mode=paper:0
[ 1107992ms] [ERROR] Failed to load resource: the server responded with a status of 503 (Service Unavailable) @ http://localhost:3142/api/manager/users/73a0e592-45df-40be-8088-304011f976a3/bbgo/sessions?mode=paper:0
[ 1109146ms] [ERROR] Failed to load resource: the server responded with a status of 503 (Service Unavailable) @ http://localhost:3142/api/manager/users/73a0e592-45df-40be-8088-304011f976a3/bbgo/sessions?mode=paper:0
[ 1114108ms] [ERROR] Failed to load resource: the server responded with a status of 500 (Internal Server Error) @ http://localhost:3142/api/manager/users/73a0e592-45df-40be-8088-304011f976a3/bbgo/ping?mode=paper:0
[ 1114907ms] [ERROR] Failed to load resource: the server responded with a status of 500 (Internal Server Error) @ http://localhost:3142/api/manager/users/73a0e592-45df-40be-8088-304011f976a3/bbgo/session/binance/open-orders?mode=paper:0
[ 1115073ms] [ERROR] Failed to load resource: the server responded with a status of 500 (Internal Server Error) @ http://localhost:3142/api/manager/users/73a0e592-45df-40be-8088-304011f976a3/bbgo/pnl?mode=paper&symbol=BTCUSDT:0
[ 1115407ms] [ERROR] Failed to load resource: the server responded with a status of 500 (Internal Server Error) @ http://localhost:3142/api/manager/users/73a0e592-45df-40be-8088-304011f976a3/bbgo/ping?mode=paper:0
[ 1116573ms] [ERROR] Failed to load resource: the server responded with a status of 500 (Internal Server Error) @ http://localhost:3142/api/manager/users/73a0e592-45df-40be-8088-304011f976a3/bbgo/session/binance/open-orders?mode=paper:0
[ 1116775ms] [ERROR] Failed to load resource: the server responded with a status of 500 (Internal Server Error) @ http://localhost:3142/api/manager/users/73a0e592-45df-40be-8088-304011f976a3/bbgo/pnl?mode=paper&symbol=BTCUSDT:0
[ 1117004ms] [ERROR] Failed to load resource: the server responded with a status of 500 (Internal Server Error) @ http://localhost:3142/api/manager/users/73a0e592-45df-40be-8088-304011f976a3/bbgo/strategies?mode=paper:0
[ 1118418ms] [ERROR] Failed to load resource: the server responded with a status of 502 (Bad Gateway) @ http://localhost:3142/api/manager/users/73a0e592-45df-40be-8088-304011f976a3/bbgo/strategies?mode=paper:0
[ 1119875ms] [ERROR] Failed to load resource: the server responded with a status of 502 (Bad Gateway) @ http://localhost:3142/api/manager/users/73a0e592-45df-40be-8088-304011f976a3/bbgo/orders/closed?mode=paper:0
[ 1119907ms] [ERROR] Failed to load resource: the server responded with a status of 502 (Bad Gateway) @ http://localhost:3142/api/manager/users/73a0e592-45df-40be-8088-304011f976a3/bbgo/trades?mode=paper&symbol=BTCUSDT:0
[ 1120009ms] [ERROR] Failed to load resource: the server responded with a status of 502 (Bad Gateway) @ http://localhost:3142/api/manager/users/73a0e592-45df-40be-8088-304011f976a3/bbgo/session/binance/balances?mode=paper:0
[ 1121053ms] [ERROR] Failed to load resource: the server responded with a status of 502 (Bad Gateway) @ http://localhost:3142/api/manager/users/73a0e592-45df-40be-8088-304011f976a3/bbgo/orders/closed?mode=paper:0
[ 1121131ms] [ERROR] Failed to load resource: the server responded with a status of 502 (Bad Gateway) @ http://localhost:3142/api/manager/users/73a0e592-45df-40be-8088-304011f976a3/bbgo/trades?mode=paper&symbol=BTCUSDT:0
[ 1121237ms] [ERROR] Failed to load resource: the server responded with a status of 502 (Bad Gateway) @ http://localhost:3142/api/manager/users/73a0e592-45df-40be-8088-304011f976a3/bbgo/session/binance/balances?mode=paper:0
[ 1124350ms] [ERROR] Failed to load resource: the server responded with a status of 502 (Bad Gateway) @ http://localhost:3142/api/manager/users/73a0e592-45df-40be-8088-304011f976a3/bbgo/sessions?mode=paper:0
[ 1125525ms] [ERROR] Failed to load resource: the server responded with a status of 502 (Bad Gateway) @ http://localhost:3142/api/manager/users/73a0e592-45df-40be-8088-304011f976a3/bbgo/sessions?mode=paper:0
[ 1136232ms] [ERROR] Failed to load resource: the server responded with a status of 503 (Service Unavailable) @ http://localhost:3142/api/manager/users/73a0e592-45df-40be-8088-304011f976a3/bbgo/orders/closed?mode=paper:0
[ 1136348ms] [ERROR] Failed to load resource: the server responded with a status of 503 (Service Unavailable) @ http://localhost:3142/api/manager/users/73a0e592-45df-40be-8088-304011f976a3/bbgo/trades?mode=paper&symbol=BTCUSDT:0
[ 1136467ms] [ERROR] Failed to load resource: the server responded with a status of 503 (Service Unavailable) @ http://localhost:3142/api/manager/users/73a0e592-45df-40be-8088-304011f976a3/bbgo/session/binance/balances?mode=paper:0
[ 1270401ms] [ERROR] Failed to load resource: the server responded with a status of 401 (Unauthorized) @ http://localhost:3142/api/manager/users/73a0e592-45df-40be-8088-304011f976a3/bbgo/session/binance/open-orders?mode=paper:0
[ 1272869ms] [ERROR] Failed to load resource: the server responded with a status of 404 (Not Found) @ http://localhost:3142/user/login:0
[ 1273525ms] [INFO] %cDownload the React DevTools for a better development experience: https://react.dev/link/react-devtools font-weight:bold @ http://localhost:3142/_next/static/chunks/0bl2_next_dist_126uayc._.js:2477
[ 1273725ms] [LOG] [HMR] connected @ http://localhost:3142/_next/static/chunks/0bl2_next_dist_126uayc._.js:2477
[ 1291852ms] A listener indicated an asynchronous response by returning true, but the message channel closed before a response was received
[ 1291852ms] A listener indicated an asynchronous response by returning true, but the message channel closed before a response was received
[ 1291853ms] A listener indicated an asynchronous response by returning true, but the message channel closed before a response was received
[ 1291854ms] A listener indicated an asynchronous response by returning true, but the message channel closed before a response was received
[ 1291855ms] A listener indicated an asynchronous response by returning true, but the message channel closed before a response was received
