[     777ms] [INFO] %cDownload the React DevTools for a better development experience: https://react.dev/link/react-devtools font-weight:bold @ http://localhost:3142/_next/static/chunks/0bl2_next_dist_126uayc._.js:2477
[     824ms] [LOG] [HMR] connected @ http://localhost:3142/_next/static/chunks/0bl2_next_dist_126uayc._.js:2477
[   49593ms] A listener indicated an asynchronous response by returning true, but the message channel closed before a response was received
[   49593ms] A listener indicated an asynchronous response by returning true, but the message channel closed before a response was received
[   49594ms] A listener indicated an asynchronous response by returning true, but the message channel closed before a response was received
[   49595ms] A listener indicated an asynchronous response by returning true, but the message channel closed before a response was received
[   49595ms] A listener indicated an asynchronous response by returning true, but the message channel closed before a response was received
[  251820ms] [LOG] [Fast Refresh] rebuilding @ http://localhost:3142/_next/static/chunks/0bl2_next_dist_126uayc._.js:2477
[  278193ms] [ERROR] Failed to load resource: the server responded with a status of 500 (Internal Server Error) @ http://localhost:3142/api/manager/users/73a0e592-45df-40be-8088-304011f976a3/bbgo/ping?mode=paper:0
[  278193ms] [ERROR] Failed to load resource: the server responded with a status of 500 (Internal Server Error) @ http://localhost:3142/api/manager/users/73a0e592-45df-40be-8088-304011f976a3/bbgo/strategies?mode=paper:0
[  278611ms] [ERROR] Failed to load resource: the server responded with a status of 500 (Internal Server Error) @ http://localhost:3142/api/manager/users/73a0e592-45df-40be-8088-304011f976a3/bbgo/pnl?mode=paper&symbol=BTCUSDT:0
[  278614ms] [ERROR] Failed to load resource: the server responded with a status of 500 (Internal Server Error) @ http://localhost:3142/api/manager/users/73a0e592-45df-40be-8088-304011f976a3/bbgo/orders/closed?mode=paper:0
[  278614ms] [ERROR] Failed to load resource: the server responded with a status of 500 (Internal Server Error) @ http://localhost:3142/api/manager/users/73a0e592-45df-40be-8088-304011f976a3/bbgo/trades?mode=paper&symbol=BTCUSDT:0
[  278615ms] [ERROR] Failed to load resource: the server responded with a status of 500 (Internal Server Error) @ http://localhost:3142/api/manager/users/73a0e592-45df-40be-8088-304011f976a3/bbgo/sessions?mode=paper:0
[  278790ms] [ERROR] Failed to load resource: the server responded with a status of 500 (Internal Server Error) @ http://localhost:3142/api/manager/users/73a0e592-45df-40be-8088-304011f976a3/bots/strat-a1af38ffa23205c2:0
[  278791ms] [ERROR] Failed to load resource: the server responded with a status of 500 (Internal Server Error) @ http://localhost:3142/api/manager/users/73a0e592-45df-40be-8088-304011f976a3/logs?mode=paper&tail=100:0
[  278960ms] [ERROR] Failed to load resource: the server responded with a status of 500 (Internal Server Error) @ http://localhost:3142/api/manager/users/73a0e592-45df-40be-8088-304011f976a3/bbgo/session/binance/balances?mode=paper:0
[  279458ms] [ERROR] Failed to load resource: the server responded with a status of 500 (Internal Server Error) @ http://localhost:3142/api/manager/users/73a0e592-45df-40be-8088-304011f976a3/bbgo/ping?mode=paper:0
[  279611ms] [ERROR] Failed to load resource: the server responded with a status of 500 (Internal Server Error) @ http://localhost:3142/api/manager/users/73a0e592-45df-40be-8088-304011f976a3/bbgo/strategies?mode=paper:0
[  280144ms] [ERROR] Failed to load resource: the server responded with a status of 500 (Internal Server Error) @ http://localhost:3142/api/manager/users/73a0e592-45df-40be-8088-304011f976a3/bbgo/pnl?mode=paper&symbol=BTCUSDT:0
[  280148ms] [ERROR] Failed to load resource: the server responded with a status of 500 (Internal Server Error) @ http://localhost:3142/api/manager/users/73a0e592-45df-40be-8088-304011f976a3/bbgo/orders/closed?mode=paper:0
[  280148ms] [ERROR] Failed to load resource: the server responded with a status of 500 (Internal Server Error) @ http://localhost:3142/api/manager/users/73a0e592-45df-40be-8088-304011f976a3/bbgo/trades?mode=paper&symbol=BTCUSDT:0
[  280149ms] [ERROR] Failed to load resource: the server responded with a status of 500 (Internal Server Error) @ http://localhost:3142/api/manager/users/73a0e592-45df-40be-8088-304011f976a3/bbgo/sessions?mode=paper:0
[  280361ms] [ERROR] Failed to load resource: the server responded with a status of 500 (Internal Server Error) @ http://localhost:3142/api/manager/users/73a0e592-45df-40be-8088-304011f976a3/bots/strat-a1af38ffa23205c2:0
[  280361ms] [ERROR] Failed to load resource: the server responded with a status of 500 (Internal Server Error) @ http://localhost:3142/api/manager/users/73a0e592-45df-40be-8088-304011f976a3/logs?mode=paper&tail=100:0
[  280428ms] [ERROR] Failed to load resource: the server responded with a status of 500 (Internal Server Error) @ http://localhost:3142/api/manager/users/73a0e592-45df-40be-8088-304011f976a3/bbgo/session/binance/balances?mode=paper:0
[  284464ms] [ERROR] Failed to load resource: the server responded with a status of 500 (Internal Server Error) @ http://localhost:3142/api/manager/users/73a0e592-45df-40be-8088-304011f976a3/bbgo/session/binance/open-orders?mode=paper:0
[  285589ms] [ERROR] Failed to load resource: the server responded with a status of 500 (Internal Server Error) @ http://localhost:3142/api/manager/users/73a0e592-45df-40be-8088-304011f976a3/bbgo/session/binance/open-orders?mode=paper:0
[  295427ms] [ERROR] Failed to load resource: the server responded with a status of 500 (Internal Server Error) @ http://localhost:3142/api/manager/users/73a0e592-45df-40be-8088-304011f976a3/bbgo/orders/closed?mode=paper:0
[  295429ms] [ERROR] Failed to load resource: the server responded with a status of 500 (Internal Server Error) @ http://localhost:3142/api/manager/users/73a0e592-45df-40be-8088-304011f976a3/bbgo/trades?mode=paper&symbol=BTCUSDT:0
[  295429ms] [ERROR] Failed to load resource: the server responded with a status of 500 (Internal Server Error) @ http://localhost:3142/api/manager/users/73a0e592-45df-40be-8088-304011f976a3/bbgo/sessions?mode=paper:0
[  295669ms] [ERROR] Failed to load resource: the server responded with a status of 500 (Internal Server Error) @ http://localhost:3142/api/manager/users/73a0e592-45df-40be-8088-304011f976a3/bots/strat-a1af38ffa23205c2:0
[  295669ms] [ERROR] Failed to load resource: the server responded with a status of 500 (Internal Server Error) @ http://localhost:3142/api/manager/users/73a0e592-45df-40be-8088-304011f976a3/logs?mode=paper&tail=100:0
[  295670ms] [ERROR] Failed to load resource: the server responded with a status of 500 (Internal Server Error) @ http://localhost:3142/api/manager/users/73a0e592-45df-40be-8088-304011f976a3/bbgo/session/binance/balances?mode=paper:0
[  295782ms] [ERROR] Failed to load resource: the server responded with a status of 500 (Internal Server Error) @ http://localhost:3142/api/manager/users/73a0e592-45df-40be-8088-304011f976a3/bbgo/session/binance/open-orders?mode=paper:0
[  296874ms] [ERROR] Failed to load resource: the server responded with a status of 500 (Internal Server Error) @ http://localhost:3142/api/manager/users/73a0e592-45df-40be-8088-304011f976a3/bbgo/trades?mode=paper&symbol=BTCUSDT:0
[  296970ms] [ERROR] Failed to load resource: the server responded with a status of 500 (Internal Server Error) @ http://localhost:3142/api/manager/users/73a0e592-45df-40be-8088-304011f976a3/bbgo/orders/closed?mode=paper:0
[  297036ms] [ERROR] Failed to load resource: the server responded with a status of 500 (Internal Server Error) @ http://localhost:3142/api/manager/users/73a0e592-45df-40be-8088-304011f976a3/bbgo/sessions?mode=paper:0
[  297851ms] [ERROR] Failed to load resource: the server responded with a status of 500 (Internal Server Error) @ http://localhost:3142/api/manager/users/73a0e592-45df-40be-8088-304011f976a3/bots/strat-a1af38ffa23205c2:0
[  297852ms] [ERROR] Failed to load resource: the server responded with a status of 500 (Internal Server Error) @ http://localhost:3142/api/manager/users/73a0e592-45df-40be-8088-304011f976a3/logs?mode=paper&tail=100:0
[  297853ms] [ERROR] Failed to load resource: the server responded with a status of 500 (Internal Server Error) @ http://localhost:3142/api/manager/users/73a0e592-45df-40be-8088-304011f976a3/bbgo/session/binance/balances?mode=paper:0
[  297921ms] [ERROR] Failed to load resource: the server responded with a status of 500 (Internal Server Error) @ http://localhost:3142/api/manager/users/73a0e592-45df-40be-8088-304011f976a3/bbgo/session/binance/open-orders?mode=paper:0
[  332542ms] [LOG] [Fast Refresh] done in 56602ms @ http://localhost:3142/_next/static/chunks/0bl2_next_dist_126uayc._.js:2477
[  333103ms] [LOG] [Fast Refresh] rebuilding @ http://localhost:3142/_next/static/chunks/0bl2_next_dist_126uayc._.js:2477
