[   13241ms] A listener indicated an asynchronous response by returning true, but the message channel closed before a response was received
[   13529ms] [INFO] %cDownload the React DevTools for a better development experience: https://react.dev/link/react-devtools font-weight:bold @ http://localhost:3142/_next/static/chunks/0bl2_next_dist_126uayc._.js:2477
[   13719ms] [LOG] [HMR] connected @ http://localhost:3142/_next/static/chunks/0bl2_next_dist_126uayc._.js:2477
[   15217ms] [ERROR] React has detected a change in the order of Hooks called by %s. This will lead to bugs and errors if not fixed. For more information, read the Rules of Hooks: https://react.dev/link/rules-of-hooks

   Previous render            Next render
   ------------------------------------------------------
%s   ^^^^^^^^^^^^^^^^^^^^^^^^^^^^^^^^^^^^^^^^^^^^^^^^^^^^^^
 BotDetailPage 1. useContext                 useContext
2. useContext                 useContext
3. useMemo                    useMemo
4. useContext                 useContext
5. useContext                 useContext
6. useContext                 useContext
7. useMemo                    useMemo
8. useContext                 useContext
9. useContext                 useContext
10. useMemo                   useMemo
11. useContext                useContext
12. useContext                useContext
13. useContext                useContext
14. useContext                useContext
15. useContext                useContext
16. useEffect                 useEffect
17. useState                  useState
18. useCallback               useCallback
19. useSyncExternalStore      useSyncExternalStore
20. useEffect                 useEffect
21. useState                  useState
22. useState                  useState
23. useState                  useState
24. useCallback               useCallback
25. useState                  useState
26. useState                  useState
27. useContext                useContext
28. useContext                useContext
29. useContext                useContext
30. useEffect                 useEffect
31. useState                  useState
32. useCallback               useCallback
33. useSyncExternalStore      useSyncExternalStore
34. useEffect                 useEffect
35. useEffect                 useEffect
36. useContext                useContext
37. useContext                useContext
38. useContext                useContext
39. useEffect                 useEffect
40. useState                  useState
41. useCallback               useCallback
42. useSyncExternalStore      useSyncExternalStore
43. useEffect                 useEffect
44. useContext                useContext
45. useContext                useContext
46. useContext                useContext
47. useEffect                 useEffect
48. useState                  useState
49. useCallback               useCallback
50. useSyncExternalStore      useSyncExternalStore
51. useEffect                 useEffect
52. useContext                useContext
53. useContext                useContext
54. useContext                useContext
55. useEffect                 useEffect
56. useState                  useState
57. useCallback               useCallback
58. useSyncExternalStore      useSyncExternalStore
59. useEffect                 useEffect
60. useContext                useContext
61. useContext                useContext
62. useContext                useContext
63. useEffect                 useEffect
64. useState                  useState
65. useCallback               useCallback
66. useSyncExternalStore      useSyncExternalStore
67. useEffect                 useEffect
68. useContext                useContext
69. useContext                useContext
70. useContext                useContext
71. useEffect                 useEffect
72. useState                  useState
73. useCallback               useCallback
74. useSyncExternalStore      useSyncExternalStore
75. useEffect                 useEffect
76. useContext                useContext
77. useContext                useContext
78. useContext                useContext
79. useEffect                 useEffect
80. useState                  useState
81. useCallback               useCallback
82. useSyncExternalStore      useSyncExternalStore
83. useEffect                 useEffect
84. useContext                useContext
85. useContext                useContext
86. useContext                useContext
87. useEffect                 useEffect
88. useState                  useState
89. useCallback               useCallback
90. useSyncExternalStore      useSyncExternalStore
91. useEffect                 useEffect
92. useContext                useContext
93. useContext                useContext
94. useContext                useContext
95. useEffect                 useEffect
96. useState                  useState
97. useCallback               useCallback
98. useSyncExternalStore      useSyncExternalStore
99. useEffect                 useEffect
100. useState                 useState
101. useState                 useState
102. useState                 useState
103. useState                 useState
104. useRef                   useRef
105. useRef                   useRef
106. useRef                   useRef
107. useCallback              useCallback
108. useCallback              useCallback
109. useEffect                useEffect
110. useCallback              useCallback
111. useState                 useState
112. useState                 useState
113. useRef                   useRef
114. useRef                   useRef
115. useRef                   useRef
116. useRef                   useRef
117. useCallback              useCallback
118. useEffect                useEffect
119. useMemo                  useMemo
120. useMemo                  useMemo
121. useCallback              useCallback
122. useMemo                  useMemo
123. useMemo                  useMemo
124. useMemo                  useMemo
125. useCallback              useCallback
126. useState                 useState
127. useState                 useState
128. useRef                   useRef
129. useRef                   useRef
130. useRef                   useRef
131. useRef                   useRef
132. useCallback              useCallback
133. useEffect                useEffect
134. useContext               useContext
135. useContext               useContext
136. useState                 useState
137. useEffect                useEffect
138. useCallback              useCallback
139. useSyncExternalStore     useSyncExternalStore
140. useCallback              useCallback
141. useContext               useContext
142. useContext               useContext
143. useState                 useState
144. useEffect                useEffect
145. useCallback              useCallback
146. useSyncExternalStore     useSyncExternalStore
147. useCallback              useCallback
148. undefined                useMemo
 @ http://localhost:3142/_next/static/chunks/0bl2_next_dist_126uayc._.js:3318
[   15263ms] Error: Rendered more hooks than during the previous render.
    at updateWorkInProgressHook (http://localhost:3142/_next/static/chunks/0bl2_next_dist_compiled_react-dom_01_2rz9._.js:4734:23)
    at updateMemo (http://localhost:3142/_next/static/chunks/0bl2_next_dist_compiled_react-dom_01_2rz9._.js:5409:20)
    at Object.useMemo (http://localhost:3142/_next/static/chunks/0bl2_next_dist_compiled_react-dom_01_2rz9._.js:15465:24)
    at exports.useMemo (http://localhost:3142/_next/static/chunks/0bl2_next_dist_compiled_0uobupv._.js:1742:36)
    at BotDetailPage (http://localhost:3142/_next/static/chunks/src_0tpxk0e._.js:2722:315)
    at Object.react_stack_bottom_frame (http://localhost:3142/_next/static/chunks/0bl2_next_dist_compiled_react-dom_01_2rz9._.js:15037:24)
    at renderWithHooks (http://localhost:3142/_next/static/chunks/0bl2_next_dist_compiled_react-dom_01_2rz9._.js:4620:24)
    at updateFunctionComponent (http://localhost:3142/_next/static/chunks/0bl2_next_dist_compiled_react-dom_01_2rz9._.js:6081:21)
    at beginWork (http://localhost:3142/_next/static/chunks/0bl2_next_dist_compiled_react-dom_01_2rz9._.js:6691:24)
    at runWithFiberInDEV (http://localhost:3142/_next/static/chunks/0bl2_next_dist_compiled_react-dom_01_2rz9._.js:965:74)
    at performUnitOfWork (http://localhost:3142/_next/static/chunks/0bl2_next_dist_compiled_react-dom_01_2rz9._.js:9555:97)
    at workLoopSync (http://localhost:3142/_next/static/chunks/0bl2_next_dist_compiled_react-dom_01_2rz9._.js:9449:40)
    at renderRootSync (http://localhost:3142/_next/static/chunks/0bl2_next_dist_compiled_react-dom_01_2rz9._.js:9433:13)
    at performWorkOnRoot (http://localhost:3142/_next/static/chunks/0bl2_next_dist_compiled_react-dom_01_2rz9._.js:9098:47)
    at performSyncWorkOnRoot (http://localhost:3142/_next/static/chunks/0bl2_next_dist_compiled_react-dom_01_2rz9._.js:10263:9)
    at flushSyncWorkAcrossRoots_impl (http://localhost:3142/_next/static/chunks/0bl2_next_dist_compiled_react-dom_01_2rz9._.js:10179:316)
    at processRootScheduleInMicrotask (http://localhost:3142/_next/static/chunks/0bl2_next_dist_compiled_react-dom_01_2rz9._.js:10200:106)
    at http://localhost:3142/_next/static/chunks/0bl2_next_dist_compiled_react-dom_01_2rz9._.js:10274:158
[   39840ms] A listener indicated an asynchronous response by returning true, but the message channel closed before a response was received
[   39840ms] A listener indicated an asynchronous response by returning true, but the message channel closed before a response was received
[   39840ms] A listener indicated an asynchronous response by returning true, but the message channel closed before a response was received
[   39840ms] A listener indicated an asynchronous response by returning true, but the message channel closed before a response was received
[  703775ms] [LOG] [Fast Refresh] rebuilding @ http://localhost:3142/_next/static/chunks/0bl2_next_dist_126uayc._.js:2477
[ 1424541ms] [WARNING] [Fast Refresh] performing full reload because your application had an unrecoverable error @ http://localhost:3142/_next/static/chunks/0bl2_next_dist_126uayc._.js:2477
[ 1428445ms] [INFO] %cDownload the React DevTools for a better development experience: https://react.dev/link/react-devtools font-weight:bold @ http://localhost:3142/_next/static/chunks/0bl2_next_dist_126uayc._.js:2477
[ 1428668ms] [LOG] [HMR] connected @ http://localhost:3142/_next/static/chunks/0bl2_next_dist_126uayc._.js:2477
[ 1430320ms] [ERROR] React has detected a change in the order of Hooks called by %s. This will lead to bugs and errors if not fixed. For more information, read the Rules of Hooks: https://react.dev/link/rules-of-hooks

   Previous render            Next render
   ------------------------------------------------------
%s   ^^^^^^^^^^^^^^^^^^^^^^^^^^^^^^^^^^^^^^^^^^^^^^^^^^^^^^
 BotDetailPage 1. useContext                 useContext
2. useContext                 useContext
3. useMemo                    useMemo
4. useContext                 useContext
5. useContext                 useContext
6. useContext                 useContext
7. useMemo                    useMemo
8. useContext                 useContext
9. useContext                 useContext
10. useMemo                   useMemo
11. useContext                useContext
12. useContext                useContext
13. useContext                useContext
14. useContext                useContext
15. useContext                useContext
16. useEffect                 useEffect
17. useState                  useState
18. useCallback               useCallback
19. useSyncExternalStore      useSyncExternalStore
20. useEffect                 useEffect
21. useState                  useState
22. useState                  useState
23. useState                  useState
24. useCallback               useCallback
25. useState                  useState
26. useState                  useState
27. useContext                useContext
28. useContext                useContext
29. useContext                useContext
30. useEffect                 useEffect
31. useState                  useState
32. useCallback               useCallback
33. useSyncExternalStore      useSyncExternalStore
34. useEffect                 useEffect
35. useEffect                 useEffect
36. useContext                useContext
37. useContext                useContext
38. useContext                useContext
39. useEffect                 useEffect
40. useState                  useState
41. useCallback               useCallback
42. useSyncExternalStore      useSyncExternalStore
43. useEffect                 useEffect
44. useContext                useContext
45. useContext                useContext
46. useContext                useContext
47. useEffect                 useEffect
48. useState                  useState
49. useCallback               useCallback
50. useSyncExternalStore      useSyncExternalStore
51. useEffect                 useEffect
52. useContext                useContext
53. useContext                useContext
54. useContext                useContext
55. useEffect                 useEffect
56. useState                  useState
57. useCallback               useCallback
58. useSyncExternalStore      useSyncExternalStore
59. useEffect                 useEffect
60. useContext                useContext
61. useContext                useContext
62. useContext                useContext
63. useEffect                 useEffect
64. useState                  useState
65. useCallback               useCallback
66. useSyncExternalStore      useSyncExternalStore
67. useEffect                 useEffect
68. useContext                useContext
69. useContext                useContext
70. useContext                useContext
71. useEffect                 useEffect
72. useState                  useState
73. useCallback               useCallback
74. useSyncExternalStore      useSyncExternalStore
75. useEffect                 useEffect
76. useContext                useContext
77. useContext                useContext
78. useContext                useContext
79. useEffect                 useEffect
80. useState                  useState
81. useCallback               useCallback
82. useSyncExternalStore      useSyncExternalStore
83. useEffect                 useEffect
84. useContext                useContext
85. useContext                useContext
86. useContext                useContext
87. useEffect                 useEffect
88. useState                  useState
89. useCallback               useCallback
90. useSyncExternalStore      useSyncExternalStore
91. useEffect                 useEffect
92. useContext                useContext
93. useContext                useContext
94. useContext                useContext
95. useEffect                 useEffect
96. useState                  useState
97. useCallback               useCallback
98. useSyncExternalStore      useSyncExternalStore
99. useEffect                 useEffect
100. useState                 useState
101. useState                 useState
102. useState                 useState
103. useState                 useState
104. useRef                   useRef
105. useRef                   useRef
106. useRef                   useRef
107. useCallback              useCallback
108. useCallback              useCallback
109. useEffect                useEffect
110. useCallback              useCallback
111. useState                 useState
112. useState                 useState
113. useRef                   useRef
114. useRef                   useRef
115. useRef                   useRef
116. useRef                   useRef
117. useCallback              useCallback
118. useEffect                useEffect
119. useMemo                  useMemo
120. useMemo                  useMemo
121. useCallback              useCallback
122. useMemo                  useMemo
123. useMemo                  useMemo
124. useMemo                  useMemo
125. useCallback              useCallback
126. useState                 useState
127. useState                 useState
128. useRef                   useRef
129. useRef                   useRef
130. useRef                   useRef
131. useRef                   useRef
132. useCallback              useCallback
133. useEffect                useEffect
134. useContext               useContext
135. useContext               useContext
136. useState                 useState
137. useEffect                useEffect
138. useCallback              useCallback
139. useSyncExternalStore     useSyncExternalStore
140. useCallback              useCallback
141. useContext               useContext
142. useContext               useContext
143. useState                 useState
144. useEffect                useEffect
145. useCallback              useCallback
146. useSyncExternalStore     useSyncExternalStore
147. useCallback              useCallback
148. undefined                useMemo
 @ http://localhost:3142/_next/static/chunks/0bl2_next_dist_126uayc._.js:3318
[ 1430362ms] Error: Rendered more hooks than during the previous render.
    at updateWorkInProgressHook (http://localhost:3142/_next/static/chunks/0bl2_next_dist_compiled_react-dom_01_2rz9._.js:4734:23)
    at updateMemo (http://localhost:3142/_next/static/chunks/0bl2_next_dist_compiled_react-dom_01_2rz9._.js:5409:20)
    at Object.useMemo (http://localhost:3142/_next/static/chunks/0bl2_next_dist_compiled_react-dom_01_2rz9._.js:15465:24)
    at exports.useMemo (http://localhost:3142/_next/static/chunks/0bl2_next_dist_compiled_0uobupv._.js:1742:36)
    at BotDetailPage (http://localhost:3142/_next/static/chunks/src_0tpxk0e._.js:2722:315)
    at Object.react_stack_bottom_frame (http://localhost:3142/_next/static/chunks/0bl2_next_dist_compiled_react-dom_01_2rz9._.js:15037:24)
    at renderWithHooks (http://localhost:3142/_next/static/chunks/0bl2_next_dist_compiled_react-dom_01_2rz9._.js:4620:24)
    at updateFunctionComponent (http://localhost:3142/_next/static/chunks/0bl2_next_dist_compiled_react-dom_01_2rz9._.js:6081:21)
    at beginWork (http://localhost:3142/_next/static/chunks/0bl2_next_dist_compiled_react-dom_01_2rz9._.js:6691:24)
    at runWithFiberInDEV (http://localhost:3142/_next/static/chunks/0bl2_next_dist_compiled_react-dom_01_2rz9._.js:965:74)
    at performUnitOfWork (http://localhost:3142/_next/static/chunks/0bl2_next_dist_compiled_react-dom_01_2rz9._.js:9555:97)
    at workLoopSync (http://localhost:3142/_next/static/chunks/0bl2_next_dist_compiled_react-dom_01_2rz9._.js:9449:40)
    at renderRootSync (http://localhost:3142/_next/static/chunks/0bl2_next_dist_compiled_react-dom_01_2rz9._.js:9433:13)
    at performWorkOnRoot (http://localhost:3142/_next/static/chunks/0bl2_next_dist_compiled_react-dom_01_2rz9._.js:9098:47)
    at performSyncWorkOnRoot (http://localhost:3142/_next/static/chunks/0bl2_next_dist_compiled_react-dom_01_2rz9._.js:10263:9)
    at flushSyncWorkAcrossRoots_impl (http://localhost:3142/_next/static/chunks/0bl2_next_dist_compiled_react-dom_01_2rz9._.js:10179:316)
    at processRootScheduleInMicrotask (http://localhost:3142/_next/static/chunks/0bl2_next_dist_compiled_react-dom_01_2rz9._.js:10200:106)
    at http://localhost:3142/_next/static/chunks/0bl2_next_dist_compiled_react-dom_01_2rz9._.js:10274:158
[ 1436707ms] [WARNING] [Fast Refresh] performing full reload because your application had an unrecoverable error @ http://localhost:3142/_next/static/chunks/0bl2_next_dist_126uayc._.js:2477
[ 1439966ms] [INFO] %cDownload the React DevTools for a better development experience: https://react.dev/link/react-devtools font-weight:bold @ http://localhost:3142/_next/static/chunks/0bl2_next_dist_126uayc._.js:2477
[ 1440017ms] [LOG] [HMR] connected @ http://localhost:3142/_next/static/chunks/0bl2_next_dist_126uayc._.js:2477
[ 1441488ms] [ERROR] React has detected a change in the order of Hooks called by %s. This will lead to bugs and errors if not fixed. For more information, read the Rules of Hooks: https://react.dev/link/rules-of-hooks

   Previous render            Next render
   ------------------------------------------------------
%s   ^^^^^^^^^^^^^^^^^^^^^^^^^^^^^^^^^^^^^^^^^^^^^^^^^^^^^^
 BotDetailPage 1. useContext                 useContext
2. useContext                 useContext
3. useMemo                    useMemo
4. useContext                 useContext
5. useContext                 useContext
6. useContext                 useContext
7. useMemo                    useMemo
8. useContext                 useContext
9. useContext                 useContext
10. useMemo                   useMemo
11. useContext                useContext
12. useContext                useContext
13. useContext                useContext
14. useContext                useContext
15. useContext                useContext
16. useEffect                 useEffect
17. useState                  useState
18. useCallback               useCallback
19. useSyncExternalStore      useSyncExternalStore
20. useEffect                 useEffect
21. useState                  useState
22. useState                  useState
23. useState                  useState
24. useCallback               useCallback
25. useState                  useState
26. useState                  useState
27. useContext                useContext
28. useContext                useContext
29. useContext                useContext
30. useEffect                 useEffect
31. useState                  useState
32. useCallback               useCallback
33. useSyncExternalStore      useSyncExternalStore
34. useEffect                 useEffect
35. useEffect                 useEffect
36. useContext                useContext
37. useContext                useContext
38. useContext                useContext
39. useEffect                 useEffect
40. useState                  useState
41. useCallback               useCallback
42. useSyncExternalStore      useSyncExternalStore
43. useEffect                 useEffect
44. useContext                useContext
45. useContext                useContext
46. useContext                useContext
47. useEffect                 useEffect
48. useState                  useState
49. useCallback               useCallback
50. useSyncExternalStore      useSyncExternalStore
51. useEffect                 useEffect
52. useContext                useContext
53. useContext                useContext
54. useContext                useContext
55. useEffect                 useEffect
56. useState                  useState
57. useCallback               useCallback
58. useSyncExternalStore      useSyncExternalStore
59. useEffect                 useEffect
60. useContext                useContext
61. useContext                useContext
62. useContext                useContext
63. useEffect                 useEffect
64. useState                  useState
65. useCallback               useCallback
66. useSyncExternalStore      useSyncExternalStore
67. useEffect                 useEffect
68. useContext                useContext
69. useContext                useContext
70. useContext                useContext
71. useEffect                 useEffect
72. useState                  useState
73. useCallback               useCallback
74. useSyncExternalStore      useSyncExternalStore
75. useEffect                 useEffect
76. useContext                useContext
77. useContext                useContext
78. useContext                useContext
79. useEffect                 useEffect
80. useState                  useState
81. useCallback               useCallback
82. useSyncExternalStore      useSyncExternalStore
83. useEffect                 useEffect
84. useContext                useContext
85. useContext                useContext
86. useContext                useContext
87. useEffect                 useEffect
88. useState                  useState
89. useCallback               useCallback
90. useSyncExternalStore      useSyncExternalStore
91. useEffect                 useEffect
92. useContext                useContext
93. useContext                useContext
94. useContext                useContext
95. useEffect                 useEffect
96. useState                  useState
97. useCallback               useCallback
98. useSyncExternalStore      useSyncExternalStore
99. useEffect                 useEffect
100. useState                 useState
101. useState                 useState
102. useState                 useState
103. useState                 useState
104. useRef                   useRef
105. useRef                   useRef
106. useRef                   useRef
107. useCallback              useCallback
108. useCallback              useCallback
109. useEffect                useEffect
110. useCallback              useCallback
111. useState                 useState
112. useState                 useState
113. useRef                   useRef
114. useRef                   useRef
115. useRef                   useRef
116. useRef                   useRef
117. useCallback              useCallback
118. useEffect                useEffect
119. useMemo                  useMemo
120. useMemo                  useMemo
121. useCallback              useCallback
122. useMemo                  useMemo
123. useMemo                  useMemo
124. useMemo                  useMemo
125. useMemo                  useMemo
126. useCallback              useCallback
127. useState                 useState
128. useState                 useState
129. useRef                   useRef
130. useRef                   useRef
131. useRef                   useRef
132. useRef                   useRef
133. useCallback              useCallback
134. useEffect                useEffect
135. useContext               useContext
136. useContext               useContext
137. useState                 useState
138. useEffect                useEffect
139. useCallback              useCallback
140. useSyncExternalStore     useSyncExternalStore
141. useCallback              useCallback
142. useContext               useContext
143. useContext               useContext
144. useState                 useState
145. useEffect                useEffect
146. useCallback              useCallback
147. useSyncExternalStore     useSyncExternalStore
148. useCallback              useCallback
149. undefined                useMemo
 @ http://localhost:3142/_next/static/chunks/0bl2_next_dist_126uayc._.js:3318
[ 1441514ms] Error: Rendered more hooks than during the previous render.
    at updateWorkInProgressHook (http://localhost:3142/_next/static/chunks/0bl2_next_dist_compiled_react-dom_01_2rz9._.js:4734:23)
    at updateMemo (http://localhost:3142/_next/static/chunks/0bl2_next_dist_compiled_react-dom_01_2rz9._.js:5409:20)
    at Object.useMemo (http://localhost:3142/_next/static/chunks/0bl2_next_dist_compiled_react-dom_01_2rz9._.js:15465:24)
    at exports.useMemo (http://localhost:3142/_next/static/chunks/0bl2_next_dist_compiled_0uobupv._.js:1742:36)
    at BotDetailPage (http://localhost:3142/_next/static/chunks/src_0pyui59._.js:2799:315)
    at Object.react_stack_bottom_frame (http://localhost:3142/_next/static/chunks/0bl2_next_dist_compiled_react-dom_01_2rz9._.js:15037:24)
    at renderWithHooks (http://localhost:3142/_next/static/chunks/0bl2_next_dist_compiled_react-dom_01_2rz9._.js:4620:24)
    at updateFunctionComponent (http://localhost:3142/_next/static/chunks/0bl2_next_dist_compiled_react-dom_01_2rz9._.js:6081:21)
    at beginWork (http://localhost:3142/_next/static/chunks/0bl2_next_dist_compiled_react-dom_01_2rz9._.js:6691:24)
    at runWithFiberInDEV (http://localhost:3142/_next/static/chunks/0bl2_next_dist_compiled_react-dom_01_2rz9._.js:965:74)
    at performUnitOfWork (http://localhost:3142/_next/static/chunks/0bl2_next_dist_compiled_react-dom_01_2rz9._.js:9555:97)
    at workLoopSync (http://localhost:3142/_next/static/chunks/0bl2_next_dist_compiled_react-dom_01_2rz9._.js:9449:40)
    at renderRootSync (http://localhost:3142/_next/static/chunks/0bl2_next_dist_compiled_react-dom_01_2rz9._.js:9433:13)
    at performWorkOnRoot (http://localhost:3142/_next/static/chunks/0bl2_next_dist_compiled_react-dom_01_2rz9._.js:9098:47)
    at performSyncWorkOnRoot (http://localhost:3142/_next/static/chunks/0bl2_next_dist_compiled_react-dom_01_2rz9._.js:10263:9)
    at flushSyncWorkAcrossRoots_impl (http://localhost:3142/_next/static/chunks/0bl2_next_dist_compiled_react-dom_01_2rz9._.js:10179:316)
    at processRootScheduleInMicrotask (http://localhost:3142/_next/static/chunks/0bl2_next_dist_compiled_react-dom_01_2rz9._.js:10200:106)
    at http://localhost:3142/_next/static/chunks/0bl2_next_dist_compiled_react-dom_01_2rz9._.js:10274:158
[ 1457658ms] [WARNING] [Fast Refresh] performing full reload because your application had an unrecoverable error @ http://localhost:3142/_next/static/chunks/0bl2_next_dist_126uayc._.js:2477
[ 1459826ms] A listener indicated an asynchronous response by returning true, but the message channel closed before a response was received
[ 1459827ms] A listener indicated an asynchronous response by returning true, but the message channel closed before a response was received
[ 1459827ms] A listener indicated an asynchronous response by returning true, but the message channel closed before a response was received
[ 1459827ms] A listener indicated an asynchronous response by returning true, but the message channel closed before a response was received
[ 1460545ms] [INFO] %cDownload the React DevTools for a better development experience: https://react.dev/link/react-devtools font-weight:bold @ http://localhost:3142/_next/static/chunks/0bl2_next_dist_126uayc._.js:2477
[ 1460628ms] [LOG] [HMR] connected @ http://localhost:3142/_next/static/chunks/0bl2_next_dist_126uayc._.js:2477
[ 1462059ms] [ERROR] React has detected a change in the order of Hooks called by %s. This will lead to bugs and errors if not fixed. For more information, read the Rules of Hooks: https://react.dev/link/rules-of-hooks

   Previous render            Next render
   ------------------------------------------------------
%s   ^^^^^^^^^^^^^^^^^^^^^^^^^^^^^^^^^^^^^^^^^^^^^^^^^^^^^^
 BotDetailPage 1. useContext                 useContext
2. useContext                 useContext
3. useMemo                    useMemo
4. useContext                 useContext
5. useContext                 useContext
6. useContext                 useContext
7. useMemo                    useMemo
8. useContext                 useContext
9. useContext                 useContext
10. useMemo                   useMemo
11. useContext                useContext
12. useContext                useContext
13. useContext                useContext
14. useContext                useContext
15. useContext                useContext
16. useEffect                 useEffect
17. useState                  useState
18. useCallback               useCallback
19. useSyncExternalStore      useSyncExternalStore
20. useEffect                 useEffect
21. useState                  useState
22. useState                  useState
23. useState                  useState
24. useCallback               useCallback
25. useState                  useState
26. useState                  useState
27. useContext                useContext
28. useContext                useContext
29. useContext                useContext
30. useEffect                 useEffect
31. useState                  useState
32. useCallback               useCallback
33. useSyncExternalStore      useSyncExternalStore
34. useEffect                 useEffect
35. useEffect                 useEffect
36. useContext                useContext
37. useContext                useContext
38. useContext                useContext
39. useEffect                 useEffect
40. useState                  useState
41. useCallback               useCallback
42. useSyncExternalStore      useSyncExternalStore
43. useEffect                 useEffect
44. useContext                useContext
45. useContext                useContext
46. useContext                useContext
47. useEffect                 useEffect
48. useState                  useState
49. useCallback               useCallback
50. useSyncExternalStore      useSyncExternalStore
51. useEffect                 useEffect
52. useContext                useContext
53. useContext                useContext
54. useContext                useContext
55. useEffect                 useEffect
56. useState                  useState
57. useCallback               useCallback
58. useSyncExternalStore      useSyncExternalStore
59. useEffect                 useEffect
60. useContext                useContext
61. useContext                useContext
62. useContext                useContext
63. useEffect                 useEffect
64. useState                  useState
65. useCallback               useCallback
66. useSyncExternalStore      useSyncExternalStore
67. useEffect                 useEffect
68. useContext                useContext
69. useContext                useContext
70. useContext                useContext
71. useEffect                 useEffect
72. useState                  useState
73. useCallback               useCallback
74. useSyncExternalStore      useSyncExternalStore
75. useEffect                 useEffect
76. useContext                useContext
77. useContext                useContext
78. useContext                useContext
79. useEffect                 useEffect
80. useState                  useState
81. useCallback               useCallback
82. useSyncExternalStore      useSyncExternalStore
83. useEffect                 useEffect
84. useContext                useContext
85. useContext                useContext
86. useContext                useContext
87. useEffect                 useEffect
88. useState                  useState
89. useCallback               useCallback
90. useSyncExternalStore      useSyncExternalStore
91. useEffect                 useEffect
92. useContext                useContext
93. useContext                useContext
94. useContext                useContext
95. useEffect                 useEffect
96. useState                  useState
97. useCallback               useCallback
98. useSyncExternalStore      useSyncExternalStore
99. useEffect                 useEffect
100. useState                 useState
101. useState                 useState
102. useState                 useState
103. useState                 useState
104. useRef                   useRef
105. useRef                   useRef
106. useRef                   useRef
107. useCallback              useCallback
108. useCallback              useCallback
109. useEffect                useEffect
110. useCallback              useCallback
111. useState                 useState
112. useState                 useState
113. useRef                   useRef
114. useRef                   useRef
115. useRef                   useRef
116. useRef                   useRef
117. useCallback              useCallback
118. useEffect                useEffect
119. useMemo                  useMemo
120. useMemo                  useMemo
121. useCallback              useCallback
122. useMemo                  useMemo
123. useMemo                  useMemo
124. useMemo                  useMemo
125. useMemo                  useMemo
126. useCallback              useCallback
127. useState                 useState
128. useState                 useState
129. useRef                   useRef
130. useRef                   useRef
131. useRef                   useRef
132. useRef                   useRef
133. useCallback              useCallback
134. useEffect                useEffect
135. useContext               useContext
136. useContext               useContext
137. useState                 useState
138. useEffect                useEffect
139. useCallback              useCallback
140. useSyncExternalStore     useSyncExternalStore
141. useCallback              useCallback
142. useContext               useContext
143. useContext               useContext
144. useState                 useState
145. useEffect                useEffect
146. useCallback              useCallback
147. useSyncExternalStore     useSyncExternalStore
148. useCallback              useCallback
149. undefined                useMemo
 @ http://localhost:3142/_next/static/chunks/0bl2_next_dist_126uayc._.js:3318
[ 1462095ms] Error: Rendered more hooks than during the previous render.
    at updateWorkInProgressHook (http://localhost:3142/_next/static/chunks/0bl2_next_dist_compiled_react-dom_01_2rz9._.js:4734:23)
    at updateMemo (http://localhost:3142/_next/static/chunks/0bl2_next_dist_compiled_react-dom_01_2rz9._.js:5409:20)
    at Object.useMemo (http://localhost:3142/_next/static/chunks/0bl2_next_dist_compiled_react-dom_01_2rz9._.js:15465:24)
    at exports.useMemo (http://localhost:3142/_next/static/chunks/0bl2_next_dist_compiled_0uobupv._.js:1742:36)
    at BotDetailPage (http://localhost:3142/_next/static/chunks/src_0pyui59._.js:2799:315)
    at Object.react_stack_bottom_frame (http://localhost:3142/_next/static/chunks/0bl2_next_dist_compiled_react-dom_01_2rz9._.js:15037:24)
    at renderWithHooks (http://localhost:3142/_next/static/chunks/0bl2_next_dist_compiled_react-dom_01_2rz9._.js:4620:24)
    at updateFunctionComponent (http://localhost:3142/_next/static/chunks/0bl2_next_dist_compiled_react-dom_01_2rz9._.js:6081:21)
    at beginWork (http://localhost:3142/_next/static/chunks/0bl2_next_dist_compiled_react-dom_01_2rz9._.js:6691:24)
    at runWithFiberInDEV (http://localhost:3142/_next/static/chunks/0bl2_next_dist_compiled_react-dom_01_2rz9._.js:965:74)
    at performUnitOfWork (http://localhost:3142/_next/static/chunks/0bl2_next_dist_compiled_react-dom_01_2rz9._.js:9555:97)
    at workLoopSync (http://localhost:3142/_next/static/chunks/0bl2_next_dist_compiled_react-dom_01_2rz9._.js:9449:40)
    at renderRootSync (http://localhost:3142/_next/static/chunks/0bl2_next_dist_compiled_react-dom_01_2rz9._.js:9433:13)
    at performWorkOnRoot (http://localhost:3142/_next/static/chunks/0bl2_next_dist_compiled_react-dom_01_2rz9._.js:9098:47)
    at performSyncWorkOnRoot (http://localhost:3142/_next/static/chunks/0bl2_next_dist_compiled_react-dom_01_2rz9._.js:10263:9)
    at flushSyncWorkAcrossRoots_impl (http://localhost:3142/_next/static/chunks/0bl2_next_dist_compiled_react-dom_01_2rz9._.js:10179:316)
    at processRootScheduleInMicrotask (http://localhost:3142/_next/static/chunks/0bl2_next_dist_compiled_react-dom_01_2rz9._.js:10200:106)
    at http://localhost:3142/_next/static/chunks/0bl2_next_dist_compiled_react-dom_01_2rz9._.js:10274:158
[ 1474846ms] [LOG] [Fast Refresh] rebuilding @ http://localhost:3142/_next/static/chunks/0bl2_next_dist_126uayc._.js:2477
[ 1493848ms] A listener indicated an asynchronous response by returning true, but the message channel closed before a response was received
[ 1493848ms] A listener indicated an asynchronous response by returning true, but the message channel closed before a response was received
[ 1493849ms] A listener indicated an asynchronous response by returning true, but the message channel closed before a response was received
[ 1493849ms] A listener indicated an asynchronous response by returning true, but the message channel closed before a response was received
[ 1495617ms] [WARNING] [Fast Refresh] performing full reload because your application had an unrecoverable error @ http://localhost:3142/_next/static/chunks/0bl2_next_dist_126uayc._.js:2477
[ 1511616ms] [INFO] %cDownload the React DevTools for a better development experience: https://react.dev/link/react-devtools font-weight:bold @ http://localhost:3142/_next/static/chunks/0bl2_next_dist_126uayc._.js:2477
[ 1511682ms] [LOG] [HMR] connected @ http://localhost:3142/_next/static/chunks/0bl2_next_dist_126uayc._.js:2477
[ 1513307ms] [ERROR] React has detected a change in the order of Hooks called by %s. This will lead to bugs and errors if not fixed. For more information, read the Rules of Hooks: https://react.dev/link/rules-of-hooks

   Previous render            Next render
   ------------------------------------------------------
%s   ^^^^^^^^^^^^^^^^^^^^^^^^^^^^^^^^^^^^^^^^^^^^^^^^^^^^^^
 BotDetailPage 1. useContext                 useContext
2. useContext                 useContext
3. useMemo                    useMemo
4. useContext                 useContext
5. useContext                 useContext
6. useContext                 useContext
7. useMemo                    useMemo
8. useContext                 useContext
9. useContext                 useContext
10. useMemo                   useMemo
11. useContext                useContext
12. useContext                useContext
13. useContext                useContext
14. useContext                useContext
15. useContext                useContext
16. useEffect                 useEffect
17. useState                  useState
18. useCallback               useCallback
19. useSyncExternalStore      useSyncExternalStore
20. useEffect                 useEffect
21. useState                  useState
22. useState                  useState
23. useState                  useState
24. useState                  useState
25. useCallback               useCallback
26. useState                  useState
27. useState                  useState
28. useContext                useContext
29. useContext                useContext
30. useContext                useContext
31. useEffect                 useEffect
32. useState                  useState
33. useCallback               useCallback
34. useSyncExternalStore      useSyncExternalStore
35. useEffect                 useEffect
36. useEffect                 useEffect
37. useContext                useContext
38. useContext                useContext
39. useContext                useContext
40. useEffect                 useEffect
41. useState                  useState
42. useCallback               useCallback
43. useSyncExternalStore      useSyncExternalStore
44. useEffect                 useEffect
45. useContext                useContext
46. useContext                useContext
47. useContext                useContext
48. useEffect                 useEffect
49. useState                  useState
50. useCallback               useCallback
51. useSyncExternalStore      useSyncExternalStore
52. useEffect                 useEffect
53. useContext                useContext
54. useContext                useContext
55. useContext                useContext
56. useEffect                 useEffect
57. useState                  useState
58. useCallback               useCallback
59. useSyncExternalStore      useSyncExternalStore
60. useEffect                 useEffect
61. useContext                useContext
62. useContext                useContext
63. useContext                useContext
64. useEffect                 useEffect
65. useState                  useState
66. useCallback               useCallback
67. useSyncExternalStore      useSyncExternalStore
68. useEffect                 useEffect
69. useContext                useContext
70. useContext                useContext
71. useContext                useContext
72. useEffect                 useEffect
73. useState                  useState
74. useCallback               useCallback
75. useSyncExternalStore      useSyncExternalStore
76. useEffect                 useEffect
77. useContext                useContext
78. useContext                useContext
79. useContext                useContext
80. useEffect                 useEffect
81. useState                  useState
82. useCallback               useCallback
83. useSyncExternalStore      useSyncExternalStore
84. useEffect                 useEffect
85. useContext                useContext
86. useContext                useContext
87. useContext                useContext
88. useEffect                 useEffect
89. useState                  useState
90. useCallback               useCallback
91. useSyncExternalStore      useSyncExternalStore
92. useEffect                 useEffect
93. useContext                useContext
94. useContext                useContext
95. useContext                useContext
96. useEffect                 useEffect
97. useState                  useState
98. useCallback               useCallback
99. useSyncExternalStore      useSyncExternalStore
100. useEffect                useEffect
101. useState                 useState
102. useState                 useState
103. useState                 useState
104. useState                 useState
105. useRef                   useRef
106. useRef                   useRef
107. useRef                   useRef
108. useCallback              useCallback
109. useCallback              useCallback
110. useEffect                useEffect
111. useCallback              useCallback
112. useState                 useState
113. useState                 useState
114. useRef                   useRef
115. useRef                   useRef
116. useRef                   useRef
117. useRef                   useRef
118. useCallback              useCallback
119. useEffect                useEffect
120. useMemo                  useMemo
121. useMemo                  useMemo
122. useCallback              useCallback
123. useMemo                  useMemo
124. useMemo                  useMemo
125. useMemo                  useMemo
126. useMemo                  useMemo
127. useCallback              useCallback
128. useState                 useState
129. useState                 useState
130. useRef                   useRef
131. useRef                   useRef
132. useRef                   useRef
133. useRef                   useRef
134. useCallback              useCallback
135. useEffect                useEffect
136. useContext               useContext
137. useContext               useContext
138. useState                 useState
139. useEffect                useEffect
140. useCallback              useCallback
141. useSyncExternalStore     useSyncExternalStore
142. useCallback              useCallback
143. useContext               useContext
144. useContext               useContext
145. useState                 useState
146. useEffect                useEffect
147. useCallback              useCallback
148. useSyncExternalStore     useSyncExternalStore
149. useCallback              useCallback
150. undefined                useMemo
 @ http://localhost:3142/_next/static/chunks/0bl2_next_dist_126uayc._.js:3318
[ 1513342ms] Error: Rendered more hooks than during the previous render.
    at updateWorkInProgressHook (http://localhost:3142/_next/static/chunks/0bl2_next_dist_compiled_react-dom_01_2rz9._.js:4734:23)
    at updateMemo (http://localhost:3142/_next/static/chunks/0bl2_next_dist_compiled_react-dom_01_2rz9._.js:5409:20)
    at Object.useMemo (http://localhost:3142/_next/static/chunks/0bl2_next_dist_compiled_react-dom_01_2rz9._.js:15465:24)
    at exports.useMemo (http://localhost:3142/_next/static/chunks/0bl2_next_dist_compiled_0uobupv._.js:1742:36)
    at BotDetailPage (http://localhost:3142/_next/static/chunks/src_0pyui59._.js:2800:315)
    at Object.react_stack_bottom_frame (http://localhost:3142/_next/static/chunks/0bl2_next_dist_compiled_react-dom_01_2rz9._.js:15037:24)
    at renderWithHooks (http://localhost:3142/_next/static/chunks/0bl2_next_dist_compiled_react-dom_01_2rz9._.js:4620:24)
    at updateFunctionComponent (http://localhost:3142/_next/static/chunks/0bl2_next_dist_compiled_react-dom_01_2rz9._.js:6081:21)
    at beginWork (http://localhost:3142/_next/static/chunks/0bl2_next_dist_compiled_react-dom_01_2rz9._.js:6691:24)
    at runWithFiberInDEV (http://localhost:3142/_next/static/chunks/0bl2_next_dist_compiled_react-dom_01_2rz9._.js:965:74)
    at performUnitOfWork (http://localhost:3142/_next/static/chunks/0bl2_next_dist_compiled_react-dom_01_2rz9._.js:9555:97)
    at workLoopSync (http://localhost:3142/_next/static/chunks/0bl2_next_dist_compiled_react-dom_01_2rz9._.js:9449:40)
    at renderRootSync (http://localhost:3142/_next/static/chunks/0bl2_next_dist_compiled_react-dom_01_2rz9._.js:9433:13)
    at performWorkOnRoot (http://localhost:3142/_next/static/chunks/0bl2_next_dist_compiled_react-dom_01_2rz9._.js:9098:47)
    at performSyncWorkOnRoot (http://localhost:3142/_next/static/chunks/0bl2_next_dist_compiled_react-dom_01_2rz9._.js:10263:9)
    at flushSyncWorkAcrossRoots_impl (http://localhost:3142/_next/static/chunks/0bl2_next_dist_compiled_react-dom_01_2rz9._.js:10179:316)
    at processRootScheduleInMicrotask (http://localhost:3142/_next/static/chunks/0bl2_next_dist_compiled_react-dom_01_2rz9._.js:10200:106)
    at http://localhost:3142/_next/static/chunks/0bl2_next_dist_compiled_react-dom_01_2rz9._.js:10274:158
[ 1526831ms] A listener indicated an asynchronous response by returning true, but the message channel closed before a response was received
[ 1526831ms] A listener indicated an asynchronous response by returning true, but the message channel closed before a response was received
[ 1526831ms] A listener indicated an asynchronous response by returning true, but the message channel closed before a response was received
[ 1526831ms] A listener indicated an asynchronous response by returning true, but the message channel closed before a response was received
[ 1537722ms] [WARNING] [Fast Refresh] performing full reload because your application had an unrecoverable error @ http://localhost:3142/_next/static/chunks/0bl2_next_dist_126uayc._.js:2477
[ 1540610ms] [INFO] %cDownload the React DevTools for a better development experience: https://react.dev/link/react-devtools font-weight:bold @ http://localhost:3142/_next/static/chunks/0bl2_next_dist_126uayc._.js:2477
[ 1540702ms] [LOG] [HMR] connected @ http://localhost:3142/_next/static/chunks/0bl2_next_dist_126uayc._.js:2477
[ 1542025ms] [ERROR] React has detected a change in the order of Hooks called by %s. This will lead to bugs and errors if not fixed. For more information, read the Rules of Hooks: https://react.dev/link/rules-of-hooks

   Previous render            Next render
   ------------------------------------------------------
%s   ^^^^^^^^^^^^^^^^^^^^^^^^^^^^^^^^^^^^^^^^^^^^^^^^^^^^^^
 BotDetailPage 1. useContext                 useContext
2. useContext                 useContext
3. useMemo                    useMemo
4. useContext                 useContext
5. useContext                 useContext
6. useContext                 useContext
7. useMemo                    useMemo
8. useContext                 useContext
9. useContext                 useContext
10. useMemo                   useMemo
11. useContext                useContext
12. useContext                useContext
13. useContext                useContext
14. useContext                useContext
15. useContext                useContext
16. useEffect                 useEffect
17. useState                  useState
18. useCallback               useCallback
19. useSyncExternalStore      useSyncExternalStore
20. useEffect                 useEffect
21. useState                  useState
22. useState                  useState
23. useState                  useState
24. useState                  useState
25. useCallback               useCallback
26. useState                  useState
27. useState                  useState
28. useContext                useContext
29. useContext                useContext
30. useContext                useContext
31. useEffect                 useEffect
32. useState                  useState
33. useCallback               useCallback
34. useSyncExternalStore      useSyncExternalStore
35. useEffect                 useEffect
36. useEffect                 useEffect
37. useContext                useContext
38. useContext                useContext
39. useContext                useContext
40. useEffect                 useEffect
41. useState                  useState
42. useCallback               useCallback
43. useSyncExternalStore      useSyncExternalStore
44. useEffect                 useEffect
45. useContext                useContext
46. useContext                useContext
47. useContext                useContext
48. useEffect                 useEffect
49. useState                  useState
50. useCallback               useCallback
51. useSyncExternalStore      useSyncExternalStore
52. useEffect                 useEffect
53. useContext                useContext
54. useContext                useContext
55. useContext                useContext
56. useEffect                 useEffect
57. useState                  useState
58. useCallback               useCallback
59. useSyncExternalStore      useSyncExternalStore
60. useEffect                 useEffect
61. useContext                useContext
62. useContext                useContext
63. useContext                useContext
64. useEffect                 useEffect
65. useState                  useState
66. useCallback               useCallback
67. useSyncExternalStore      useSyncExternalStore
68. useEffect                 useEffect
69. useContext                useContext
70. useContext                useContext
71. useContext                useContext
72. useEffect                 useEffect
73. useState                  useState
74. useCallback               useCallback
75. useSyncExternalStore      useSyncExternalStore
76. useEffect                 useEffect
77. useContext                useContext
78. useContext                useContext
79. useContext                useContext
80. useEffect                 useEffect
81. useState                  useState
82. useCallback               useCallback
83. useSyncExternalStore      useSyncExternalStore
84. useEffect                 useEffect
85. useContext                useContext
86. useContext                useContext
87. useContext                useContext
88. useEffect                 useEffect
89. useState                  useState
90. useCallback               useCallback
91. useSyncExternalStore      useSyncExternalStore
92. useEffect                 useEffect
93. useContext                useContext
94. useContext                useContext
95. useContext                useContext
96. useEffect                 useEffect
97. useState                  useState
98. useCallback               useCallback
99. useSyncExternalStore      useSyncExternalStore
100. useEffect                useEffect
101. useState                 useState
102. useState                 useState
103. useState                 useState
104. useState                 useState
105. useRef                   useRef
106. useRef                   useRef
107. useRef                   useRef
108. useCallback              useCallback
109. useCallback              useCallback
110. useEffect                useEffect
111. useCallback              useCallback
112. useState                 useState
113. useState                 useState
114. useRef                   useRef
115. useRef                   useRef
116. useRef                   useRef
117. useRef                   useRef
118. useCallback              useCallback
119. useEffect                useEffect
120. useMemo                  useMemo
121. useMemo                  useMemo
122. useCallback              useCallback
123. useMemo                  useMemo
124. useMemo                  useMemo
125. useMemo                  useMemo
126. useMemo                  useMemo
127. useCallback              useCallback
128. useState                 useState
129. useState                 useState
130. useRef                   useRef
131. useRef                   useRef
132. useRef                   useRef
133. useRef                   useRef
134. useCallback              useCallback
135. useEffect                useEffect
136. useContext               useContext
137. useContext               useContext
138. useState                 useState
139. useEffect                useEffect
140. useCallback              useCallback
141. useSyncExternalStore     useSyncExternalStore
142. useCallback              useCallback
143. useContext               useContext
144. useContext               useContext
145. useState                 useState
146. useEffect                useEffect
147. useCallback              useCallback
148. useSyncExternalStore     useSyncExternalStore
149. useCallback              useCallback
150. undefined                useMemo
 @ http://localhost:3142/_next/static/chunks/0bl2_next_dist_126uayc._.js:3318
[ 1542065ms] Error: Rendered more hooks than during the previous render.
    at updateWorkInProgressHook (http://localhost:3142/_next/static/chunks/0bl2_next_dist_compiled_react-dom_01_2rz9._.js:4734:23)
    at updateMemo (http://localhost:3142/_next/static/chunks/0bl2_next_dist_compiled_react-dom_01_2rz9._.js:5409:20)
    at Object.useMemo (http://localhost:3142/_next/static/chunks/0bl2_next_dist_compiled_react-dom_01_2rz9._.js:15465:24)
    at exports.useMemo (http://localhost:3142/_next/static/chunks/0bl2_next_dist_compiled_0uobupv._.js:1742:36)
    at BotDetailPage (http://localhost:3142/_next/static/chunks/src_0pyui59._.js:2800:315)
    at Object.react_stack_bottom_frame (http://localhost:3142/_next/static/chunks/0bl2_next_dist_compiled_react-dom_01_2rz9._.js:15037:24)
    at renderWithHooks (http://localhost:3142/_next/static/chunks/0bl2_next_dist_compiled_react-dom_01_2rz9._.js:4620:24)
    at updateFunctionComponent (http://localhost:3142/_next/static/chunks/0bl2_next_dist_compiled_react-dom_01_2rz9._.js:6081:21)
    at beginWork (http://localhost:3142/_next/static/chunks/0bl2_next_dist_compiled_react-dom_01_2rz9._.js:6691:24)
    at runWithFiberInDEV (http://localhost:3142/_next/static/chunks/0bl2_next_dist_compiled_react-dom_01_2rz9._.js:965:74)
    at performUnitOfWork (http://localhost:3142/_next/static/chunks/0bl2_next_dist_compiled_react-dom_01_2rz9._.js:9555:97)
    at workLoopSync (http://localhost:3142/_next/static/chunks/0bl2_next_dist_compiled_react-dom_01_2rz9._.js:9449:40)
    at renderRootSync (http://localhost:3142/_next/static/chunks/0bl2_next_dist_compiled_react-dom_01_2rz9._.js:9433:13)
    at performWorkOnRoot (http://localhost:3142/_next/static/chunks/0bl2_next_dist_compiled_react-dom_01_2rz9._.js:9098:47)
    at performSyncWorkOnRoot (http://localhost:3142/_next/static/chunks/0bl2_next_dist_compiled_react-dom_01_2rz9._.js:10263:9)
    at flushSyncWorkAcrossRoots_impl (http://localhost:3142/_next/static/chunks/0bl2_next_dist_compiled_react-dom_01_2rz9._.js:10179:316)
    at processRootScheduleInMicrotask (http://localhost:3142/_next/static/chunks/0bl2_next_dist_compiled_react-dom_01_2rz9._.js:10200:106)
    at http://localhost:3142/_next/static/chunks/0bl2_next_dist_compiled_react-dom_01_2rz9._.js:10274:158
[ 1554060ms] [LOG] [Fast Refresh] rebuilding @ http://localhost:3142/_next/static/chunks/0bl2_next_dist_126uayc._.js:2477
[ 1559827ms] A listener indicated an asynchronous response by returning true, but the message channel closed before a response was received
[ 1559827ms] A listener indicated an asynchronous response by returning true, but the message channel closed before a response was received
[ 1559827ms] A listener indicated an asynchronous response by returning true, but the message channel closed before a response was received
[ 1559828ms] A listener indicated an asynchronous response by returning true, but the message channel closed before a response was received
