[    2574ms] [WARNING] MaxListenersExceededWarning: Possible EventEmitter memory leak detected. 11 close listeners added. Use emitter.setMaxListeners() to increase limit @ chrome-extension://nkbihfbeogaeaoehlefnkodbefgpgknn/scripts/contentscript.js:14082
[    2576ms] [WARNING] MaxListenersExceededWarning: Possible EventEmitter memory leak detected. 11 end listeners added. Use emitter.setMaxListeners() to increase limit @ chrome-extension://nkbihfbeogaeaoehlefnkodbefgpgknn/scripts/contentscript.js:14082
[    2697ms] [WARNING] ObjectMultiplex - orphaned data for stream "app-init-liveness" @ chrome-extension://nkbihfbeogaeaoehlefnkodbefgpgknn/scripts/contentscript.js:14082
[    2698ms] [WARNING] ObjectMultiplex - orphaned data for stream "app-init-liveness" @ chrome-extension://nkbihfbeogaeaoehlefnkodbefgpgknn/scripts/contentscript.js:14082
[    2699ms] [WARNING] ObjectMultiplex - orphaned data for stream "background-liveness" @ chrome-extension://nkbihfbeogaeaoehlefnkodbefgpgknn/scripts/contentscript.js:14082
[    2700ms] [WARNING] ObjectMultiplex - orphaned data for stream "background-liveness" @ chrome-extension://nkbihfbeogaeaoehlefnkodbefgpgknn/scripts/contentscript.js:14082
[    2701ms] [WARNING] ObjectMultiplex - malformed chunk without name "[object Object]" @ chrome-extension://nkbihfbeogaeaoehlefnkodbefgpgknn/scripts/contentscript.js:14082
[    2702ms] [WARNING] ObjectMultiplex - malformed chunk without name "[object Object]" @ chrome-extension://nkbihfbeogaeaoehlefnkodbefgpgknn/scripts/contentscript.js:14082
[    3090ms] [INFO] %cDownload the React DevTools for a better development experience: https://react.dev/link/react-devtools font-weight:bold @ http://localhost:3142/_next/static/chunks/0bl2_next_dist_126uayc._.js:2477
[    3142ms] [LOG] [HMR] connected @ http://localhost:3142/_next/static/chunks/0bl2_next_dist_126uayc._.js:2477
[    9403ms] A listener indicated an asynchronous response by returning true, but the message channel closed before a response was received
[    9404ms] A listener indicated an asynchronous response by returning true, but the message channel closed before a response was received
[    9405ms] A listener indicated an asynchronous response by returning true, but the message channel closed before a response was received
[    9405ms] A listener indicated an asynchronous response by returning true, but the message channel closed before a response was received
[    9405ms] A listener indicated an asynchronous response by returning true, but the message channel closed before a response was received
[  169366ms] [ERROR] IntlError: MISSING_MESSAGE: Could not resolve `Bots.status.starting` in messages for locale `en`.
    at getFallbackFromErrorAndNotify (http://localhost:3142/_next/static/chunks/node_modules__pnpm_0dc7kvp._.js:3595:23)
    at translateBaseFn (http://localhost:3142/_next/static/chunks/node_modules__pnpm_0dc7kvp._.js:3625:28)
    at translateFn (http://localhost:3142/_next/static/chunks/node_modules__pnpm_0dc7kvp._.js:3653:24)
    at StrategyList (http://localhost:3142/_next/static/chunks/src_0679~h4._.js:1121:43)
    at Object.react_stack_bottom_frame (http://localhost:3142/_next/static/chunks/0bl2_next_dist_compiled_react-dom_01_2rz9._.js:15037:24)
    at renderWithHooks (http://localhost:3142/_next/static/chunks/0bl2_next_dist_compiled_react-dom_01_2rz9._.js:4620:24)
    at updateFunctionComponent (http://localhost:3142/_next/static/chunks/0bl2_next_dist_compiled_react-dom_01_2rz9._.js:6081:21)
    at beginWork (http://localhost:3142/_next/static/chunks/0bl2_next_dist_compiled_react-dom_01_2rz9._.js:6691:24)
    at runWithFiberInDEV (http://localhost:3142/_next/static/chunks/0bl2_next_dist_compiled_react-dom_01_2rz9._.js:965:74)
    at performUnitOfWork (http://localhost:3142/_next/static/chunks/0bl2_next_dist_compiled_react-dom_01_2rz9._.js:9555:97)
    at workLoopSync (http://localhost:3142/_next/static/chunks/0bl2_next_dist_compiled_react-dom_01_2rz9._.js:9449:40)
    at renderRootSync (http://localhost:3142/_next/static/chunks/0bl2_next_dist_compiled_react-dom_01_2rz9._.js:9433:13)
    at performWorkOnRoot (http://localhost:3142/_next/static/chunks/0bl2_next_dist_compiled_react-dom_01_2rz9._.js:9061:186)
    at performSyncWorkOnRoot (http://localhost:3142/_next/static/chunks/0bl2_next_dist_compiled_react-dom_01_2rz9._.js:10263:9)
    at flushSyncWorkAcrossRoots_impl (http://localhost:3142/_next/static/chunks/0bl2_next_dist_compiled_react-dom_01_2rz9._.js:10179:316)
    at processRootScheduleInMicrotask (http://localhost:3142/_next/static/chunks/0bl2_next_dist_compiled_react-dom_01_2rz9._.js:10200:106)
    at http://localhost:3142/_next/static/chunks/0bl2_next_dist_compiled_react-dom_01_2rz9._.js:10274:158 @ http://localhost:3142/_next/static/chunks/0bl2_next_dist_126uayc._.js:3318
[  169369ms] [ERROR] IntlError: MISSING_MESSAGE: Could not resolve `Bots.status.starting` in messages for locale `en`.
    at getFallbackFromErrorAndNotify (http://localhost:3142/_next/static/chunks/node_modules__pnpm_0dc7kvp._.js:3595:23)
    at translateBaseFn (http://localhost:3142/_next/static/chunks/node_modules__pnpm_0dc7kvp._.js:3625:28)
    at translateFn (http://localhost:3142/_next/static/chunks/node_modules__pnpm_0dc7kvp._.js:3653:24)
    at StrategyList (http://localhost:3142/_next/static/chunks/src_0679~h4._.js:1121:43)
    at Object.react_stack_bottom_frame (http://localhost:3142/_next/static/chunks/0bl2_next_dist_compiled_react-dom_01_2rz9._.js:15037:24)
    at renderWithHooksAgain (http://localhost:3142/_next/static/chunks/0bl2_next_dist_compiled_react-dom_01_2rz9._.js:4675:24)
    at renderWithHooks (http://localhost:3142/_next/static/chunks/0bl2_next_dist_compiled_react-dom_01_2rz9._.js:4626:28)
    at updateFunctionComponent (http://localhost:3142/_next/static/chunks/0bl2_next_dist_compiled_react-dom_01_2rz9._.js:6081:21)
    at beginWork (http://localhost:3142/_next/static/chunks/0bl2_next_dist_compiled_react-dom_01_2rz9._.js:6691:24)
    at runWithFiberInDEV (http://localhost:3142/_next/static/chunks/0bl2_next_dist_compiled_react-dom_01_2rz9._.js:965:74)
    at performUnitOfWork (http://localhost:3142/_next/static/chunks/0bl2_next_dist_compiled_react-dom_01_2rz9._.js:9555:97)
    at workLoopSync (http://localhost:3142/_next/static/chunks/0bl2_next_dist_compiled_react-dom_01_2rz9._.js:9449:40)
    at renderRootSync (http://localhost:3142/_next/static/chunks/0bl2_next_dist_compiled_react-dom_01_2rz9._.js:9433:13)
    at performWorkOnRoot (http://localhost:3142/_next/static/chunks/0bl2_next_dist_compiled_react-dom_01_2rz9._.js:9061:186)
    at performSyncWorkOnRoot (http://localhost:3142/_next/static/chunks/0bl2_next_dist_compiled_react-dom_01_2rz9._.js:10263:9)
    at flushSyncWorkAcrossRoots_impl (http://localhost:3142/_next/static/chunks/0bl2_next_dist_compiled_react-dom_01_2rz9._.js:10179:316)
    at processRootScheduleInMicrotask (http://localhost:3142/_next/static/chunks/0bl2_next_dist_compiled_react-dom_01_2rz9._.js:10200:106)
    at http://localhost:3142/_next/static/chunks/0bl2_next_dist_compiled_react-dom_01_2rz9._.js:10274:158 @ http://localhost:3142/_next/static/chunks/0bl2_next_dist_126uayc._.js:3318
[  290479ms] A listener indicated an asynchronous response by returning true, but the message channel closed before a response was received
[ 1460163ms] [ERROR] Failed to load resource: net::ERR_CONNECTION_RESET @ http://localhost:3142/api/manager/users/73a0e592-45df-40be-8088-304011f976a3/bbgo/session/binance/open-orders?mode=paper:0
[ 1462401ms] [ERROR] Failed to load resource: net::ERR_CONNECTION_REFUSED @ http://localhost:3142/api/manager/users/73a0e592-45df-40be-8088-304011f976a3/bbgo/orders/closed?mode=paper:0
[ 1462525ms] [ERROR] Failed to load resource: net::ERR_CONNECTION_REFUSED @ http://localhost:3142/api/manager/users/73a0e592-45df-40be-8088-304011f976a3/bbgo/sessions?mode=paper:0
[ 1463191ms] [ERROR] Failed to load resource: net::ERR_CONNECTION_REFUSED @ http://localhost:3142/api/manager/users/73a0e592-45df-40be-8088-304011f976a3/strategies:0
[ 1463502ms] [ERROR] Failed to load resource: net::ERR_CONNECTION_REFUSED @ http://localhost:3142/api/manager/users/73a0e592-45df-40be-8088-304011f976a3/bbgo/trades?mode=paper:0
[ 1463535ms] [ERROR] WebSocket connection to 'ws://localhost:3142/_next/webpack-hmr?id=-LoyxDC58uQ3kiy7-gQUv' failed:  @ http://localhost:3142/_next/static/chunks/0bl2_next_dist_client_0mnwhku._.js:13322
[ 1463535ms] [ERROR] Failed to load resource: net::ERR_CONNECTION_REFUSED @ http://localhost:3142/api/manager/users/73a0e592-45df-40be-8088-304011f976a3/bbgo/session/binance/open-orders?mode=paper:0
[ 1470028ms] [LOG] [HMR] connected @ http://localhost:3142/_next/static/chunks/0bl2_next_dist_126uayc._.js:2477
[ 1476789ms] [ERROR] Failed to load resource: the server responded with a status of 404 (Not Found) @ http://localhost:3142/user/bots/73a0e592-45df-40be-8088-304011f976a3?mode=paper:0
[ 1477065ms] [WARNING] MaxListenersExceededWarning: Possible EventEmitter memory leak detected. 11 close listeners added. Use emitter.setMaxListeners() to increase limit @ chrome-extension://nkbihfbeogaeaoehlefnkodbefgpgknn/scripts/contentscript.js:14082
[ 1477066ms] [WARNING] MaxListenersExceededWarning: Possible EventEmitter memory leak detected. 11 end listeners added. Use emitter.setMaxListeners() to increase limit @ chrome-extension://nkbihfbeogaeaoehlefnkodbefgpgknn/scripts/contentscript.js:14082
[ 1477136ms] [WARNING] ObjectMultiplex - orphaned data for stream "app-init-liveness" @ chrome-extension://nkbihfbeogaeaoehlefnkodbefgpgknn/scripts/contentscript.js:14082
[ 1477137ms] [WARNING] ObjectMultiplex - orphaned data for stream "app-init-liveness" @ chrome-extension://nkbihfbeogaeaoehlefnkodbefgpgknn/scripts/contentscript.js:14082
[ 1477139ms] [WARNING] ObjectMultiplex - orphaned data for stream "background-liveness" @ chrome-extension://nkbihfbeogaeaoehlefnkodbefgpgknn/scripts/contentscript.js:14082
[ 1477139ms] [WARNING] ObjectMultiplex - orphaned data for stream "background-liveness" @ chrome-extension://nkbihfbeogaeaoehlefnkodbefgpgknn/scripts/contentscript.js:14082
[ 1477140ms] [WARNING] ObjectMultiplex - malformed chunk without name "[object Object]" @ chrome-extension://nkbihfbeogaeaoehlefnkodbefgpgknn/scripts/contentscript.js:14082
[ 1477140ms] [WARNING] ObjectMultiplex - malformed chunk without name "[object Object]" @ chrome-extension://nkbihfbeogaeaoehlefnkodbefgpgknn/scripts/contentscript.js:14082
[ 1477551ms] [INFO] %cDownload the React DevTools for a better development experience: https://react.dev/link/react-devtools font-weight:bold @ http://localhost:3142/_next/static/chunks/0bl2_next_dist_126uayc._.js:2477
[ 1477602ms] [LOG] [HMR] connected @ http://localhost:3142/_next/static/chunks/0bl2_next_dist_126uayc._.js:2477
[ 1511395ms] A listener indicated an asynchronous response by returning true, but the message channel closed before a response was received
[ 1511395ms] A listener indicated an asynchronous response by returning true, but the message channel closed before a response was received
[ 1511395ms] A listener indicated an asynchronous response by returning true, but the message channel closed before a response was received
[ 1511395ms] A listener indicated an asynchronous response by returning true, but the message channel closed before a response was received
