[    1069ms] [INFO] %cDownload the React DevTools for a better development experience: https://react.dev/link/react-devtools font-weight:bold @ http://localhost:3142/_next/static/chunks/0bl2_next_dist_126uayc._.js:2477
[    1128ms] [LOG] [HMR] connected @ http://localhost:3142/_next/static/chunks/0bl2_next_dist_126uayc._.js:2477
[   16066ms] A listener indicated an asynchronous response by returning true, but the message channel closed before a response was received
[   16067ms] A listener indicated an asynchronous response by returning true, but the message channel closed before a response was received
[   16068ms] A listener indicated an asynchronous response by returning true, but the message channel closed before a response was received
[   16068ms] A listener indicated an asynchronous response by returning true, but the message channel closed before a response was received
[ 1103391ms] [LOG] [Fast Refresh] rebuilding @ http://localhost:3142/_next/static/chunks/0bl2_next_dist_126uayc._.js:2477
[ 1295163ms] [ERROR] Failed to load resource: the server responded with a status of 401 (Unauthorized) @ http://localhost:3142/api/manager/users/73a0e592-45df-40be-8088-304011f976a3/bbgo/session/binance/open-orders?mode=paper:0
[ 1298918ms] [ERROR] Failed to load resource: the server responded with a status of 404 (Not Found) @ http://localhost:3142/user/login:0
[ 1299314ms] [INFO] %cDownload the React DevTools for a better development experience: https://react.dev/link/react-devtools font-weight:bold @ http://localhost:3142/_next/static/chunks/0bl2_next_dist_126uayc._.js:2477
[ 1299357ms] [LOG] [HMR] connected @ http://localhost:3142/_next/static/chunks/0bl2_next_dist_126uayc._.js:2477
[ 1314046ms] A listener indicated an asynchronous response by returning true, but the message channel closed before a response was received
[ 1314046ms] A listener indicated an asynchronous response by returning true, but the message channel closed before a response was received
[ 1314046ms] A listener indicated an asynchronous response by returning true, but the message channel closed before a response was received
[ 1314046ms] A listener indicated an asynchronous response by returning true, but the message channel closed before a response was received
[ 1314046ms] A listener indicated an asynchronous response by returning true, but the message channel closed before a response was received
[ 3561603ms] [ERROR] Failed to load resource: the server responded with a status of 500 (Internal Server Error) @ http://localhost:3142/user/login?_rsc=hH39JckubxYt4lsY:0
[ 3561797ms] [ERROR] Failed to load resource: the server responded with a status of 500 (Internal Server Error) @ http://localhost:3142/user/login?_rsc=hH39JckubxYt4lsY:0
[ 3561915ms] [ERROR] Failed to load resource: the server responded with a status of 500 (Internal Server Error) @ http://localhost:3142/user/login:0
[ 3562268ms] Unexpected token '}'
[ 3562420ms] Invalid regular expression: missing /
[ 3562482ms] [INFO] %cDownload the React DevTools for a better development experience: https://react.dev/link/react-devtools font-weight:bold @ http://localhost:3142/_next/static/chunks/0a8t_react-dom_07.400g._.js:15305
[ 3562621ms] Error: Module [next]/entry/page-loader.ts { PAGE => "[project]/node_modules/.pnpm/next@16.2.6_@babel+core@7.2_254017c60be10ba7f4b780f8f1e06ef4/node_modules/next/dist/pages/_error.js [client] (ecmascript)" } [client] (ecmascript) was instantiated because it was required from module [hmr-entry]/hmr-entry.js { ENTRY => "[project]/pages/_error" }, but the module factory is not available.
This is often caused by a stale browser cache, misconfigured Cache-Control headers, or a service worker serving outdated responses.
To fix this, make sure your Cache-Control headers allow revalidation of chunks and review your service worker configuration. As an immediate workaround, try hard-reloading the page, clearing the browser cache, or unregistering any service workers.
    at instantiateModuleShared (http://localhost:3142/_next/static/chunks/turbopack-pages__app_10_42jo._.js:1272:15)
    at instantiateModule (http://localhost:3142/_next/static/chunks/turbopack-pages__app_10_42jo._.js:1621:12)
    at getOrInstantiateModuleFromParent (http://localhost:3142/_next/static/chunks/turbopack-pages__app_10_42jo._.js:1604:12)
    at DevContext.commonJsRequire [as r] (http://localhost:3142/_next/static/chunks/turbopack-pages__app_10_42jo._.js:299:12)
    at module evaluation (http://localhost:3142/_next/static/chunks/%5Broot-of-the-server%5D__01mw43t._.js:472:23)
    at http://localhost:3142/_next/static/chunks/turbopack-pages__app_10_42jo._.js:1307:27
    at runModuleExecutionHooks (http://localhost:3142/_next/static/chunks/turbopack-pages__app_10_42jo._.js:1636:13)
    at instantiateModuleShared (http://localhost:3142/_next/static/chunks/turbopack-pages__app_10_42jo._.js:1305:9)
    at instantiateModule (http://localhost:3142/_next/static/chunks/turbopack-pages__app_10_42jo._.js:1621:12)
    at getOrInstantiateRuntimeModule (http://localhost:3142/_next/static/chunks/turbopack-pages__app_10_42jo._.js:1582:12)
    at Object.registerChunk (http://localhost:3142/_next/static/chunks/turbopack-pages__app_10_42jo._.js:1988:21)
[ 3562639ms] [LOG] [HMR] connected @ http://localhost:3142/_next/static/chunks/0bl2_next_dist_13vkcrh._.js:1226
[ 3562771ms] [WARNING] [HMR] Invalid message: {"type":"isrManifest","data":{"/user/login":false,"/user/login?_rsc=hH39JckubxYt4lsY":false,"/user/bots/strat-a1af38ffa23205c2":false,"/user/bots/strat-a1af38ffa23205c2?mode=paper":false,"/user/bots/strat-a1af38ffa23205c2?mode=paper&_rsc=6iK745ISIDVOu2fO":false,"/api/manager/users/73a0e592-45df-40be-8088-304011f976a3/bbgo/session/binance/open-orders?mode=paper":false}}
TypeError: Cannot read properties of undefined (reading 'components')
    at handleStaticIndicator (http://localhost:3142/_next/static/chunks/0bl2_next_dist_client_010gaeq._.js:2792:46)
    at processMessage (http://localhost:3142/_next/static/chunks/0bl2_next_dist_client_010gaeq._.js:2806:17)
    at http://localhost:3142/_next/static/chunks/0bl2_next_dist_client_010gaeq._.js:2680:13
    at WebSocket.handleMessage (http://localhost:3142/_next/static/chunks/0bl2_next_dist_client_010gaeq._.js:2325:17) @ http://localhost:3142/_next/static/chunks/0bl2_next_dist_13vkcrh._.js:1226
[ 3562791ms] [ERROR] ./src/app/[locale]/user/bots/[id]/page.tsx:33:10
the name `ErrorBoundary` is defined multiple times
  31 | import { toast } from 'sonner'
  32 | import { cn } from '@/lib/utils'
> 33 | import { ErrorBoundary } from '@/components/error-boundary'
     |          ^^^^^^^^^^^^^
  34 | import { Card, CardContent, CardHeader, CardTitle } from '@/components/ui/card'
  35 | import { Badge } from '@/components/ui/badge'
  36 | import { Button } from '@/components/ui/button'

Ecmascript file had an error

Import traces:
  Client Component Browser:
    ./src/app/[locale]/user/bots/[id]/page.tsx [Client Component Browser]
    ./src/app/[locale]/user/bots/[id]/page.tsx [Server Component]

  Client Component SSR:
    ./src/app/[locale]/user/bots/[id]/page.tsx [Client Component SSR]
    ./src/app/[locale]/user/bots/[id]/page.tsx [Server Component] @ http://localhost:3142/_next/static/chunks/0bl2_next_dist_13vkcrh._.js:1945
[ 3582548ms] [WARNING] [HMR] Invalid message: {"type":"isrManifest","data":{"/user/login?_rsc=hH39JckubxYt4lsY":false,"/user/bots/strat-a1af38ffa23205c2":false,"/user/bots/strat-a1af38ffa23205c2?mode=paper":false,"/user/bots/strat-a1af38ffa23205c2?mode=paper&_rsc=6iK745ISIDVOu2fO":false,"/api/manager/users/73a0e592-45df-40be-8088-304011f976a3/bbgo/session/binance/open-orders?mode=paper":false}}
TypeError: Cannot read properties of undefined (reading 'components')
    at handleStaticIndicator (http://localhost:3142/_next/static/chunks/0bl2_next_dist_client_010gaeq._.js:2792:46)
    at processMessage (http://localhost:3142/_next/static/chunks/0bl2_next_dist_client_010gaeq._.js:2806:17)
    at http://localhost:3142/_next/static/chunks/0bl2_next_dist_client_010gaeq._.js:2680:13
    at WebSocket.handleMessage (http://localhost:3142/_next/static/chunks/0bl2_next_dist_client_010gaeq._.js:2325:17) @ http://localhost:3142/_next/static/chunks/0bl2_next_dist_13vkcrh._.js:1226
[ 3583104ms] [ERROR] Failed to load resource: the server responded with a status of 404 (Not Found) @ http://localhost:3142/user/login:0
[ 3583383ms] A listener indicated an asynchronous response by returning true, but the message channel closed before a response was received
[ 3583531ms] [INFO] %cDownload the React DevTools for a better development experience: https://react.dev/link/react-devtools font-weight:bold @ http://localhost:3142/_next/static/chunks/0bl2_next_dist_126uayc._.js:2477
[ 3583573ms] [LOG] [HMR] connected @ http://localhost:3142/_next/static/chunks/0bl2_next_dist_126uayc._.js:2477
[ 3614036ms] A listener indicated an asynchronous response by returning true, but the message channel closed before a response was received
[ 3614036ms] A listener indicated an asynchronous response by returning true, but the message channel closed before a response was received
[ 3614036ms] A listener indicated an asynchronous response by returning true, but the message channel closed before a response was received
[ 3636794ms] [LOG] [Fast Refresh] rebuilding @ http://localhost:3142/_next/static/chunks/0bl2_next_dist_126uayc._.js:2477
