[    1823ms] [INFO] %cDownload the React DevTools for a better development experience: https://react.dev/link/react-devtools font-weight:bold @ http://localhost:3142/_next/static/chunks/0bl2_next_dist_126uayc._.js:2477
[    2009ms] [LOG] [HMR] connected @ http://localhost:3142/_next/static/chunks/0bl2_next_dist_126uayc._.js:2477
[   21651ms] A listener indicated an asynchronous response by returning true, but the message channel closed before a response was received
[   21651ms] A listener indicated an asynchronous response by returning true, but the message channel closed before a response was received
[   21651ms] A listener indicated an asynchronous response by returning true, but the message channel closed before a response was received
[   21651ms] A listener indicated an asynchronous response by returning true, but the message channel closed before a response was received
[   52931ms] [WARNING] Canvas2D: Multiple readback operations using getImageData are faster with the willReadFrequently attribute set to true. See: https://html.spec.whatwg.org/multipage/canvas.html#concept-canvas-will-read-frequently @ :4
[  160321ms] [ERROR] Failed to load resource: the server responded with a status of 401 (Unauthorized) @ http://localhost:3142/api/manager/users/73a0e592-45df-40be-8088-304011f976a3/bbgo/ping?mode=paper:0
[  160435ms] [ERROR] Failed to load resource: the server responded with a status of 401 (Unauthorized) @ http://localhost:3142/api/manager/users/73a0e592-45df-40be-8088-304011f976a3/bbgo/orders/closed?mode=paper:0
[  160474ms] [ERROR] Failed to load resource: the server responded with a status of 401 (Unauthorized) @ http://localhost:3142/api/manager/users/73a0e592-45df-40be-8088-304011f976a3/bbgo/strategies?mode=paper:0
[  160536ms] [ERROR] Failed to load resource: the server responded with a status of 401 (Unauthorized) @ http://localhost:3142/api/manager/users/73a0e592-45df-40be-8088-304011f976a3/bbgo/pnl?mode=paper&symbol=BTCUSDT:0
[  160724ms] [ERROR] Failed to load resource: the server responded with a status of 401 (Unauthorized) @ http://localhost:3142/api/manager/users/73a0e592-45df-40be-8088-304011f976a3/bbgo/trades?mode=paper&symbol=BTCUSDT:0
[  160809ms] [ERROR] Failed to load resource: the server responded with a status of 401 (Unauthorized) @ http://localhost:3142/api/manager/users/73a0e592-45df-40be-8088-304011f976a3/bbgo/sessions?mode=paper:0
[  165468ms] [ERROR] Failed to load resource: the server responded with a status of 401 (Unauthorized) @ http://localhost:3142/api/manager/users/73a0e592-45df-40be-8088-304011f976a3/bots/strat-a1af38ffa23205c2:0
[  165665ms] [ERROR] Failed to load resource: the server responded with a status of 401 (Unauthorized) @ http://localhost:3142/api/manager/users/73a0e592-45df-40be-8088-304011f976a3/logs?mode=paper&tail=100:0
[  165700ms] [ERROR] Failed to load resource: the server responded with a status of 401 (Unauthorized) @ http://localhost:3142/api/manager/users/73a0e592-45df-40be-8088-304011f976a3/bbgo/session/binance/balances?mode=paper:0
[  165765ms] [ERROR] Failed to load resource: the server responded with a status of 401 (Unauthorized) @ http://localhost:3142/api/manager/users/73a0e592-45df-40be-8088-304011f976a3/bbgo/session/binance/open-orders?mode=paper:0
[  178439ms] [INFO] %cDownload the React DevTools for a better development experience: https://react.dev/link/react-devtools font-weight:bold @ http://localhost:3142/_next/static/chunks/0bl2_next_dist_126uayc._.js:2477
[  178488ms] [LOG] [HMR] connected @ http://localhost:3142/_next/static/chunks/0bl2_next_dist_126uayc._.js:2477
[  212641ms] A listener indicated an asynchronous response by returning true, but the message channel closed before a response was received
[  212642ms] A listener indicated an asynchronous response by returning true, but the message channel closed before a response was received
[  212642ms] A listener indicated an asynchronous response by returning true, but the message channel closed before a response was received
[  212642ms] A listener indicated an asynchronous response by returning true, but the message channel closed before a response was received
[  212642ms] A listener indicated an asynchronous response by returning true, but the message channel closed before a response was received
[  800657ms] A listener indicated an asynchronous response by returning true, but the message channel closed before a response was received
[  817564ms] [LOG] [Fast Refresh] rebuilding @ http://localhost:3142/_next/static/chunks/0bl2_next_dist_126uayc._.js:2477
[  854674ms] [LOG] [Fast Refresh] done in 19625ms @ http://localhost:3142/_next/static/chunks/0bl2_next_dist_126uayc._.js:2477
[  854779ms] [LOG] [Fast Refresh] rebuilding @ http://localhost:3142/_next/static/chunks/0bl2_next_dist_126uayc._.js:2477
[  901385ms] [LOG] [Fast Refresh] done in 29618ms @ http://localhost:3142/_next/static/chunks/0bl2_next_dist_126uayc._.js:2477
[  901495ms] [LOG] [Fast Refresh] rebuilding @ http://localhost:3142/_next/static/chunks/0bl2_next_dist_126uayc._.js:2477
