[    1765ms] [WARNING] MaxListenersExceededWarning: Possible EventEmitter memory leak detected. 11 close listeners added. Use emitter.setMaxListeners() to increase limit @ chrome-extension://nkbihfbeogaeaoehlefnkodbefgpgknn/scripts/contentscript.js:14082
[    1768ms] [WARNING] MaxListenersExceededWarning: Possible EventEmitter memory leak detected. 11 end listeners added. Use emitter.setMaxListeners() to increase limit @ chrome-extension://nkbihfbeogaeaoehlefnkodbefgpgknn/scripts/contentscript.js:14082
[    1871ms] [WARNING] ObjectMultiplex - orphaned data for stream "app-init-liveness" @ chrome-extension://nkbihfbeogaeaoehlefnkodbefgpgknn/scripts/contentscript.js:14082
[    1873ms] [WARNING] ObjectMultiplex - orphaned data for stream "app-init-liveness" @ chrome-extension://nkbihfbeogaeaoehlefnkodbefgpgknn/scripts/contentscript.js:14082
[    1874ms] [WARNING] ObjectMultiplex - orphaned data for stream "background-liveness" @ chrome-extension://nkbihfbeogaeaoehlefnkodbefgpgknn/scripts/contentscript.js:14082
[    1875ms] [WARNING] ObjectMultiplex - orphaned data for stream "background-liveness" @ chrome-extension://nkbihfbeogaeaoehlefnkodbefgpgknn/scripts/contentscript.js:14082
[    1877ms] [WARNING] ObjectMultiplex - malformed chunk without name "[object Object]" @ chrome-extension://nkbihfbeogaeaoehlefnkodbefgpgknn/scripts/contentscript.js:14082
[    1878ms] [WARNING] ObjectMultiplex - malformed chunk without name "[object Object]" @ chrome-extension://nkbihfbeogaeaoehlefnkodbefgpgknn/scripts/contentscript.js:14082
[    2477ms] [INFO] %cDownload the React DevTools for a better development experience: https://react.dev/link/react-devtools font-weight:bold @ http://localhost:3142/_next/static/chunks/0bl2_next_dist_126uayc._.js:2477
[    4265ms] [LOG] [HMR] connected @ http://localhost:3142/_next/static/chunks/0bl2_next_dist_126uayc._.js:2477
[    4508ms] [ERROR] A tree hydrated but some attributes of the server rendered HTML didn't match the client properties. This won't be patched up. This can happen if a SSR-ed Client Component used:

- A server/client branch `if (typeof window !== 'undefined')`.
- Variable input such as `Date.now()` or `Math.random()` which changes each time it's called.
- Date formatting in a user's locale which doesn't match the server.
- External changing data without sending a snapshot of it along with the HTML.
- Invalid HTML tag nesting.

It can also happen if the client has a browser extension installed which messes with the HTML before React loaded.

%s%s https://react.dev/link/hydration-mismatch 

  ...
    <SegmentViewNode type="layout" pagePath="[locale]/u...">
      <SegmentTrieNode>
      <script>
      <script>
      <script>
      <script>
      <script>
      <UserLayout>
        <UserIdProvider userId="73a0e592-4...">
          <TradingModeProvider>
            <div className="flex h-screen">
              <Sidebar>
              <div className="flex flex-...">
                <Header email="talhuang12...">
                  <header className="flex h-14 ...">
                    <div>
                    <div className="flex items...">
                      <ModeToggle>
                        <div className="flex items...">
                          <button
                            onClick={function onClick}
+                           className="rounded-full px-3 py-1 text-[11px] font-medium transition-all text-muted-foregr..."
-                           className="rounded-full px-3 py-1 text-[11px] font-medium transition-all bg-blue-600 text-..."
                          >
+                           Live
                          <button
                            onClick={function onClick}
+                           className="rounded-full px-3 py-1 text-[11px] font-medium transition-all bg-amber-500 text..."
-                           className="rounded-full px-3 py-1 text-[11px] font-medium transition-all text-muted-foregr..."
                          >
+                           Paper
                      ...
                  ...
                ...
 @ http://localhost:3142/_next/static/chunks/0bl2_next_dist_126uayc._.js:3318
[    8187ms] A listener indicated an asynchronous response by returning true, but the message channel closed before a response was received
[    8187ms] A listener indicated an asynchronous response by returning true, but the message channel closed before a response was received
[    8187ms] A listener indicated an asynchronous response by returning true, but the message channel closed before a response was received
[    8187ms] A listener indicated an asynchronous response by returning true, but the message channel closed before a response was received
