[    1550ms] [INFO] %cDownload the React DevTools for a better development experience: https://react.dev/link/react-devtools font-weight:bold @ http://localhost:3142/_next/static/chunks/0bl2_next_dist_126uayc._.js:2477
[    1766ms] [LOG] [HMR] connected @ http://localhost:3142/_next/static/chunks/0bl2_next_dist_126uayc._.js:2477
[   21741ms] A listener indicated an asynchronous response by returning true, but the message channel closed before a response was received
[   21741ms] A listener indicated an asynchronous response by returning true, but the message channel closed before a response was received
[   21741ms] A listener indicated an asynchronous response by returning true, but the message channel closed before a response was received
[   21741ms] A listener indicated an asynchronous response by returning true, but the message channel closed before a response was received
[  127096ms] [INFO] %cDownload the React DevTools for a better development experience: https://react.dev/link/react-devtools font-weight:bold @ http://localhost:3142/_next/static/chunks/0bl2_next_dist_126uayc._.js:2477
[  127342ms] [LOG] [HMR] connected @ http://localhost:3142/_next/static/chunks/0bl2_next_dist_126uayc._.js:2477
[  165755ms] A listener indicated an asynchronous response by returning true, but the message channel closed before a response was received
[  165756ms] A listener indicated an asynchronous response by returning true, but the message channel closed before a response was received
[  165756ms] A listener indicated an asynchronous response by returning true, but the message channel closed before a response was received
[  165758ms] A listener indicated an asynchronous response by returning true, but the message channel closed before a response was received
[  175410ms] [INFO] %cDownload the React DevTools for a better development experience: https://react.dev/link/react-devtools font-weight:bold @ http://localhost:3142/_next/static/chunks/0bl2_next_dist_126uayc._.js:2477
[  175488ms] [LOG] [HMR] connected @ http://localhost:3142/_next/static/chunks/0bl2_next_dist_126uayc._.js:2477
[  186660ms] [LOG] [Fast Refresh] rebuilding @ http://localhost:3142/_next/static/chunks/0bl2_next_dist_126uayc._.js:2477
[  198747ms] A listener indicated an asynchronous response by returning true, but the message channel closed before a response was received
[  198747ms] A listener indicated an asynchronous response by returning true, but the message channel closed before a response was received
[  198747ms] A listener indicated an asynchronous response by returning true, but the message channel closed before a response was received
[  198747ms] A listener indicated an asynchronous response by returning true, but the message channel closed before a response was received
[  230653ms] [LOG] [Fast Refresh] done in 24707ms @ http://localhost:3142/_next/static/chunks/0bl2_next_dist_126uayc._.js:2477
[  230762ms] [LOG] [Fast Refresh] rebuilding @ http://localhost:3142/_next/static/chunks/0bl2_next_dist_126uayc._.js:2477
