[    1268ms] [INFO] %cDownload the React DevTools for a better development experience: https://react.dev/link/react-devtools font-weight:bold @ http://localhost:3142/_next/static/chunks/0bl2_next_dist_126uayc._.js:2477
[    1543ms] [LOG] [HMR] connected @ http://localhost:3142/_next/static/chunks/0bl2_next_dist_126uayc._.js:2477
[   35413ms] A listener indicated an asynchronous response by returning true, but the message channel closed before a response was received
[   35413ms] A listener indicated an asynchronous response by returning true, but the message channel closed before a response was received
[   35414ms] A listener indicated an asynchronous response by returning true, but the message channel closed before a response was received
[   35416ms] A listener indicated an asynchronous response by returning true, but the message channel closed before a response was received
[   51333ms] [WARNING] Canvas2D: Multiple readback operations using getImageData are faster with the willReadFrequently attribute set to true. See: https://html.spec.whatwg.org/multipage/canvas.html#concept-canvas-will-read-frequently @ :7
[   80203ms] [LOG] [Fast Refresh] rebuilding @ http://localhost:3142/_next/static/chunks/0bl2_next_dist_126uayc._.js:2477
[ 1185443ms] [INFO] %cDownload the React DevTools for a better development experience: https://react.dev/link/react-devtools font-weight:bold @ http://localhost:3142/_next/static/chunks/0bl2_next_dist_126uayc._.js:2477
[ 1185664ms] [LOG] [HMR] connected @ http://localhost:3142/_next/static/chunks/0bl2_next_dist_126uayc._.js:2477
[ 1218424ms] A listener indicated an asynchronous response by returning true, but the message channel closed before a response was received
[ 1218424ms] A listener indicated an asynchronous response by returning true, but the message channel closed before a response was received
[ 1218424ms] A listener indicated an asynchronous response by returning true, but the message channel closed before a response was received
[ 1218424ms] A listener indicated an asynchronous response by returning true, but the message channel closed before a response was received
[ 1287553ms] [LOG] [Fast Refresh] rebuilding @ http://localhost:3142/_next/static/chunks/0bl2_next_dist_126uayc._.js:2477
[ 1411020ms] [LOG] [Fast Refresh] done in 123732ms @ http://localhost:3142/_next/static/chunks/0bl2_next_dist_126uayc._.js:2477
[ 1411128ms] [LOG] [Fast Refresh] rebuilding @ http://localhost:3142/_next/static/chunks/0bl2_next_dist_126uayc._.js:2477
[ 1416872ms] [LOG] [Fast Refresh] done in 5849ms @ http://localhost:3142/_next/static/chunks/0bl2_next_dist_126uayc._.js:2477
[ 1416978ms] [LOG] [Fast Refresh] rebuilding @ http://localhost:3142/_next/static/chunks/0bl2_next_dist_126uayc._.js:2477
[ 1417008ms] [LOG] [Fast Refresh] done in 133ms @ http://localhost:3142/_next/static/chunks/0bl2_next_dist_126uayc._.js:2477
[ 1417113ms] [LOG] [Fast Refresh] rebuilding @ http://localhost:3142/_next/static/chunks/0bl2_next_dist_126uayc._.js:2477
[ 1418627ms] [LOG] [Fast Refresh] done in 1617ms @ http://localhost:3142/_next/static/chunks/0bl2_next_dist_126uayc._.js:2477
[ 1418736ms] [LOG] [Fast Refresh] rebuilding @ http://localhost:3142/_next/static/chunks/0bl2_next_dist_126uayc._.js:2477
[ 1426795ms] [LOG] [Fast Refresh] done in 8166ms @ http://localhost:3142/_next/static/chunks/0bl2_next_dist_126uayc._.js:2477
[ 1426904ms] [LOG] [Fast Refresh] rebuilding @ http://localhost:3142/_next/static/chunks/0bl2_next_dist_126uayc._.js:2477
[ 1439904ms] [LOG] [Fast Refresh] done in 13107ms @ http://localhost:3142/_next/static/chunks/0bl2_next_dist_126uayc._.js:2477
[ 1440061ms] [LOG] [Fast Refresh] rebuilding @ http://localhost:3142/_next/static/chunks/0bl2_next_dist_126uayc._.js:2477
[ 1474799ms] [LOG] [Fast Refresh] done in 34894ms @ http://localhost:3142/_next/static/chunks/0bl2_next_dist_126uayc._.js:2477
[ 1474904ms] [LOG] [Fast Refresh] rebuilding @ http://localhost:3142/_next/static/chunks/0bl2_next_dist_126uayc._.js:2477
[ 1603955ms] [LOG] [Fast Refresh] done in 109845ms @ http://localhost:3142/_next/static/chunks/0bl2_next_dist_126uayc._.js:2477
[ 1604446ms] [LOG] [Fast Refresh] rebuilding @ http://localhost:3142/_next/static/chunks/0bl2_next_dist_126uayc._.js:2477
