[    1256ms] [INFO] %cDownload the React DevTools for a better development experience: https://react.dev/link/react-devtools font-weight:bold @ http://localhost:3142/_next/static/chunks/0bl2_next_dist_126uayc._.js:2477
[    1488ms] [LOG] [HMR] connected @ http://localhost:3142/_next/static/chunks/0bl2_next_dist_126uayc._.js:2477
[    3820ms] [LOG] [Chart] Creating markers: 20 first: {time: 1779955200, position: belowBar, color: #22c55e, shape: arrowUp, text: ▲ 0.001} last: {time: 1779972300, position: aboveBar, color: #ef4444, shape: arrowDown, text: ▼ 0.001} candleCount: 500 candleRange: 1778194800 - 1779991200 @ http://localhost:3142/_next/static/chunks/0bl2_next_dist_126uayc._.js:2477
[    3831ms] [LOG] [Chart] Markers plugin created: true markers(): 20 @ http://localhost:3142/_next/static/chunks/0bl2_next_dist_126uayc._.js:2477
[    4172ms] [LOG] [Chart] Creating markers: 20 first: {time: 1779955200, position: belowBar, color: #22c55e, shape: arrowUp, text: ▲ 0.001} last: {time: 1779972300, position: aboveBar, color: #ef4444, shape: arrowDown, text: ▼ 0.001} candleCount: 501 candleRange: 1778194800 - 1779991920 @ http://localhost:3142/_next/static/chunks/0bl2_next_dist_126uayc._.js:2477
[    4174ms] [LOG] [Chart] Markers plugin created: true markers(): 20 @ http://localhost:3142/_next/static/chunks/0bl2_next_dist_126uayc._.js:2477
[    5031ms] A listener indicated an asynchronous response by returning true, but the message channel closed before a response was received
[    5031ms] A listener indicated an asynchronous response by returning true, but the message channel closed before a response was received
[    5031ms] A listener indicated an asynchronous response by returning true, but the message channel closed before a response was received
[    5767ms] [LOG] [Chart] Creating markers: 20 first: {time: 1779955200, position: belowBar, color: #22c55e, shape: arrowUp, text: ▲ 0.001} last: {time: 1779972300, position: aboveBar, color: #ef4444, shape: arrowDown, text: ▼ 0.001} candleCount: 501 candleRange: 1778194800 - 1779991920 @ http://localhost:3142/_next/static/chunks/0bl2_next_dist_126uayc._.js:2477
[    5769ms] [LOG] [Chart] Markers plugin created: true markers(): 20 @ http://localhost:3142/_next/static/chunks/0bl2_next_dist_126uayc._.js:2477
[    7756ms] [LOG] [Chart] Creating markers: 20 first: {time: 1779955200, position: belowBar, color: #22c55e, shape: arrowUp, text: ▲ 0.001} last: {time: 1779972300, position: aboveBar, color: #ef4444, shape: arrowDown, text: ▼ 0.001} candleCount: 501 candleRange: 1778194800 - 1779991920 @ http://localhost:3142/_next/static/chunks/0bl2_next_dist_126uayc._.js:2477
[    7758ms] [LOG] [Chart] Markers plugin created: true markers(): 20 @ http://localhost:3142/_next/static/chunks/0bl2_next_dist_126uayc._.js:2477
[    9737ms] [LOG] [Chart] Creating markers: 20 first: {time: 1779955200, position: belowBar, color: #22c55e, shape: arrowUp, text: ▲ 0.001} last: {time: 1779972300, position: aboveBar, color: #ef4444, shape: arrowDown, text: ▼ 0.001} candleCount: 501 candleRange: 1778194800 - 1779991920 @ http://localhost:3142/_next/static/chunks/0bl2_next_dist_126uayc._.js:2477
[    9739ms] [LOG] [Chart] Markers plugin created: true markers(): 20 @ http://localhost:3142/_next/static/chunks/0bl2_next_dist_126uayc._.js:2477
[   11764ms] [LOG] [Chart] Creating markers: 20 first: {time: 1779955200, position: belowBar, color: #22c55e, shape: arrowUp, text: ▲ 0.001} last: {time: 1779972300, position: aboveBar, color: #ef4444, shape: arrowDown, text: ▼ 0.001} candleCount: 501 candleRange: 1778194800 - 1779991920 @ http://localhost:3142/_next/static/chunks/0bl2_next_dist_126uayc._.js:2477
[   11766ms] [LOG] [Chart] Markers plugin created: true markers(): 20 @ http://localhost:3142/_next/static/chunks/0bl2_next_dist_126uayc._.js:2477
[   13812ms] [LOG] [Chart] Creating markers: 20 first: {time: 1779955200, position: belowBar, color: #22c55e, shape: arrowUp, text: ▲ 0.001} last: {time: 1779972300, position: aboveBar, color: #ef4444, shape: arrowDown, text: ▼ 0.001} candleCount: 501 candleRange: 1778194800 - 1779991920 @ http://localhost:3142/_next/static/chunks/0bl2_next_dist_126uayc._.js:2477
[   13814ms] [LOG] [Chart] Markers plugin created: true markers(): 20 @ http://localhost:3142/_next/static/chunks/0bl2_next_dist_126uayc._.js:2477
[   15832ms] [LOG] [Chart] Creating markers: 20 first: {time: 1779955200, position: belowBar, color: #22c55e, shape: arrowUp, text: ▲ 0.001} last: {time: 1779972300, position: aboveBar, color: #ef4444, shape: arrowDown, text: ▼ 0.001} candleCount: 501 candleRange: 1778194800 - 1779991920 @ http://localhost:3142/_next/static/chunks/0bl2_next_dist_126uayc._.js:2477
[   15834ms] [LOG] [Chart] Markers plugin created: true markers(): 20 @ http://localhost:3142/_next/static/chunks/0bl2_next_dist_126uayc._.js:2477
[   17821ms] [LOG] [Chart] Creating markers: 20 first: {time: 1779955200, position: belowBar, color: #22c55e, shape: arrowUp, text: ▲ 0.001} last: {time: 1779972300, position: aboveBar, color: #ef4444, shape: arrowDown, text: ▼ 0.001} candleCount: 501 candleRange: 1778194800 - 1779991920 @ http://localhost:3142/_next/static/chunks/0bl2_next_dist_126uayc._.js:2477
[   17822ms] [LOG] [Chart] Markers plugin created: true markers(): 20 @ http://localhost:3142/_next/static/chunks/0bl2_next_dist_126uayc._.js:2477
[   19745ms] [LOG] [Chart] Creating markers: 20 first: {time: 1779955200, position: belowBar, color: #22c55e, shape: arrowUp, text: ▲ 0.001} last: {time: 1779972300, position: aboveBar, color: #ef4444, shape: arrowDown, text: ▼ 0.001} candleCount: 501 candleRange: 1778194800 - 1779991920 @ http://localhost:3142/_next/static/chunks/0bl2_next_dist_126uayc._.js:2477
[   19748ms] [LOG] [Chart] Markers plugin created: true markers(): 20 @ http://localhost:3142/_next/static/chunks/0bl2_next_dist_126uayc._.js:2477
[   21750ms] [LOG] [Chart] Creating markers: 20 first: {time: 1779955200, position: belowBar, color: #22c55e, shape: arrowUp, text: ▲ 0.001} last: {time: 1779972300, position: aboveBar, color: #ef4444, shape: arrowDown, text: ▼ 0.001} candleCount: 501 candleRange: 1778194800 - 1779991920 @ http://localhost:3142/_next/static/chunks/0bl2_next_dist_126uayc._.js:2477
[   21752ms] [LOG] [Chart] Markers plugin created: true markers(): 20 @ http://localhost:3142/_next/static/chunks/0bl2_next_dist_126uayc._.js:2477
[   23750ms] [LOG] [Chart] Creating markers: 20 first: {time: 1779955200, position: belowBar, color: #22c55e, shape: arrowUp, text: ▲ 0.001} last: {time: 1779972300, position: aboveBar, color: #ef4444, shape: arrowDown, text: ▼ 0.001} candleCount: 501 candleRange: 1778194800 - 1779991920 @ http://localhost:3142/_next/static/chunks/0bl2_next_dist_126uayc._.js:2477
[   23752ms] [LOG] [Chart] Markers plugin created: true markers(): 20 @ http://localhost:3142/_next/static/chunks/0bl2_next_dist_126uayc._.js:2477
[   27747ms] [LOG] [Chart] Creating markers: 20 first: {time: 1779955200, position: belowBar, color: #22c55e, shape: arrowUp, text: ▲ 0.001} last: {time: 1779972300, position: aboveBar, color: #ef4444, shape: arrowDown, text: ▼ 0.001} candleCount: 501 candleRange: 1778194800 - 1779991920 @ http://localhost:3142/_next/static/chunks/0bl2_next_dist_126uayc._.js:2477
[   27748ms] [LOG] [Chart] Markers plugin created: true markers(): 20 @ http://localhost:3142/_next/static/chunks/0bl2_next_dist_126uayc._.js:2477
[   29773ms] [LOG] [Chart] Creating markers: 20 first: {time: 1779955200, position: belowBar, color: #22c55e, shape: arrowUp, text: ▲ 0.001} last: {time: 1779972300, position: aboveBar, color: #ef4444, shape: arrowDown, text: ▼ 0.001} candleCount: 501 candleRange: 1778194800 - 1779991920 @ http://localhost:3142/_next/static/chunks/0bl2_next_dist_126uayc._.js:2477
[   29775ms] [LOG] [Chart] Markers plugin created: true markers(): 20 @ http://localhost:3142/_next/static/chunks/0bl2_next_dist_126uayc._.js:2477
[   31837ms] [LOG] [Chart] Creating markers: 20 first: {time: 1779955200, position: belowBar, color: #22c55e, shape: arrowUp, text: ▲ 0.001} last: {time: 1779972300, position: aboveBar, color: #ef4444, shape: arrowDown, text: ▼ 0.001} candleCount: 501 candleRange: 1778194800 - 1779991920 @ http://localhost:3142/_next/static/chunks/0bl2_next_dist_126uayc._.js:2477
[   31839ms] [LOG] [Chart] Markers plugin created: true markers(): 20 @ http://localhost:3142/_next/static/chunks/0bl2_next_dist_126uayc._.js:2477
[   33959ms] [LOG] [Chart] Creating markers: 20 first: {time: 1779955200, position: belowBar, color: #22c55e, shape: arrowUp, text: ▲ 0.001} last: {time: 1779972300, position: aboveBar, color: #ef4444, shape: arrowDown, text: ▼ 0.001} candleCount: 501 candleRange: 1778194800 - 1779991920 @ http://localhost:3142/_next/static/chunks/0bl2_next_dist_126uayc._.js:2477
[   33961ms] [LOG] [Chart] Markers plugin created: true markers(): 20 @ http://localhost:3142/_next/static/chunks/0bl2_next_dist_126uayc._.js:2477
[   35729ms] [LOG] [Chart] Creating markers: 20 first: {time: 1779955200, position: belowBar, color: #22c55e, shape: arrowUp, text: ▲ 0.001} last: {time: 1779972300, position: aboveBar, color: #ef4444, shape: arrowDown, text: ▼ 0.001} candleCount: 501 candleRange: 1778194800 - 1779991920 @ http://localhost:3142/_next/static/chunks/0bl2_next_dist_126uayc._.js:2477
[   35730ms] [LOG] [Chart] Markers plugin created: true markers(): 20 @ http://localhost:3142/_next/static/chunks/0bl2_next_dist_126uayc._.js:2477
[   37751ms] [LOG] [Chart] Creating markers: 20 first: {time: 1779955200, position: belowBar, color: #22c55e, shape: arrowUp, text: ▲ 0.001} last: {time: 1779972300, position: aboveBar, color: #ef4444, shape: arrowDown, text: ▼ 0.001} candleCount: 501 candleRange: 1778194800 - 1779991920 @ http://localhost:3142/_next/static/chunks/0bl2_next_dist_126uayc._.js:2477
[   37753ms] [LOG] [Chart] Markers plugin created: true markers(): 20 @ http://localhost:3142/_next/static/chunks/0bl2_next_dist_126uayc._.js:2477
[   39729ms] [LOG] [Chart] Creating markers: 20 first: {time: 1779955200, position: belowBar, color: #22c55e, shape: arrowUp, text: ▲ 0.001} last: {time: 1779972300, position: aboveBar, color: #ef4444, shape: arrowDown, text: ▼ 0.001} candleCount: 501 candleRange: 1778194800 - 1779991920 @ http://localhost:3142/_next/static/chunks/0bl2_next_dist_126uayc._.js:2477
[   39730ms] [LOG] [Chart] Markers plugin created: true markers(): 20 @ http://localhost:3142/_next/static/chunks/0bl2_next_dist_126uayc._.js:2477
[   41746ms] [LOG] [Chart] Creating markers: 20 first: {time: 1779955200, position: belowBar, color: #22c55e, shape: arrowUp, text: ▲ 0.001} last: {time: 1779972300, position: aboveBar, color: #ef4444, shape: arrowDown, text: ▼ 0.001} candleCount: 501 candleRange: 1778194800 - 1779991920 @ http://localhost:3142/_next/static/chunks/0bl2_next_dist_126uayc._.js:2477
[   41748ms] [LOG] [Chart] Markers plugin created: true markers(): 20 @ http://localhost:3142/_next/static/chunks/0bl2_next_dist_126uayc._.js:2477
[   43743ms] [LOG] [Chart] Creating markers: 20 first: {time: 1779955200, position: belowBar, color: #22c55e, shape: arrowUp, text: ▲ 0.001} last: {time: 1779972300, position: aboveBar, color: #ef4444, shape: arrowDown, text: ▼ 0.001} candleCount: 501 candleRange: 1778194800 - 1779991920 @ http://localhost:3142/_next/static/chunks/0bl2_next_dist_126uayc._.js:2477
[   43744ms] [LOG] [Chart] Markers plugin created: true markers(): 20 @ http://localhost:3142/_next/static/chunks/0bl2_next_dist_126uayc._.js:2477
[   44026ms] A listener indicated an asynchronous response by returning true, but the message channel closed before a response was received
[   45751ms] [LOG] [Chart] Creating markers: 20 first: {time: 1779955200, position: belowBar, color: #22c55e, shape: arrowUp, text: ▲ 0.001} last: {time: 1779972300, position: aboveBar, color: #ef4444, shape: arrowDown, text: ▼ 0.001} candleCount: 501 candleRange: 1778194800 - 1779991920 @ http://localhost:3142/_next/static/chunks/0bl2_next_dist_126uayc._.js:2477
[   45753ms] [LOG] [Chart] Markers plugin created: true markers(): 20 @ http://localhost:3142/_next/static/chunks/0bl2_next_dist_126uayc._.js:2477
[   47766ms] [LOG] [Chart] Creating markers: 20 first: {time: 1779955200, position: belowBar, color: #22c55e, shape: arrowUp, text: ▲ 0.001} last: {time: 1779972300, position: aboveBar, color: #ef4444, shape: arrowDown, text: ▼ 0.001} candleCount: 502 candleRange: 1778194800 - 1779991980 @ http://localhost:3142/_next/static/chunks/0bl2_next_dist_126uayc._.js:2477
[   47767ms] [LOG] [Chart] Markers plugin created: true markers(): 20 @ http://localhost:3142/_next/static/chunks/0bl2_next_dist_126uayc._.js:2477
[   49734ms] [LOG] [Chart] Creating markers: 20 first: {time: 1779955200, position: belowBar, color: #22c55e, shape: arrowUp, text: ▲ 0.001} last: {time: 1779972300, position: aboveBar, color: #ef4444, shape: arrowDown, text: ▼ 0.001} candleCount: 502 candleRange: 1778194800 - 1779991980 @ http://localhost:3142/_next/static/chunks/0bl2_next_dist_126uayc._.js:2477
[   49736ms] [LOG] [Chart] Markers plugin created: true markers(): 20 @ http://localhost:3142/_next/static/chunks/0bl2_next_dist_126uayc._.js:2477
[   51753ms] [LOG] [Chart] Creating markers: 20 first: {time: 1779955200, position: belowBar, color: #22c55e, shape: arrowUp, text: ▲ 0.001} last: {time: 1779972300, position: aboveBar, color: #ef4444, shape: arrowDown, text: ▼ 0.001} candleCount: 502 candleRange: 1778194800 - 1779991980 @ http://localhost:3142/_next/static/chunks/0bl2_next_dist_126uayc._.js:2477
[   51754ms] [LOG] [Chart] Markers plugin created: true markers(): 20 @ http://localhost:3142/_next/static/chunks/0bl2_next_dist_126uayc._.js:2477
[   55752ms] [LOG] [Chart] Creating markers: 20 first: {time: 1779955200, position: belowBar, color: #22c55e, shape: arrowUp, text: ▲ 0.001} last: {time: 1779972300, position: aboveBar, color: #ef4444, shape: arrowDown, text: ▼ 0.001} candleCount: 502 candleRange: 1778194800 - 1779991980 @ http://localhost:3142/_next/static/chunks/0bl2_next_dist_126uayc._.js:2477
[   55753ms] [LOG] [Chart] Markers plugin created: true markers(): 20 @ http://localhost:3142/_next/static/chunks/0bl2_next_dist_126uayc._.js:2477
[   57758ms] [LOG] [Chart] Creating markers: 20 first: {time: 1779955200, position: belowBar, color: #22c55e, shape: arrowUp, text: ▲ 0.001} last: {time: 1779972300, position: aboveBar, color: #ef4444, shape: arrowDown, text: ▼ 0.001} candleCount: 502 candleRange: 1778194800 - 1779991980 @ http://localhost:3142/_next/static/chunks/0bl2_next_dist_126uayc._.js:2477
[   57760ms] [LOG] [Chart] Markers plugin created: true markers(): 20 @ http://localhost:3142/_next/static/chunks/0bl2_next_dist_126uayc._.js:2477
[   61769ms] [LOG] [Chart] Creating markers: 20 first: {time: 1779955200, position: belowBar, color: #22c55e, shape: arrowUp, text: ▲ 0.001} last: {time: 1779972300, position: aboveBar, color: #ef4444, shape: arrowDown, text: ▼ 0.001} candleCount: 502 candleRange: 1778194800 - 1779991980 @ http://localhost:3142/_next/static/chunks/0bl2_next_dist_126uayc._.js:2477
[   61771ms] [LOG] [Chart] Markers plugin created: true markers(): 20 @ http://localhost:3142/_next/static/chunks/0bl2_next_dist_126uayc._.js:2477
[   65881ms] [LOG] [Chart] Creating markers: 20 first: {time: 1779955200, position: belowBar, color: #22c55e, shape: arrowUp, text: ▲ 0.001} last: {time: 1779972300, position: aboveBar, color: #ef4444, shape: arrowDown, text: ▼ 0.001} candleCount: 502 candleRange: 1778194800 - 1779991980 @ http://localhost:3142/_next/static/chunks/0bl2_next_dist_126uayc._.js:2477
[   65883ms] [LOG] [Chart] Markers plugin created: true markers(): 20 @ http://localhost:3142/_next/static/chunks/0bl2_next_dist_126uayc._.js:2477
[   67815ms] [LOG] [Chart] Creating markers: 20 first: {time: 1779955200, position: belowBar, color: #22c55e, shape: arrowUp, text: ▲ 0.001} last: {time: 1779972300, position: aboveBar, color: #ef4444, shape: arrowDown, text: ▼ 0.001} candleCount: 502 candleRange: 1778194800 - 1779991980 @ http://localhost:3142/_next/static/chunks/0bl2_next_dist_126uayc._.js:2477
[   67817ms] [LOG] [Chart] Markers plugin created: true markers(): 20 @ http://localhost:3142/_next/static/chunks/0bl2_next_dist_126uayc._.js:2477
[   69760ms] [LOG] [Chart] Creating markers: 20 first: {time: 1779955200, position: belowBar, color: #22c55e, shape: arrowUp, text: ▲ 0.001} last: {time: 1779972300, position: aboveBar, color: #ef4444, shape: arrowDown, text: ▼ 0.001} candleCount: 502 candleRange: 1778194800 - 1779991980 @ http://localhost:3142/_next/static/chunks/0bl2_next_dist_126uayc._.js:2477
[   69762ms] [LOG] [Chart] Markers plugin created: true markers(): 20 @ http://localhost:3142/_next/static/chunks/0bl2_next_dist_126uayc._.js:2477
[   71765ms] [LOG] [Chart] Creating markers: 20 first: {time: 1779955200, position: belowBar, color: #22c55e, shape: arrowUp, text: ▲ 0.001} last: {time: 1779972300, position: aboveBar, color: #ef4444, shape: arrowDown, text: ▼ 0.001} candleCount: 502 candleRange: 1778194800 - 1779991980 @ http://localhost:3142/_next/static/chunks/0bl2_next_dist_126uayc._.js:2477
[   71767ms] [LOG] [Chart] Markers plugin created: true markers(): 20 @ http://localhost:3142/_next/static/chunks/0bl2_next_dist_126uayc._.js:2477
[   73783ms] [LOG] [Chart] Creating markers: 20 first: {time: 1779955200, position: belowBar, color: #22c55e, shape: arrowUp, text: ▲ 0.001} last: {time: 1779972300, position: aboveBar, color: #ef4444, shape: arrowDown, text: ▼ 0.001} candleCount: 502 candleRange: 1778194800 - 1779991980 @ http://localhost:3142/_next/static/chunks/0bl2_next_dist_126uayc._.js:2477
[   73785ms] [LOG] [Chart] Markers plugin created: true markers(): 20 @ http://localhost:3142/_next/static/chunks/0bl2_next_dist_126uayc._.js:2477
[   75750ms] [LOG] [Chart] Creating markers: 20 first: {time: 1779955200, position: belowBar, color: #22c55e, shape: arrowUp, text: ▲ 0.001} last: {time: 1779972300, position: aboveBar, color: #ef4444, shape: arrowDown, text: ▼ 0.001} candleCount: 502 candleRange: 1778194800 - 1779991980 @ http://localhost:3142/_next/static/chunks/0bl2_next_dist_126uayc._.js:2477
[   75751ms] [LOG] [Chart] Markers plugin created: true markers(): 20 @ http://localhost:3142/_next/static/chunks/0bl2_next_dist_126uayc._.js:2477
[   77764ms] [LOG] [Chart] Creating markers: 20 first: {time: 1779955200, position: belowBar, color: #22c55e, shape: arrowUp, text: ▲ 0.001} last: {time: 1779972300, position: aboveBar, color: #ef4444, shape: arrowDown, text: ▼ 0.001} candleCount: 502 candleRange: 1778194800 - 1779991980 @ http://localhost:3142/_next/static/chunks/0bl2_next_dist_126uayc._.js:2477
[   77765ms] [LOG] [Chart] Markers plugin created: true markers(): 20 @ http://localhost:3142/_next/static/chunks/0bl2_next_dist_126uayc._.js:2477
[   81748ms] [LOG] [Chart] Creating markers: 20 first: {time: 1779955200, position: belowBar, color: #22c55e, shape: arrowUp, text: ▲ 0.001} last: {time: 1779972300, position: aboveBar, color: #ef4444, shape: arrowDown, text: ▼ 0.001} candleCount: 502 candleRange: 1778194800 - 1779991980 @ http://localhost:3142/_next/static/chunks/0bl2_next_dist_126uayc._.js:2477
[   81749ms] [LOG] [Chart] Markers plugin created: true markers(): 20 @ http://localhost:3142/_next/static/chunks/0bl2_next_dist_126uayc._.js:2477
[   83770ms] [LOG] [Chart] Creating markers: 20 first: {time: 1779955200, position: belowBar, color: #22c55e, shape: arrowUp, text: ▲ 0.001} last: {time: 1779972300, position: aboveBar, color: #ef4444, shape: arrowDown, text: ▼ 0.001} candleCount: 502 candleRange: 1778194800 - 1779991980 @ http://localhost:3142/_next/static/chunks/0bl2_next_dist_126uayc._.js:2477
[   83773ms] [LOG] [Chart] Markers plugin created: true markers(): 20 @ http://localhost:3142/_next/static/chunks/0bl2_next_dist_126uayc._.js:2477
[   85729ms] [LOG] [Chart] Creating markers: 20 first: {time: 1779955200, position: belowBar, color: #22c55e, shape: arrowUp, text: ▲ 0.001} last: {time: 1779972300, position: aboveBar, color: #ef4444, shape: arrowDown, text: ▼ 0.001} candleCount: 502 candleRange: 1778194800 - 1779991980 @ http://localhost:3142/_next/static/chunks/0bl2_next_dist_126uayc._.js:2477
[   85731ms] [LOG] [Chart] Markers plugin created: true markers(): 20 @ http://localhost:3142/_next/static/chunks/0bl2_next_dist_126uayc._.js:2477
[   87742ms] [LOG] [Chart] Creating markers: 20 first: {time: 1779955200, position: belowBar, color: #22c55e, shape: arrowUp, text: ▲ 0.001} last: {time: 1779972300, position: aboveBar, color: #ef4444, shape: arrowDown, text: ▼ 0.001} candleCount: 502 candleRange: 1778194800 - 1779991980 @ http://localhost:3142/_next/static/chunks/0bl2_next_dist_126uayc._.js:2477
[   87743ms] [LOG] [Chart] Markers plugin created: true markers(): 20 @ http://localhost:3142/_next/static/chunks/0bl2_next_dist_126uayc._.js:2477
[   89802ms] [LOG] [Chart] Creating markers: 20 first: {time: 1779955200, position: belowBar, color: #22c55e, shape: arrowUp, text: ▲ 0.001} last: {time: 1779972300, position: aboveBar, color: #ef4444, shape: arrowDown, text: ▼ 0.001} candleCount: 502 candleRange: 1778194800 - 1779991980 @ http://localhost:3142/_next/static/chunks/0bl2_next_dist_126uayc._.js:2477
[   89804ms] [LOG] [Chart] Markers plugin created: true markers(): 20 @ http://localhost:3142/_next/static/chunks/0bl2_next_dist_126uayc._.js:2477
[   91801ms] [LOG] [Chart] Creating markers: 20 first: {time: 1779955200, position: belowBar, color: #22c55e, shape: arrowUp, text: ▲ 0.001} last: {time: 1779972300, position: aboveBar, color: #ef4444, shape: arrowDown, text: ▼ 0.001} candleCount: 502 candleRange: 1778194800 - 1779991980 @ http://localhost:3142/_next/static/chunks/0bl2_next_dist_126uayc._.js:2477
[   91803ms] [LOG] [Chart] Markers plugin created: true markers(): 20 @ http://localhost:3142/_next/static/chunks/0bl2_next_dist_126uayc._.js:2477
[   95761ms] [LOG] [Chart] Creating markers: 20 first: {time: 1779955200, position: belowBar, color: #22c55e, shape: arrowUp, text: ▲ 0.001} last: {time: 1779972300, position: aboveBar, color: #ef4444, shape: arrowDown, text: ▼ 0.001} candleCount: 502 candleRange: 1778194800 - 1779991980 @ http://localhost:3142/_next/static/chunks/0bl2_next_dist_126uayc._.js:2477
[   95763ms] [LOG] [Chart] Markers plugin created: true markers(): 20 @ http://localhost:3142/_next/static/chunks/0bl2_next_dist_126uayc._.js:2477
[   97796ms] [LOG] [Chart] Creating markers: 20 first: {time: 1779955200, position: belowBar, color: #22c55e, shape: arrowUp, text: ▲ 0.001} last: {time: 1779972300, position: aboveBar, color: #ef4444, shape: arrowDown, text: ▼ 0.001} candleCount: 502 candleRange: 1778194800 - 1779991980 @ http://localhost:3142/_next/static/chunks/0bl2_next_dist_126uayc._.js:2477
[   97798ms] [LOG] [Chart] Markers plugin created: true markers(): 20 @ http://localhost:3142/_next/static/chunks/0bl2_next_dist_126uayc._.js:2477
[   99733ms] [LOG] [Chart] Creating markers: 20 first: {time: 1779955200, position: belowBar, color: #22c55e, shape: arrowUp, text: ▲ 0.001} last: {time: 1779972300, position: aboveBar, color: #ef4444, shape: arrowDown, text: ▼ 0.001} candleCount: 502 candleRange: 1778194800 - 1779991980 @ http://localhost:3142/_next/static/chunks/0bl2_next_dist_126uayc._.js:2477
[   99735ms] [LOG] [Chart] Markers plugin created: true markers(): 20 @ http://localhost:3142/_next/static/chunks/0bl2_next_dist_126uayc._.js:2477
[  101960ms] [LOG] [Chart] Creating markers: 20 first: {time: 1779955200, position: belowBar, color: #22c55e, shape: arrowUp, text: ▲ 0.001} last: {time: 1779972300, position: aboveBar, color: #ef4444, shape: arrowDown, text: ▼ 0.001} candleCount: 502 candleRange: 1778194800 - 1779991980 @ http://localhost:3142/_next/static/chunks/0bl2_next_dist_126uayc._.js:2477
[  101962ms] [LOG] [Chart] Markers plugin created: true markers(): 20 @ http://localhost:3142/_next/static/chunks/0bl2_next_dist_126uayc._.js:2477
[  103764ms] [LOG] [Chart] Creating markers: 20 first: {time: 1779955200, position: belowBar, color: #22c55e, shape: arrowUp, text: ▲ 0.001} last: {time: 1779972300, position: aboveBar, color: #ef4444, shape: arrowDown, text: ▼ 0.001} candleCount: 502 candleRange: 1778194800 - 1779991980 @ http://localhost:3142/_next/static/chunks/0bl2_next_dist_126uayc._.js:2477
[  103766ms] [LOG] [Chart] Markers plugin created: true markers(): 20 @ http://localhost:3142/_next/static/chunks/0bl2_next_dist_126uayc._.js:2477
[  105743ms] [LOG] [Chart] Creating markers: 20 first: {time: 1779955200, position: belowBar, color: #22c55e, shape: arrowUp, text: ▲ 0.001} last: {time: 1779972300, position: aboveBar, color: #ef4444, shape: arrowDown, text: ▼ 0.001} candleCount: 502 candleRange: 1778194800 - 1779991980 @ http://localhost:3142/_next/static/chunks/0bl2_next_dist_126uayc._.js:2477
[  105744ms] [LOG] [Chart] Markers plugin created: true markers(): 20 @ http://localhost:3142/_next/static/chunks/0bl2_next_dist_126uayc._.js:2477
[  107800ms] [LOG] [Chart] Creating markers: 20 first: {time: 1779955200, position: belowBar, color: #22c55e, shape: arrowUp, text: ▲ 0.001} last: {time: 1779972300, position: aboveBar, color: #ef4444, shape: arrowDown, text: ▼ 0.001} candleCount: 503 candleRange: 1778194800 - 1779992040 @ http://localhost:3142/_next/static/chunks/0bl2_next_dist_126uayc._.js:2477
[  107804ms] [LOG] [Chart] Markers plugin created: true markers(): 20 @ http://localhost:3142/_next/static/chunks/0bl2_next_dist_126uayc._.js:2477
[  109893ms] [LOG] [Chart] Creating markers: 20 first: {time: 1779955200, position: belowBar, color: #22c55e, shape: arrowUp, text: ▲ 0.001} last: {time: 1779972300, position: aboveBar, color: #ef4444, shape: arrowDown, text: ▼ 0.001} candleCount: 503 candleRange: 1778194800 - 1779992040 @ http://localhost:3142/_next/static/chunks/0bl2_next_dist_126uayc._.js:2477
[  109895ms] [LOG] [Chart] Markers plugin created: true markers(): 20 @ http://localhost:3142/_next/static/chunks/0bl2_next_dist_126uayc._.js:2477
[  110046ms] [ERROR] WebSocket is already in CLOSING or CLOSED state. @ http://localhost:3142/_next/static/chunks/0bl2_next_dist_126uayc._.js:2836
[  111766ms] [LOG] [Chart] Creating markers: 20 first: {time: 1779955200, position: belowBar, color: #22c55e, shape: arrowUp, text: ▲ 0.001} last: {time: 1779972300, position: aboveBar, color: #ef4444, shape: arrowDown, text: ▼ 0.001} candleCount: 503 candleRange: 1778194800 - 1779992040 @ http://localhost:3142/_next/static/chunks/0bl2_next_dist_126uayc._.js:2477
[  111767ms] [LOG] [Chart] Markers plugin created: true markers(): 20 @ http://localhost:3142/_next/static/chunks/0bl2_next_dist_126uayc._.js:2477
[  111805ms] [ERROR] WebSocket is already in CLOSING or CLOSED state. @ http://localhost:3142/_next/static/chunks/0bl2_next_dist_126uayc._.js:2836
[  111888ms] [ERROR] WebSocket connection to 'ws://localhost:3142/_next/webpack-hmr?id=AmEh3W80zNW3tn625FZwl' failed:  @ http://localhost:3142/_next/static/chunks/0bl2_next_dist_client_0mnwhku._.js:13322
[  112222ms] [ERROR] Failed to load resource: net::ERR_CONNECTION_REFUSED @ http://localhost:3142/api/manager/users/73a0e592-45df-40be-8088-304011f976a3/bbgo/trades?mode=paper&symbol=BTCUSDT:0
[  112223ms] [ERROR] Failed to load resource: net::ERR_CONNECTION_REFUSED @ http://localhost:3142/api/manager/users/73a0e592-45df-40be-8088-304011f976a3/bots/strat-a1af38ffa23205c2:0
[  112224ms] [ERROR] Failed to load resource: net::ERR_CONNECTION_REFUSED @ http://localhost:3142/api/manager/users/73a0e592-45df-40be-8088-304011f976a3/logs?mode=paper&tail=100:0
[  112224ms] [ERROR] Failed to load resource: net::ERR_CONNECTION_REFUSED @ http://localhost:3142/api/manager/users/73a0e592-45df-40be-8088-304011f976a3/bbgo/orders/closed?mode=paper:0
[  113765ms] [LOG] [Chart] Creating markers: 20 first: {time: 1779955200, position: belowBar, color: #22c55e, shape: arrowUp, text: ▲ 0.001} last: {time: 1779972300, position: aboveBar, color: #ef4444, shape: arrowDown, text: ▼ 0.001} candleCount: 503 candleRange: 1778194800 - 1779992040 @ http://localhost:3142/_next/static/chunks/0bl2_next_dist_126uayc._.js:2477
[  113767ms] [LOG] [Chart] Markers plugin created: true markers(): 20 @ http://localhost:3142/_next/static/chunks/0bl2_next_dist_126uayc._.js:2477
[  113815ms] [ERROR] WebSocket is already in CLOSING or CLOSED state. @ http://localhost:3142/_next/static/chunks/0bl2_next_dist_126uayc._.js:2836
[  115717ms] [LOG] [Chart] Creating markers: 20 first: {time: 1779955200, position: belowBar, color: #22c55e, shape: arrowUp, text: ▲ 0.001} last: {time: 1779972300, position: aboveBar, color: #ef4444, shape: arrowDown, text: ▼ 0.001} candleCount: 503 candleRange: 1778194800 - 1779992040 @ http://localhost:3142/_next/static/chunks/0bl2_next_dist_126uayc._.js:2477
[  115719ms] [LOG] [Chart] Markers plugin created: true markers(): 20 @ http://localhost:3142/_next/static/chunks/0bl2_next_dist_126uayc._.js:2477
[  115880ms] [ERROR] WebSocket is already in CLOSING or CLOSED state. @ http://localhost:3142/_next/static/chunks/0bl2_next_dist_126uayc._.js:2836
[  117714ms] [LOG] [Chart] Creating markers: 20 first: {time: 1779955200, position: belowBar, color: #22c55e, shape: arrowUp, text: ▲ 0.001} last: {time: 1779972300, position: aboveBar, color: #ef4444, shape: arrowDown, text: ▼ 0.001} candleCount: 503 candleRange: 1778194800 - 1779992040 @ http://localhost:3142/_next/static/chunks/0bl2_next_dist_126uayc._.js:2477
[  117716ms] [LOG] [Chart] Markers plugin created: true markers(): 20 @ http://localhost:3142/_next/static/chunks/0bl2_next_dist_126uayc._.js:2477
[  117760ms] [ERROR] WebSocket is already in CLOSING or CLOSED state. @ http://localhost:3142/_next/static/chunks/0bl2_next_dist_126uayc._.js:2836
[  119721ms] [LOG] [Chart] Creating markers: 20 first: {time: 1779955200, position: belowBar, color: #22c55e, shape: arrowUp, text: ▲ 0.001} last: {time: 1779972300, position: aboveBar, color: #ef4444, shape: arrowDown, text: ▼ 0.001} candleCount: 503 candleRange: 1778194800 - 1779992040 @ http://localhost:3142/_next/static/chunks/0bl2_next_dist_126uayc._.js:2477
[  119723ms] [LOG] [Chart] Markers plugin created: true markers(): 20 @ http://localhost:3142/_next/static/chunks/0bl2_next_dist_126uayc._.js:2477
[  119769ms] [ERROR] WebSocket is already in CLOSING or CLOSED state. @ http://localhost:3142/_next/static/chunks/0bl2_next_dist_126uayc._.js:2836
[  120536ms] [LOG] [HMR] connected @ http://localhost:3142/_next/static/chunks/0bl2_next_dist_126uayc._.js:2477
[  121738ms] [LOG] [Chart] Creating markers: 20 first: {time: 1779955200, position: belowBar, color: #22c55e, shape: arrowUp, text: ▲ 0.001} last: {time: 1779972300, position: aboveBar, color: #ef4444, shape: arrowDown, text: ▼ 0.001} candleCount: 503 candleRange: 1778194800 - 1779992040 @ http://localhost:3142/_next/static/chunks/0bl2_next_dist_126uayc._.js:2477
[  121740ms] [LOG] [Chart] Markers plugin created: true markers(): 20 @ http://localhost:3142/_next/static/chunks/0bl2_next_dist_126uayc._.js:2477
[  123809ms] [LOG] [Chart] Creating markers: 20 first: {time: 1779955200, position: belowBar, color: #22c55e, shape: arrowUp, text: ▲ 0.001} last: {time: 1779972300, position: aboveBar, color: #ef4444, shape: arrowDown, text: ▼ 0.001} candleCount: 503 candleRange: 1778194800 - 1779992040 @ http://localhost:3142/_next/static/chunks/0bl2_next_dist_126uayc._.js:2477
[  123811ms] [LOG] [Chart] Markers plugin created: true markers(): 20 @ http://localhost:3142/_next/static/chunks/0bl2_next_dist_126uayc._.js:2477
[  125752ms] [LOG] [Chart] Creating markers: 20 first: {time: 1779955200, position: belowBar, color: #22c55e, shape: arrowUp, text: ▲ 0.001} last: {time: 1779972300, position: aboveBar, color: #ef4444, shape: arrowDown, text: ▼ 0.001} candleCount: 503 candleRange: 1778194800 - 1779992040 @ http://localhost:3142/_next/static/chunks/0bl2_next_dist_126uayc._.js:2477
[  125754ms] [LOG] [Chart] Markers plugin created: true markers(): 20 @ http://localhost:3142/_next/static/chunks/0bl2_next_dist_126uayc._.js:2477
[  127708ms] [LOG] [Chart] Creating markers: 20 first: {time: 1779955200, position: belowBar, color: #22c55e, shape: arrowUp, text: ▲ 0.001} last: {time: 1779972300, position: aboveBar, color: #ef4444, shape: arrowDown, text: ▼ 0.001} candleCount: 503 candleRange: 1778194800 - 1779992040 @ http://localhost:3142/_next/static/chunks/0bl2_next_dist_126uayc._.js:2477
[  127710ms] [LOG] [Chart] Markers plugin created: true markers(): 20 @ http://localhost:3142/_next/static/chunks/0bl2_next_dist_126uayc._.js:2477
[  129380ms] [INFO] %cDownload the React DevTools for a better development experience: https://react.dev/link/react-devtools font-weight:bold @ http://localhost:3142/_next/static/chunks/0bl2_next_dist_126uayc._.js:2477
[  129534ms] [LOG] [HMR] connected @ http://localhost:3142/_next/static/chunks/0bl2_next_dist_126uayc._.js:2477
[  131049ms] [LOG] [Chart] Creating markers: 20 first: {time: 1779955200, position: belowBar, color: #22c55e, shape: arrowUp, text: ▲ 0.001} last: {time: 1779972300, position: aboveBar, color: #ef4444, shape: arrowDown, text: ▼ 0.001} candleCount: 500 candleRange: 1778194800 - 1779991200 @ http://localhost:3142/_next/static/chunks/0bl2_next_dist_126uayc._.js:2477
[  131053ms] [LOG] [Chart] Markers plugin created: true markers(): 20 @ http://localhost:3142/_next/static/chunks/0bl2_next_dist_126uayc._.js:2477
[  132238ms] [LOG] [Chart] Creating markers: 20 first: {time: 1779955200, position: belowBar, color: #22c55e, shape: arrowUp, text: ▲ 0.001} last: {time: 1779972300, position: aboveBar, color: #ef4444, shape: arrowDown, text: ▼ 0.001} candleCount: 501 candleRange: 1778194800 - 1779992040 @ http://localhost:3142/_next/static/chunks/0bl2_next_dist_126uayc._.js:2477
[  132241ms] [LOG] [Chart] Markers plugin created: true markers(): 20 @ http://localhost:3142/_next/static/chunks/0bl2_next_dist_126uayc._.js:2477
[  133786ms] [LOG] [Chart] Creating markers: 20 first: {time: 1779955200, position: belowBar, color: #22c55e, shape: arrowUp, text: ▲ 0.001} last: {time: 1779972300, position: aboveBar, color: #ef4444, shape: arrowDown, text: ▼ 0.001} candleCount: 501 candleRange: 1778194800 - 1779992040 @ http://localhost:3142/_next/static/chunks/0bl2_next_dist_126uayc._.js:2477
[  133788ms] [LOG] [Chart] Markers plugin created: true markers(): 20 @ http://localhost:3142/_next/static/chunks/0bl2_next_dist_126uayc._.js:2477
[  135820ms] [LOG] [Chart] Creating markers: 20 first: {time: 1779955200, position: belowBar, color: #22c55e, shape: arrowUp, text: ▲ 0.001} last: {time: 1779972300, position: aboveBar, color: #ef4444, shape: arrowDown, text: ▼ 0.001} candleCount: 501 candleRange: 1778194800 - 1779992040 @ http://localhost:3142/_next/static/chunks/0bl2_next_dist_126uayc._.js:2477
[  135822ms] [LOG] [Chart] Markers plugin created: true markers(): 20 @ http://localhost:3142/_next/static/chunks/0bl2_next_dist_126uayc._.js:2477
[  137765ms] [LOG] [Chart] Creating markers: 20 first: {time: 1779955200, position: belowBar, color: #22c55e, shape: arrowUp, text: ▲ 0.001} last: {time: 1779972300, position: aboveBar, color: #ef4444, shape: arrowDown, text: ▼ 0.001} candleCount: 501 candleRange: 1778194800 - 1779992040 @ http://localhost:3142/_next/static/chunks/0bl2_next_dist_126uayc._.js:2477
[  137768ms] [LOG] [Chart] Markers plugin created: true markers(): 20 @ http://localhost:3142/_next/static/chunks/0bl2_next_dist_126uayc._.js:2477
[  139742ms] [LOG] [Chart] Creating markers: 20 first: {time: 1779955200, position: belowBar, color: #22c55e, shape: arrowUp, text: ▲ 0.001} last: {time: 1779972300, position: aboveBar, color: #ef4444, shape: arrowDown, text: ▼ 0.001} candleCount: 501 candleRange: 1778194800 - 1779992040 @ http://localhost:3142/_next/static/chunks/0bl2_next_dist_126uayc._.js:2477
[  139743ms] [LOG] [Chart] Markers plugin created: true markers(): 20 @ http://localhost:3142/_next/static/chunks/0bl2_next_dist_126uayc._.js:2477
[  141748ms] [LOG] [Chart] Creating markers: 20 first: {time: 1779955200, position: belowBar, color: #22c55e, shape: arrowUp, text: ▲ 0.001} last: {time: 1779972300, position: aboveBar, color: #ef4444, shape: arrowDown, text: ▼ 0.001} candleCount: 501 candleRange: 1778194800 - 1779992040 @ http://localhost:3142/_next/static/chunks/0bl2_next_dist_126uayc._.js:2477
[  141749ms] [LOG] [Chart] Markers plugin created: true markers(): 20 @ http://localhost:3142/_next/static/chunks/0bl2_next_dist_126uayc._.js:2477
[  143680ms] [LOG] [Chart] Creating markers: 20 first: {time: 1779955200, position: belowBar, color: #22c55e, shape: arrowUp, text: ▲ 0.001} last: {time: 1779972300, position: aboveBar, color: #ef4444, shape: arrowDown, text: ▼ 0.001} candleCount: 501 candleRange: 1778194800 - 1779992040 @ http://localhost:3142/_next/static/chunks/0bl2_next_dist_126uayc._.js:2477
[  143682ms] [LOG] [Chart] Markers plugin created: true markers(): 20 @ http://localhost:3142/_next/static/chunks/0bl2_next_dist_126uayc._.js:2477
[  145788ms] [LOG] [Chart] Creating markers: 20 first: {time: 1779955200, position: belowBar, color: #22c55e, shape: arrowUp, text: ▲ 0.001} last: {time: 1779972300, position: aboveBar, color: #ef4444, shape: arrowDown, text: ▼ 0.001} candleCount: 501 candleRange: 1778194800 - 1779992040 @ http://localhost:3142/_next/static/chunks/0bl2_next_dist_126uayc._.js:2477
[  145790ms] [LOG] [Chart] Markers plugin created: true markers(): 20 @ http://localhost:3142/_next/static/chunks/0bl2_next_dist_126uayc._.js:2477
[  147876ms] [LOG] [Chart] Creating markers: 20 first: {time: 1779955200, position: belowBar, color: #22c55e, shape: arrowUp, text: ▲ 0.001} last: {time: 1779972300, position: aboveBar, color: #ef4444, shape: arrowDown, text: ▼ 0.001} candleCount: 501 candleRange: 1778194800 - 1779992040 @ http://localhost:3142/_next/static/chunks/0bl2_next_dist_126uayc._.js:2477
[  147878ms] [LOG] [Chart] Markers plugin created: true markers(): 20 @ http://localhost:3142/_next/static/chunks/0bl2_next_dist_126uayc._.js:2477
[  149732ms] [LOG] [Chart] Creating markers: 20 first: {time: 1779955200, position: belowBar, color: #22c55e, shape: arrowUp, text: ▲ 0.001} last: {time: 1779972300, position: aboveBar, color: #ef4444, shape: arrowDown, text: ▼ 0.001} candleCount: 501 candleRange: 1778194800 - 1779992040 @ http://localhost:3142/_next/static/chunks/0bl2_next_dist_126uayc._.js:2477
[  149734ms] [LOG] [Chart] Markers plugin created: true markers(): 20 @ http://localhost:3142/_next/static/chunks/0bl2_next_dist_126uayc._.js:2477
[  151733ms] [LOG] [Chart] Creating markers: 20 first: {time: 1779955200, position: belowBar, color: #22c55e, shape: arrowUp, text: ▲ 0.001} last: {time: 1779972300, position: aboveBar, color: #ef4444, shape: arrowDown, text: ▼ 0.001} candleCount: 501 candleRange: 1778194800 - 1779992040 @ http://localhost:3142/_next/static/chunks/0bl2_next_dist_126uayc._.js:2477
[  151735ms] [LOG] [Chart] Markers plugin created: true markers(): 20 @ http://localhost:3142/_next/static/chunks/0bl2_next_dist_126uayc._.js:2477
[  153765ms] [LOG] [Chart] Creating markers: 20 first: {time: 1779955200, position: belowBar, color: #22c55e, shape: arrowUp, text: ▲ 0.001} last: {time: 1779972300, position: aboveBar, color: #ef4444, shape: arrowDown, text: ▼ 0.001} candleCount: 501 candleRange: 1778194800 - 1779992040 @ http://localhost:3142/_next/static/chunks/0bl2_next_dist_126uayc._.js:2477
[  153767ms] [LOG] [Chart] Markers plugin created: true markers(): 20 @ http://localhost:3142/_next/static/chunks/0bl2_next_dist_126uayc._.js:2477
[  155731ms] [LOG] [Chart] Creating markers: 20 first: {time: 1779955200, position: belowBar, color: #22c55e, shape: arrowUp, text: ▲ 0.001} last: {time: 1779972300, position: aboveBar, color: #ef4444, shape: arrowDown, text: ▼ 0.001} candleCount: 501 candleRange: 1778194800 - 1779992040 @ http://localhost:3142/_next/static/chunks/0bl2_next_dist_126uayc._.js:2477
[  155733ms] [LOG] [Chart] Markers plugin created: true markers(): 20 @ http://localhost:3142/_next/static/chunks/0bl2_next_dist_126uayc._.js:2477
[  157732ms] [LOG] [Chart] Creating markers: 20 first: {time: 1779955200, position: belowBar, color: #22c55e, shape: arrowUp, text: ▲ 0.001} last: {time: 1779972300, position: aboveBar, color: #ef4444, shape: arrowDown, text: ▼ 0.001} candleCount: 501 candleRange: 1778194800 - 1779992040 @ http://localhost:3142/_next/static/chunks/0bl2_next_dist_126uayc._.js:2477
[  157734ms] [LOG] [Chart] Markers plugin created: true markers(): 20 @ http://localhost:3142/_next/static/chunks/0bl2_next_dist_126uayc._.js:2477
[  159726ms] [LOG] [Chart] Creating markers: 20 first: {time: 1779955200, position: belowBar, color: #22c55e, shape: arrowUp, text: ▲ 0.001} last: {time: 1779972300, position: aboveBar, color: #ef4444, shape: arrowDown, text: ▼ 0.001} candleCount: 501 candleRange: 1778194800 - 1779992040 @ http://localhost:3142/_next/static/chunks/0bl2_next_dist_126uayc._.js:2477
[  159728ms] [LOG] [Chart] Markers plugin created: true markers(): 20 @ http://localhost:3142/_next/static/chunks/0bl2_next_dist_126uayc._.js:2477
[  160038ms] A listener indicated an asynchronous response by returning true, but the message channel closed before a response was received
[  160038ms] A listener indicated an asynchronous response by returning true, but the message channel closed before a response was received
[  160038ms] A listener indicated an asynchronous response by returning true, but the message channel closed before a response was received
[  160039ms] A listener indicated an asynchronous response by returning true, but the message channel closed before a response was received
[  161757ms] [LOG] [Chart] Creating markers: 20 first: {time: 1779955200, position: belowBar, color: #22c55e, shape: arrowUp, text: ▲ 0.001} last: {time: 1779972300, position: aboveBar, color: #ef4444, shape: arrowDown, text: ▼ 0.001} candleCount: 501 candleRange: 1778194800 - 1779992040 @ http://localhost:3142/_next/static/chunks/0bl2_next_dist_126uayc._.js:2477
[  161759ms] [LOG] [Chart] Markers plugin created: true markers(): 20 @ http://localhost:3142/_next/static/chunks/0bl2_next_dist_126uayc._.js:2477
[  163745ms] [LOG] [Chart] Creating markers: 20 first: {time: 1779955200, position: belowBar, color: #22c55e, shape: arrowUp, text: ▲ 0.001} last: {time: 1779972300, position: aboveBar, color: #ef4444, shape: arrowDown, text: ▼ 0.001} candleCount: 501 candleRange: 1778194800 - 1779992040 @ http://localhost:3142/_next/static/chunks/0bl2_next_dist_126uayc._.js:2477
[  163746ms] [LOG] [Chart] Markers plugin created: true markers(): 20 @ http://localhost:3142/_next/static/chunks/0bl2_next_dist_126uayc._.js:2477
[  165733ms] [LOG] [Chart] Creating markers: 20 first: {time: 1779955200, position: belowBar, color: #22c55e, shape: arrowUp, text: ▲ 0.001} last: {time: 1779972300, position: aboveBar, color: #ef4444, shape: arrowDown, text: ▼ 0.001} candleCount: 501 candleRange: 1778194800 - 1779992040 @ http://localhost:3142/_next/static/chunks/0bl2_next_dist_126uayc._.js:2477
[  165734ms] [LOG] [Chart] Markers plugin created: true markers(): 20 @ http://localhost:3142/_next/static/chunks/0bl2_next_dist_126uayc._.js:2477
[  167691ms] [LOG] [Chart] Creating markers: 20 first: {time: 1779955200, position: belowBar, color: #22c55e, shape: arrowUp, text: ▲ 0.001} last: {time: 1779972300, position: aboveBar, color: #ef4444, shape: arrowDown, text: ▼ 0.001} candleCount: 502 candleRange: 1778194800 - 1779992100 @ http://localhost:3142/_next/static/chunks/0bl2_next_dist_126uayc._.js:2477
[  167693ms] [LOG] [Chart] Markers plugin created: true markers(): 20 @ http://localhost:3142/_next/static/chunks/0bl2_next_dist_126uayc._.js:2477
[  169758ms] [LOG] [Chart] Creating markers: 20 first: {time: 1779955200, position: belowBar, color: #22c55e, shape: arrowUp, text: ▲ 0.001} last: {time: 1779972300, position: aboveBar, color: #ef4444, shape: arrowDown, text: ▼ 0.001} candleCount: 502 candleRange: 1778194800 - 1779992100 @ http://localhost:3142/_next/static/chunks/0bl2_next_dist_126uayc._.js:2477
[  169759ms] [LOG] [Chart] Markers plugin created: true markers(): 20 @ http://localhost:3142/_next/static/chunks/0bl2_next_dist_126uayc._.js:2477
[  171730ms] [LOG] [Chart] Creating markers: 20 first: {time: 1779955200, position: belowBar, color: #22c55e, shape: arrowUp, text: ▲ 0.001} last: {time: 1779972300, position: aboveBar, color: #ef4444, shape: arrowDown, text: ▼ 0.001} candleCount: 502 candleRange: 1778194800 - 1779992100 @ http://localhost:3142/_next/static/chunks/0bl2_next_dist_126uayc._.js:2477
[  171731ms] [LOG] [Chart] Markers plugin created: true markers(): 20 @ http://localhost:3142/_next/static/chunks/0bl2_next_dist_126uayc._.js:2477
[  173753ms] [LOG] [Chart] Creating markers: 20 first: {time: 1779955200, position: belowBar, color: #22c55e, shape: arrowUp, text: ▲ 0.001} last: {time: 1779972300, position: aboveBar, color: #ef4444, shape: arrowDown, text: ▼ 0.001} candleCount: 502 candleRange: 1778194800 - 1779992100 @ http://localhost:3142/_next/static/chunks/0bl2_next_dist_126uayc._.js:2477
[  173754ms] [LOG] [Chart] Markers plugin created: true markers(): 20 @ http://localhost:3142/_next/static/chunks/0bl2_next_dist_126uayc._.js:2477
[  175725ms] [LOG] [Chart] Creating markers: 20 first: {time: 1779955200, position: belowBar, color: #22c55e, shape: arrowUp, text: ▲ 0.001} last: {time: 1779972300, position: aboveBar, color: #ef4444, shape: arrowDown, text: ▼ 0.001} candleCount: 502 candleRange: 1778194800 - 1779992100 @ http://localhost:3142/_next/static/chunks/0bl2_next_dist_126uayc._.js:2477
[  175726ms] [LOG] [Chart] Markers plugin created: true markers(): 20 @ http://localhost:3142/_next/static/chunks/0bl2_next_dist_126uayc._.js:2477
[  177849ms] [LOG] [Chart] Creating markers: 20 first: {time: 1779955200, position: belowBar, color: #22c55e, shape: arrowUp, text: ▲ 0.001} last: {time: 1779972300, position: aboveBar, color: #ef4444, shape: arrowDown, text: ▼ 0.001} candleCount: 502 candleRange: 1778194800 - 1779992100 @ http://localhost:3142/_next/static/chunks/0bl2_next_dist_126uayc._.js:2477
[  177851ms] [LOG] [Chart] Markers plugin created: true markers(): 20 @ http://localhost:3142/_next/static/chunks/0bl2_next_dist_126uayc._.js:2477
[  179853ms] [LOG] [Chart] Creating markers: 20 first: {time: 1779955200, position: belowBar, color: #22c55e, shape: arrowUp, text: ▲ 0.001} last: {time: 1779972300, position: aboveBar, color: #ef4444, shape: arrowDown, text: ▼ 0.001} candleCount: 502 candleRange: 1778194800 - 1779992100 @ http://localhost:3142/_next/static/chunks/0bl2_next_dist_126uayc._.js:2477
[  179854ms] [LOG] [Chart] Markers plugin created: true markers(): 20 @ http://localhost:3142/_next/static/chunks/0bl2_next_dist_126uayc._.js:2477
[  181744ms] [LOG] [Chart] Creating markers: 20 first: {time: 1779955200, position: belowBar, color: #22c55e, shape: arrowUp, text: ▲ 0.001} last: {time: 1779972300, position: aboveBar, color: #ef4444, shape: arrowDown, text: ▼ 0.001} candleCount: 502 candleRange: 1778194800 - 1779992100 @ http://localhost:3142/_next/static/chunks/0bl2_next_dist_126uayc._.js:2477
[  181745ms] [LOG] [Chart] Markers plugin created: true markers(): 20 @ http://localhost:3142/_next/static/chunks/0bl2_next_dist_126uayc._.js:2477
[  183861ms] [LOG] [Chart] Creating markers: 20 first: {time: 1779955200, position: belowBar, color: #22c55e, shape: arrowUp, text: ▲ 0.001} last: {time: 1779972300, position: aboveBar, color: #ef4444, shape: arrowDown, text: ▼ 0.001} candleCount: 502 candleRange: 1778194800 - 1779992100 @ http://localhost:3142/_next/static/chunks/0bl2_next_dist_126uayc._.js:2477
[  183864ms] [LOG] [Chart] Markers plugin created: true markers(): 20 @ http://localhost:3142/_next/static/chunks/0bl2_next_dist_126uayc._.js:2477
[  185730ms] [LOG] [Chart] Creating markers: 20 first: {time: 1779955200, position: belowBar, color: #22c55e, shape: arrowUp, text: ▲ 0.001} last: {time: 1779972300, position: aboveBar, color: #ef4444, shape: arrowDown, text: ▼ 0.001} candleCount: 502 candleRange: 1778194800 - 1779992100 @ http://localhost:3142/_next/static/chunks/0bl2_next_dist_126uayc._.js:2477
[  185732ms] [LOG] [Chart] Markers plugin created: true markers(): 20 @ http://localhost:3142/_next/static/chunks/0bl2_next_dist_126uayc._.js:2477
[  187770ms] [LOG] [Chart] Creating markers: 20 first: {time: 1779955200, position: belowBar, color: #22c55e, shape: arrowUp, text: ▲ 0.001} last: {time: 1779972300, position: aboveBar, color: #ef4444, shape: arrowDown, text: ▼ 0.001} candleCount: 502 candleRange: 1778194800 - 1779992100 @ http://localhost:3142/_next/static/chunks/0bl2_next_dist_126uayc._.js:2477
[  187771ms] [LOG] [Chart] Markers plugin created: true markers(): 20 @ http://localhost:3142/_next/static/chunks/0bl2_next_dist_126uayc._.js:2477
[  189794ms] [LOG] [Chart] Creating markers: 20 first: {time: 1779955200, position: belowBar, color: #22c55e, shape: arrowUp, text: ▲ 0.001} last: {time: 1779972300, position: aboveBar, color: #ef4444, shape: arrowDown, text: ▼ 0.001} candleCount: 502 candleRange: 1778194800 - 1779992100 @ http://localhost:3142/_next/static/chunks/0bl2_next_dist_126uayc._.js:2477
[  189796ms] [LOG] [Chart] Markers plugin created: true markers(): 20 @ http://localhost:3142/_next/static/chunks/0bl2_next_dist_126uayc._.js:2477
[  191768ms] [LOG] [Chart] Creating markers: 20 first: {time: 1779955200, position: belowBar, color: #22c55e, shape: arrowUp, text: ▲ 0.001} last: {time: 1779972300, position: aboveBar, color: #ef4444, shape: arrowDown, text: ▼ 0.001} candleCount: 502 candleRange: 1778194800 - 1779992100 @ http://localhost:3142/_next/static/chunks/0bl2_next_dist_126uayc._.js:2477
[  191770ms] [LOG] [Chart] Markers plugin created: true markers(): 20 @ http://localhost:3142/_next/static/chunks/0bl2_next_dist_126uayc._.js:2477
[  193754ms] [LOG] [Chart] Creating markers: 20 first: {time: 1779955200, position: belowBar, color: #22c55e, shape: arrowUp, text: ▲ 0.001} last: {time: 1779972300, position: aboveBar, color: #ef4444, shape: arrowDown, text: ▼ 0.001} candleCount: 502 candleRange: 1778194800 - 1779992100 @ http://localhost:3142/_next/static/chunks/0bl2_next_dist_126uayc._.js:2477
[  193755ms] [LOG] [Chart] Markers plugin created: true markers(): 20 @ http://localhost:3142/_next/static/chunks/0bl2_next_dist_126uayc._.js:2477
[  195742ms] [LOG] [Chart] Creating markers: 20 first: {time: 1779955200, position: belowBar, color: #22c55e, shape: arrowUp, text: ▲ 0.001} last: {time: 1779972300, position: aboveBar, color: #ef4444, shape: arrowDown, text: ▼ 0.001} candleCount: 502 candleRange: 1778194800 - 1779992100 @ http://localhost:3142/_next/static/chunks/0bl2_next_dist_126uayc._.js:2477
[  195743ms] [LOG] [Chart] Markers plugin created: true markers(): 20 @ http://localhost:3142/_next/static/chunks/0bl2_next_dist_126uayc._.js:2477
[  197672ms] [LOG] [Chart] Creating markers: 20 first: {time: 1779955200, position: belowBar, color: #22c55e, shape: arrowUp, text: ▲ 0.001} last: {time: 1779972300, position: aboveBar, color: #ef4444, shape: arrowDown, text: ▼ 0.001} candleCount: 502 candleRange: 1778194800 - 1779992100 @ http://localhost:3142/_next/static/chunks/0bl2_next_dist_126uayc._.js:2477
[  197674ms] [LOG] [Chart] Markers plugin created: true markers(): 20 @ http://localhost:3142/_next/static/chunks/0bl2_next_dist_126uayc._.js:2477
[  199751ms] [LOG] [Chart] Creating markers: 20 first: {time: 1779955200, position: belowBar, color: #22c55e, shape: arrowUp, text: ▲ 0.001} last: {time: 1779972300, position: aboveBar, color: #ef4444, shape: arrowDown, text: ▼ 0.001} candleCount: 502 candleRange: 1778194800 - 1779992100 @ http://localhost:3142/_next/static/chunks/0bl2_next_dist_126uayc._.js:2477
[  199754ms] [LOG] [Chart] Markers plugin created: true markers(): 20 @ http://localhost:3142/_next/static/chunks/0bl2_next_dist_126uayc._.js:2477
[  201749ms] [LOG] [Chart] Creating markers: 20 first: {time: 1779955200, position: belowBar, color: #22c55e, shape: arrowUp, text: ▲ 0.001} last: {time: 1779972300, position: aboveBar, color: #ef4444, shape: arrowDown, text: ▼ 0.001} candleCount: 502 candleRange: 1778194800 - 1779992100 @ http://localhost:3142/_next/static/chunks/0bl2_next_dist_126uayc._.js:2477
[  201750ms] [LOG] [Chart] Markers plugin created: true markers(): 20 @ http://localhost:3142/_next/static/chunks/0bl2_next_dist_126uayc._.js:2477
[  203781ms] [LOG] [Chart] Creating markers: 20 first: {time: 1779955200, position: belowBar, color: #22c55e, shape: arrowUp, text: ▲ 0.001} last: {time: 1779972300, position: aboveBar, color: #ef4444, shape: arrowDown, text: ▼ 0.001} candleCount: 502 candleRange: 1778194800 - 1779992100 @ http://localhost:3142/_next/static/chunks/0bl2_next_dist_126uayc._.js:2477
[  203782ms] [LOG] [Chart] Markers plugin created: true markers(): 20 @ http://localhost:3142/_next/static/chunks/0bl2_next_dist_126uayc._.js:2477
[  205789ms] [LOG] [Chart] Creating markers: 20 first: {time: 1779955200, position: belowBar, color: #22c55e, shape: arrowUp, text: ▲ 0.001} last: {time: 1779972300, position: aboveBar, color: #ef4444, shape: arrowDown, text: ▼ 0.001} candleCount: 502 candleRange: 1778194800 - 1779992100 @ http://localhost:3142/_next/static/chunks/0bl2_next_dist_126uayc._.js:2477
[  205790ms] [LOG] [Chart] Markers plugin created: true markers(): 20 @ http://localhost:3142/_next/static/chunks/0bl2_next_dist_126uayc._.js:2477
[  207700ms] [LOG] [Chart] Creating markers: 20 first: {time: 1779955200, position: belowBar, color: #22c55e, shape: arrowUp, text: ▲ 0.001} last: {time: 1779972300, position: aboveBar, color: #ef4444, shape: arrowDown, text: ▼ 0.001} candleCount: 502 candleRange: 1778194800 - 1779992100 @ http://localhost:3142/_next/static/chunks/0bl2_next_dist_126uayc._.js:2477
[  207702ms] [LOG] [Chart] Markers plugin created: true markers(): 20 @ http://localhost:3142/_next/static/chunks/0bl2_next_dist_126uayc._.js:2477
[  211691ms] [LOG] [Chart] Creating markers: 20 first: {time: 1779955200, position: belowBar, color: #22c55e, shape: arrowUp, text: ▲ 0.001} last: {time: 1779972300, position: aboveBar, color: #ef4444, shape: arrowDown, text: ▼ 0.001} candleCount: 502 candleRange: 1778194800 - 1779992100 @ http://localhost:3142/_next/static/chunks/0bl2_next_dist_126uayc._.js:2477
[  211693ms] [LOG] [Chart] Markers plugin created: true markers(): 20 @ http://localhost:3142/_next/static/chunks/0bl2_next_dist_126uayc._.js:2477
[  213707ms] [LOG] [Chart] Creating markers: 20 first: {time: 1779955200, position: belowBar, color: #22c55e, shape: arrowUp, text: ▲ 0.001} last: {time: 1779972300, position: aboveBar, color: #ef4444, shape: arrowDown, text: ▼ 0.001} candleCount: 502 candleRange: 1778194800 - 1779992100 @ http://localhost:3142/_next/static/chunks/0bl2_next_dist_126uayc._.js:2477
[  213709ms] [LOG] [Chart] Markers plugin created: true markers(): 20 @ http://localhost:3142/_next/static/chunks/0bl2_next_dist_126uayc._.js:2477
[  215701ms] [LOG] [Chart] Creating markers: 20 first: {time: 1779955200, position: belowBar, color: #22c55e, shape: arrowUp, text: ▲ 0.001} last: {time: 1779972300, position: aboveBar, color: #ef4444, shape: arrowDown, text: ▼ 0.001} candleCount: 502 candleRange: 1778194800 - 1779992100 @ http://localhost:3142/_next/static/chunks/0bl2_next_dist_126uayc._.js:2477
[  215702ms] [LOG] [Chart] Markers plugin created: true markers(): 20 @ http://localhost:3142/_next/static/chunks/0bl2_next_dist_126uayc._.js:2477
[  217716ms] [LOG] [Chart] Creating markers: 20 first: {time: 1779955200, position: belowBar, color: #22c55e, shape: arrowUp, text: ▲ 0.001} last: {time: 1779972300, position: aboveBar, color: #ef4444, shape: arrowDown, text: ▼ 0.001} candleCount: 502 candleRange: 1778194800 - 1779992100 @ http://localhost:3142/_next/static/chunks/0bl2_next_dist_126uayc._.js:2477
[  217718ms] [LOG] [Chart] Markers plugin created: true markers(): 20 @ http://localhost:3142/_next/static/chunks/0bl2_next_dist_126uayc._.js:2477
[  219705ms] [LOG] [Chart] Creating markers: 20 first: {time: 1779955200, position: belowBar, color: #22c55e, shape: arrowUp, text: ▲ 0.001} last: {time: 1779972300, position: aboveBar, color: #ef4444, shape: arrowDown, text: ▼ 0.001} candleCount: 502 candleRange: 1778194800 - 1779992100 @ http://localhost:3142/_next/static/chunks/0bl2_next_dist_126uayc._.js:2477
[  219707ms] [LOG] [Chart] Markers plugin created: true markers(): 20 @ http://localhost:3142/_next/static/chunks/0bl2_next_dist_126uayc._.js:2477
[  221714ms] [LOG] [Chart] Creating markers: 20 first: {time: 1779955200, position: belowBar, color: #22c55e, shape: arrowUp, text: ▲ 0.001} last: {time: 1779972300, position: aboveBar, color: #ef4444, shape: arrowDown, text: ▼ 0.001} candleCount: 502 candleRange: 1778194800 - 1779992100 @ http://localhost:3142/_next/static/chunks/0bl2_next_dist_126uayc._.js:2477
[  221716ms] [LOG] [Chart] Markers plugin created: true markers(): 20 @ http://localhost:3142/_next/static/chunks/0bl2_next_dist_126uayc._.js:2477
[  223695ms] [LOG] [Chart] Creating markers: 20 first: {time: 1779955200, position: belowBar, color: #22c55e, shape: arrowUp, text: ▲ 0.001} last: {time: 1779972300, position: aboveBar, color: #ef4444, shape: arrowDown, text: ▼ 0.001} candleCount: 502 candleRange: 1778194800 - 1779992100 @ http://localhost:3142/_next/static/chunks/0bl2_next_dist_126uayc._.js:2477
[  223697ms] [LOG] [Chart] Markers plugin created: true markers(): 20 @ http://localhost:3142/_next/static/chunks/0bl2_next_dist_126uayc._.js:2477
[  225663ms] [LOG] [Chart] Creating markers: 20 first: {time: 1779955200, position: belowBar, color: #22c55e, shape: arrowUp, text: ▲ 0.001} last: {time: 1779972300, position: aboveBar, color: #ef4444, shape: arrowDown, text: ▼ 0.001} candleCount: 502 candleRange: 1778194800 - 1779992100 @ http://localhost:3142/_next/static/chunks/0bl2_next_dist_126uayc._.js:2477
[  225664ms] [LOG] [Chart] Markers plugin created: true markers(): 20 @ http://localhost:3142/_next/static/chunks/0bl2_next_dist_126uayc._.js:2477
[  227708ms] [LOG] [Chart] Creating markers: 20 first: {time: 1779955200, position: belowBar, color: #22c55e, shape: arrowUp, text: ▲ 0.001} last: {time: 1779972300, position: aboveBar, color: #ef4444, shape: arrowDown, text: ▼ 0.001} candleCount: 503 candleRange: 1778194800 - 1779992160 @ http://localhost:3142/_next/static/chunks/0bl2_next_dist_126uayc._.js:2477
[  227709ms] [LOG] [Chart] Markers plugin created: true markers(): 20 @ http://localhost:3142/_next/static/chunks/0bl2_next_dist_126uayc._.js:2477
[  229699ms] [LOG] [Chart] Creating markers: 20 first: {time: 1779955200, position: belowBar, color: #22c55e, shape: arrowUp, text: ▲ 0.001} last: {time: 1779972300, position: aboveBar, color: #ef4444, shape: arrowDown, text: ▼ 0.001} candleCount: 503 candleRange: 1778194800 - 1779992160 @ http://localhost:3142/_next/static/chunks/0bl2_next_dist_126uayc._.js:2477
[  229700ms] [LOG] [Chart] Markers plugin created: true markers(): 20 @ http://localhost:3142/_next/static/chunks/0bl2_next_dist_126uayc._.js:2477
[  231722ms] [LOG] [Chart] Creating markers: 20 first: {time: 1779955200, position: belowBar, color: #22c55e, shape: arrowUp, text: ▲ 0.001} last: {time: 1779972300, position: aboveBar, color: #ef4444, shape: arrowDown, text: ▼ 0.001} candleCount: 503 candleRange: 1778194800 - 1779992160 @ http://localhost:3142/_next/static/chunks/0bl2_next_dist_126uayc._.js:2477
[  231723ms] [LOG] [Chart] Markers plugin created: true markers(): 20 @ http://localhost:3142/_next/static/chunks/0bl2_next_dist_126uayc._.js:2477
[  233847ms] [LOG] [Chart] Creating markers: 20 first: {time: 1779955200, position: belowBar, color: #22c55e, shape: arrowUp, text: ▲ 0.001} last: {time: 1779972300, position: aboveBar, color: #ef4444, shape: arrowDown, text: ▼ 0.001} candleCount: 503 candleRange: 1778194800 - 1779992160 @ http://localhost:3142/_next/static/chunks/0bl2_next_dist_126uayc._.js:2477
[  233848ms] [LOG] [Chart] Markers plugin created: true markers(): 20 @ http://localhost:3142/_next/static/chunks/0bl2_next_dist_126uayc._.js:2477
[  235711ms] [LOG] [Chart] Creating markers: 20 first: {time: 1779955200, position: belowBar, color: #22c55e, shape: arrowUp, text: ▲ 0.001} last: {time: 1779972300, position: aboveBar, color: #ef4444, shape: arrowDown, text: ▼ 0.001} candleCount: 503 candleRange: 1778194800 - 1779992160 @ http://localhost:3142/_next/static/chunks/0bl2_next_dist_126uayc._.js:2477
[  235712ms] [LOG] [Chart] Markers plugin created: true markers(): 20 @ http://localhost:3142/_next/static/chunks/0bl2_next_dist_126uayc._.js:2477
[  237707ms] [LOG] [Chart] Creating markers: 20 first: {time: 1779955200, position: belowBar, color: #22c55e, shape: arrowUp, text: ▲ 0.001} last: {time: 1779972300, position: aboveBar, color: #ef4444, shape: arrowDown, text: ▼ 0.001} candleCount: 503 candleRange: 1778194800 - 1779992160 @ http://localhost:3142/_next/static/chunks/0bl2_next_dist_126uayc._.js:2477
[  237709ms] [LOG] [Chart] Markers plugin created: true markers(): 20 @ http://localhost:3142/_next/static/chunks/0bl2_next_dist_126uayc._.js:2477
[  239809ms] [LOG] [Chart] Creating markers: 20 first: {time: 1779955200, position: belowBar, color: #22c55e, shape: arrowUp, text: ▲ 0.001} last: {time: 1779972300, position: aboveBar, color: #ef4444, shape: arrowDown, text: ▼ 0.001} candleCount: 503 candleRange: 1778194800 - 1779992160 @ http://localhost:3142/_next/static/chunks/0bl2_next_dist_126uayc._.js:2477
[  239811ms] [LOG] [Chart] Markers plugin created: true markers(): 20 @ http://localhost:3142/_next/static/chunks/0bl2_next_dist_126uayc._.js:2477
[  241705ms] [LOG] [Chart] Creating markers: 20 first: {time: 1779955200, position: belowBar, color: #22c55e, shape: arrowUp, text: ▲ 0.001} last: {time: 1779972300, position: aboveBar, color: #ef4444, shape: arrowDown, text: ▼ 0.001} candleCount: 503 candleRange: 1778194800 - 1779992160 @ http://localhost:3142/_next/static/chunks/0bl2_next_dist_126uayc._.js:2477
[  241707ms] [LOG] [Chart] Markers plugin created: true markers(): 20 @ http://localhost:3142/_next/static/chunks/0bl2_next_dist_126uayc._.js:2477
[  243715ms] [LOG] [Chart] Creating markers: 20 first: {time: 1779955200, position: belowBar, color: #22c55e, shape: arrowUp, text: ▲ 0.001} last: {time: 1779972300, position: aboveBar, color: #ef4444, shape: arrowDown, text: ▼ 0.001} candleCount: 503 candleRange: 1778194800 - 1779992160 @ http://localhost:3142/_next/static/chunks/0bl2_next_dist_126uayc._.js:2477
[  243717ms] [LOG] [Chart] Markers plugin created: true markers(): 20 @ http://localhost:3142/_next/static/chunks/0bl2_next_dist_126uayc._.js:2477
[  245692ms] [LOG] [Chart] Creating markers: 20 first: {time: 1779955200, position: belowBar, color: #22c55e, shape: arrowUp, text: ▲ 0.001} last: {time: 1779972300, position: aboveBar, color: #ef4444, shape: arrowDown, text: ▼ 0.001} candleCount: 503 candleRange: 1778194800 - 1779992160 @ http://localhost:3142/_next/static/chunks/0bl2_next_dist_126uayc._.js:2477
[  245695ms] [LOG] [Chart] Markers plugin created: true markers(): 20 @ http://localhost:3142/_next/static/chunks/0bl2_next_dist_126uayc._.js:2477
[  247719ms] [LOG] [Chart] Creating markers: 20 first: {time: 1779955200, position: belowBar, color: #22c55e, shape: arrowUp, text: ▲ 0.001} last: {time: 1779972300, position: aboveBar, color: #ef4444, shape: arrowDown, text: ▼ 0.001} candleCount: 503 candleRange: 1778194800 - 1779992160 @ http://localhost:3142/_next/static/chunks/0bl2_next_dist_126uayc._.js:2477
[  247721ms] [LOG] [Chart] Markers plugin created: true markers(): 20 @ http://localhost:3142/_next/static/chunks/0bl2_next_dist_126uayc._.js:2477
[  249724ms] [LOG] [Chart] Creating markers: 20 first: {time: 1779955200, position: belowBar, color: #22c55e, shape: arrowUp, text: ▲ 0.001} last: {time: 1779972300, position: aboveBar, color: #ef4444, shape: arrowDown, text: ▼ 0.001} candleCount: 503 candleRange: 1778194800 - 1779992160 @ http://localhost:3142/_next/static/chunks/0bl2_next_dist_126uayc._.js:2477
[  249726ms] [LOG] [Chart] Markers plugin created: true markers(): 20 @ http://localhost:3142/_next/static/chunks/0bl2_next_dist_126uayc._.js:2477
[  251702ms] [LOG] [Chart] Creating markers: 20 first: {time: 1779955200, position: belowBar, color: #22c55e, shape: arrowUp, text: ▲ 0.001} last: {time: 1779972300, position: aboveBar, color: #ef4444, shape: arrowDown, text: ▼ 0.001} candleCount: 503 candleRange: 1778194800 - 1779992160 @ http://localhost:3142/_next/static/chunks/0bl2_next_dist_126uayc._.js:2477
[  251705ms] [LOG] [Chart] Markers plugin created: true markers(): 20 @ http://localhost:3142/_next/static/chunks/0bl2_next_dist_126uayc._.js:2477
[  255699ms] [LOG] [Chart] Creating markers: 20 first: {time: 1779955200, position: belowBar, color: #22c55e, shape: arrowUp, text: ▲ 0.001} last: {time: 1779972300, position: aboveBar, color: #ef4444, shape: arrowDown, text: ▼ 0.001} candleCount: 503 candleRange: 1778194800 - 1779992160 @ http://localhost:3142/_next/static/chunks/0bl2_next_dist_126uayc._.js:2477
[  255700ms] [LOG] [Chart] Markers plugin created: true markers(): 20 @ http://localhost:3142/_next/static/chunks/0bl2_next_dist_126uayc._.js:2477
[  257706ms] [LOG] [Chart] Creating markers: 20 first: {time: 1779955200, position: belowBar, color: #22c55e, shape: arrowUp, text: ▲ 0.001} last: {time: 1779972300, position: aboveBar, color: #ef4444, shape: arrowDown, text: ▼ 0.001} candleCount: 503 candleRange: 1778194800 - 1779992160 @ http://localhost:3142/_next/static/chunks/0bl2_next_dist_126uayc._.js:2477
[  257708ms] [LOG] [Chart] Markers plugin created: true markers(): 20 @ http://localhost:3142/_next/static/chunks/0bl2_next_dist_126uayc._.js:2477
[  259903ms] [LOG] [Chart] Creating markers: 20 first: {time: 1779955200, position: belowBar, color: #22c55e, shape: arrowUp, text: ▲ 0.001} last: {time: 1779972300, position: aboveBar, color: #ef4444, shape: arrowDown, text: ▼ 0.001} candleCount: 503 candleRange: 1778194800 - 1779992160 @ http://localhost:3142/_next/static/chunks/0bl2_next_dist_126uayc._.js:2477
[  259905ms] [LOG] [Chart] Markers plugin created: true markers(): 20 @ http://localhost:3142/_next/static/chunks/0bl2_next_dist_126uayc._.js:2477
[  261705ms] [LOG] [Chart] Creating markers: 20 first: {time: 1779955200, position: belowBar, color: #22c55e, shape: arrowUp, text: ▲ 0.001} last: {time: 1779972300, position: aboveBar, color: #ef4444, shape: arrowDown, text: ▼ 0.001} candleCount: 503 candleRange: 1778194800 - 1779992160 @ http://localhost:3142/_next/static/chunks/0bl2_next_dist_126uayc._.js:2477
[  261707ms] [LOG] [Chart] Markers plugin created: true markers(): 20 @ http://localhost:3142/_next/static/chunks/0bl2_next_dist_126uayc._.js:2477
[  263707ms] [LOG] [Chart] Creating markers: 20 first: {time: 1779955200, position: belowBar, color: #22c55e, shape: arrowUp, text: ▲ 0.001} last: {time: 1779972300, position: aboveBar, color: #ef4444, shape: arrowDown, text: ▼ 0.001} candleCount: 503 candleRange: 1778194800 - 1779992160 @ http://localhost:3142/_next/static/chunks/0bl2_next_dist_126uayc._.js:2477
[  263709ms] [LOG] [Chart] Markers plugin created: true markers(): 20 @ http://localhost:3142/_next/static/chunks/0bl2_next_dist_126uayc._.js:2477
[  265711ms] [LOG] [Chart] Creating markers: 20 first: {time: 1779955200, position: belowBar, color: #22c55e, shape: arrowUp, text: ▲ 0.001} last: {time: 1779972300, position: aboveBar, color: #ef4444, shape: arrowDown, text: ▼ 0.001} candleCount: 503 candleRange: 1778194800 - 1779992160 @ http://localhost:3142/_next/static/chunks/0bl2_next_dist_126uayc._.js:2477
[  265713ms] [LOG] [Chart] Markers plugin created: true markers(): 20 @ http://localhost:3142/_next/static/chunks/0bl2_next_dist_126uayc._.js:2477
[  267712ms] [LOG] [Chart] Creating markers: 20 first: {time: 1779955200, position: belowBar, color: #22c55e, shape: arrowUp, text: ▲ 0.001} last: {time: 1779972300, position: aboveBar, color: #ef4444, shape: arrowDown, text: ▼ 0.001} candleCount: 503 candleRange: 1778194800 - 1779992160 @ http://localhost:3142/_next/static/chunks/0bl2_next_dist_126uayc._.js:2477
[  267714ms] [LOG] [Chart] Markers plugin created: true markers(): 20 @ http://localhost:3142/_next/static/chunks/0bl2_next_dist_126uayc._.js:2477
[  267963ms] [LOG] [Chart] Creating markers: 20 first: {time: 1779955200, position: belowBar, color: #22c55e, shape: arrowUp, text: ▲ 0.001} last: {time: 1779972300, position: aboveBar, color: #ef4444, shape: arrowDown, text: ▼ 0.001} candleCount: 503 candleRange: 1778194800 - 1779992160 @ http://localhost:3142/_next/static/chunks/0bl2_next_dist_126uayc._.js:2477
[  267968ms] [LOG] [Chart] Markers plugin created: true markers(): 20 @ http://localhost:3142/_next/static/chunks/0bl2_next_dist_126uayc._.js:2477
[  268455ms] [LOG] [Chart] Creating markers: 20 first: {time: 1779955200, position: belowBar, color: #22c55e, shape: arrowUp, text: ▲ 0.001} last: {time: 1779972300, position: aboveBar, color: #ef4444, shape: arrowDown, text: ▼ 0.001} candleCount: 503 candleRange: 1778194800 - 1779992160 @ http://localhost:3142/_next/static/chunks/0bl2_next_dist_126uayc._.js:2477
[  268457ms] [LOG] [Chart] Markers plugin created: true markers(): 20 @ http://localhost:3142/_next/static/chunks/0bl2_next_dist_126uayc._.js:2477
[  268466ms] [LOG] [Chart] Creating markers: 20 first: {time: 1779955200, position: belowBar, color: #22c55e, shape: arrowUp, text: ▲ 0.001} last: {time: 1779972300, position: aboveBar, color: #ef4444, shape: arrowDown, text: ▼ 0.001} candleCount: 503 candleRange: 1778194800 - 1779992160 @ http://localhost:3142/_next/static/chunks/0bl2_next_dist_126uayc._.js:2477
[  268469ms] [LOG] [Chart] Markers plugin created: true markers(): 20 @ http://localhost:3142/_next/static/chunks/0bl2_next_dist_126uayc._.js:2477
[  269700ms] [LOG] [Chart] Creating markers: 20 first: {time: 1779955200, position: belowBar, color: #22c55e, shape: arrowUp, text: ▲ 0.001} last: {time: 1779972300, position: aboveBar, color: #ef4444, shape: arrowDown, text: ▼ 0.001} candleCount: 503 candleRange: 1778194800 - 1779992160 @ http://localhost:3142/_next/static/chunks/0bl2_next_dist_126uayc._.js:2477
[  269702ms] [LOG] [Chart] Markers plugin created: true markers(): 20 @ http://localhost:3142/_next/static/chunks/0bl2_next_dist_126uayc._.js:2477
[  271695ms] [LOG] [Chart] Creating markers: 20 first: {time: 1779955200, position: belowBar, color: #22c55e, shape: arrowUp, text: ▲ 0.001} last: {time: 1779972300, position: aboveBar, color: #ef4444, shape: arrowDown, text: ▼ 0.001} candleCount: 503 candleRange: 1778194800 - 1779992160 @ http://localhost:3142/_next/static/chunks/0bl2_next_dist_126uayc._.js:2477
[  271697ms] [LOG] [Chart] Markers plugin created: true markers(): 20 @ http://localhost:3142/_next/static/chunks/0bl2_next_dist_126uayc._.js:2477
[  273705ms] [LOG] [Chart] Creating markers: 20 first: {time: 1779955200, position: belowBar, color: #22c55e, shape: arrowUp, text: ▲ 0.001} last: {time: 1779972300, position: aboveBar, color: #ef4444, shape: arrowDown, text: ▼ 0.001} candleCount: 503 candleRange: 1778194800 - 1779992160 @ http://localhost:3142/_next/static/chunks/0bl2_next_dist_126uayc._.js:2477
[  273707ms] [LOG] [Chart] Markers plugin created: true markers(): 20 @ http://localhost:3142/_next/static/chunks/0bl2_next_dist_126uayc._.js:2477
[  275690ms] [LOG] [Chart] Creating markers: 20 first: {time: 1779955200, position: belowBar, color: #22c55e, shape: arrowUp, text: ▲ 0.001} last: {time: 1779972300, position: aboveBar, color: #ef4444, shape: arrowDown, text: ▼ 0.001} candleCount: 503 candleRange: 1778194800 - 1779992160 @ http://localhost:3142/_next/static/chunks/0bl2_next_dist_126uayc._.js:2477
[  275692ms] [LOG] [Chart] Markers plugin created: true markers(): 20 @ http://localhost:3142/_next/static/chunks/0bl2_next_dist_126uayc._.js:2477
[  277697ms] [LOG] [Chart] Creating markers: 20 first: {time: 1779955200, position: belowBar, color: #22c55e, shape: arrowUp, text: ▲ 0.001} last: {time: 1779972300, position: aboveBar, color: #ef4444, shape: arrowDown, text: ▼ 0.001} candleCount: 503 candleRange: 1778194800 - 1779992160 @ http://localhost:3142/_next/static/chunks/0bl2_next_dist_126uayc._.js:2477
[  277699ms] [LOG] [Chart] Markers plugin created: true markers(): 20 @ http://localhost:3142/_next/static/chunks/0bl2_next_dist_126uayc._.js:2477
[  279779ms] [LOG] [Chart] Creating markers: 20 first: {time: 1779955200, position: belowBar, color: #22c55e, shape: arrowUp, text: ▲ 0.001} last: {time: 1779972300, position: aboveBar, color: #ef4444, shape: arrowDown, text: ▼ 0.001} candleCount: 503 candleRange: 1778194800 - 1779992160 @ http://localhost:3142/_next/static/chunks/0bl2_next_dist_126uayc._.js:2477
[  279781ms] [LOG] [Chart] Markers plugin created: true markers(): 20 @ http://localhost:3142/_next/static/chunks/0bl2_next_dist_126uayc._.js:2477
